#
# There is insufficient memory for the Java Runtime Environment to continue.
# Native memory allocation (mmap) failed to map 65536 bytes. Error detail: Failed to commit metaspace.
# Possible reasons:
#   The system is out of physical RAM or swap space
#   This process is running with CompressedOops enabled, and the Java Heap may be blocking the growth of the native heap
# Possible solutions:
#   Reduce memory load on the system
#   Increase physical memory or swap space
#   Check if swap backing store is full
#   Decrease Java heap size (-Xmx/-Xms)
#   Decrease number of Java threads
#   Decrease Java thread stack sizes (-Xss)
#   Set larger code cache with -XX:ReservedCodeCacheSize=
#   JVM is running with Unscaled Compressed Oops mode in which the Java heap is
#     placed in the first 4GB address space. The Java Heap base address is the
#     maximum limit for the native heap growth. Please use -XX:HeapBaseMinAddress
#     to set the Java Heap base and to place the Java Heap above 4GB virtual address.
# This output file may be truncated or incomplete.
#
#  Out of Memory Error (virtualSpaceNode.cpp:113), pid=22268, tid=18644
#
# JRE version: OpenJDK Runtime Environment Temurin-21.0.6+7 (21.0.6+7) (build 21.0.6+7-LTS)
# Java VM: OpenJDK 64-Bit Server VM Temurin-21.0.6+7 (21.0.6+7-LTS, mixed mode, sharing, tiered, compressed oops, compressed class ptrs, parallel gc, windows-amd64)
# No core dump will be written. Minidumps are not enabled by default on client versions of Windows
#

---------------  S U M M A R Y ------------

Command Line: --add-modules=ALL-SYSTEM --add-opens=java.base/java.util=ALL-UNNAMED --add-opens=java.base/java.lang=ALL-UNNAMED --add-opens=java.base/sun.nio.fs=ALL-UNNAMED -Declipse.application=org.eclipse.jdt.ls.core.id1 -Dosgi.bundles.defaultStartLevel=4 -Declipse.product=org.eclipse.jdt.ls.core.product -Djava.import.generatesMetadataFilesAtProjectRoot=false -DDetectVMInstallationsJob.disabled=true -Dfile.encoding=utf8 -XX:+UseParallelGC -XX:GCTimeRatio=4 -XX:AdaptiveSizePolicyWeight=90 -Dsun.zip.disableMemoryMapping=true -Xmx1G -Xms100m -Xlog:disable -javaagent:c:\Users\happy\.vscode\extensions\redhat.java-1.41.1-win32-x64\lombok\lombok-1.18.36.jar -XX:+HeapDumpOnOutOfMemoryError -XX:HeapDumpPath=c:\Users\happy\AppData\Roaming\Code\User\workspaceStorage\cdf17a752a5f41bfc441ef0550987fd8\redhat.java -Daether.dependencyCollector.impl=bf c:\Users\happy\.vscode\extensions\redhat.java-1.41.1-win32-x64\server\plugins\org.eclipse.equinox.launcher_1.7.0.v20250331-1702.jar -configuration c:\Users\happy\AppData\Roaming\Code\User\globalStorage\redhat.java\1.41.1\config_win -data c:\Users\happy\AppData\Roaming\Code\User\workspaceStorage\cdf17a752a5f41bfc441ef0550987fd8\redhat.java\jdt_ws --pipe=\\.\pipe\lsp-c631e3c13971a9d4680647d47c47c0c8-sock

Host: Intel(R) Core(TM) i5-8250U CPU @ 1.60GHz, 8 cores, 7G,  Windows 11 , 64 bit Build 22621 (10.0.22621.5124)
Time: Thu Apr 17 15:03:28 2025  Windows 11 , 64 bit Build 22621 (10.0.22621.5124) elapsed time: 12.324822 seconds (0d 0h 0m 12s)

---------------  T H R E A D  ---------------

Current thread (0x00000242fd6e7310):  JavaThread "Worker-3: Updating index names"        [_thread_in_vm, id=18644, stack(0x000000665e200000,0x000000665e300000) (1024K)]

Stack: [0x000000665e200000,0x000000665e300000]
Native frames: (J=compiled Java code, j=interpreted, Vv=VM code, C=native code)
V  [jvm.dll+0x6cdee9]
V  [jvm.dll+0x8a83d1]
V  [jvm.dll+0x8aa8fe]
V  [jvm.dll+0x8aafe3]
V  [jvm.dll+0x27f706]
V  [jvm.dll+0x8a411e]
V  [jvm.dll+0x670385]
V  [jvm.dll+0x1e472c]
V  [jvm.dll+0x1e44fe]
V  [jvm.dll+0x672c82]
V  [jvm.dll+0x672aa2]
V  [jvm.dll+0x670d5e]
V  [jvm.dll+0x68220a]
V  [jvm.dll+0x67b2e2]
V  [jvm.dll+0x243af1]
V  [jvm.dll+0x243c65]
V  [jvm.dll+0x3d5cdc]
V  [jvm.dll+0x3d5acd]
C  0x00000242aba2bab6

The last pc belongs to method entry point (kind = zerolocals) (printed below).
Java frames: (J=compiled Java code, j=interpreted, Vv=VM code)
j  org.eclipse.core.runtime.SubMonitor.split(II)Lorg/eclipse/core/runtime/SubMonitor;+0
j  org.eclipse.core.runtime.SubMonitor.split(I)Lorg/eclipse/core/runtime/SubMonitor;+3
j  org.eclipse.jdt.internal.core.search.indexing.IndexNamesRegistry.save(Lorg/eclipse/core/runtime/IProgressMonitor;)V+123
j  org.eclipse.jdt.internal.core.search.indexing.IndexNamesRegistry$$Lambda+0x00000242b7273888.run(Lorg/eclipse/core/runtime/IProgressMonitor;)V+5
j  org.eclipse.core.runtime.jobs.Job$2.run(Lorg/eclipse/core/runtime/IProgressMonitor;)Lorg/eclipse/core/runtime/IStatus;+5
j  org.eclipse.core.internal.jobs.Worker.run()V+32
v  ~StubRoutines::call_stub 0x00000242aba2100d
method entry point (kind = zerolocals)  [0x00000242aba2b740, 0x00000242aba2bb08]  968 bytes
[MachCode]
  0x00000242aba2b740: 488b 5308 | 0fb7 4a2e | 0fb7 522c | 2bd1 81fa | f501 0000 | 0f86 2500 | 0000 488b | c248 c1e0 
  0x00000242aba2b760: 0348 83c0 | 5849 0387 | c804 0000 | 483b e00f | 870a 0000 | 0058 498b | e550 e901 | afff ff58 
  0x00000242aba2b780: 4c8d 74cc | f885 d20f | 8e09 0000 | 0068 0000 | 0000 ffca | 7ff7 5055 | 488b ec41 | 5568 0000 
  0x00000242aba2b7a0: 0000 4c8b | 6b08 4d8d | 6d38 5348 | 8b53 0848 | 8b52 0848 | 8b52 1848 | 8b52 7048 | 8b12 5248 
  0x00000242aba2b7c0: 8b53 1048 | 85d2 0f84 | 0700 0000 | 4881 c208 | 0100 0052 | 488b 5308 | 488b 5208 | 488b 5210 
  0x00000242aba2b7e0: 5249 8bc6 | 482b c548 | c1e8 0350 | 4155 6800 | 0000 0048 | 8924 2441 | c687 7104 | 0000 0148 
  0x00000242aba2b800: 8b45 d848 | 85c0 0f84 | 9100 0000 | 8b48 fc85 | c90f 8886 | 0000 0048 | 03c1 488b | 4808 4883 
  0x00000242aba2b820: e902 488b | 54c8 1048 | f7da 498b | 14d6 4885 | d275 10f6 | 44c8 1801 | 755d f048 | 834c c818 
  0x00000242aba2b840: 01eb 548b | 5208 49ba | 0000 00b6 | 4202 0000 | 4903 d24c | 8bd2 4833 | 54c8 1848 | f7c2 fcff 
  0x00000242aba2b860: ffff 7433 | f6c2 0275 | 2e48 837c | c818 0074 | 2148 837c | c818 0174 | 1949 8bd2 | 4833 54c8 
  0x00000242aba2b880: 1848 f7c2 | fcff ffff | 740d 4883 | 4cc8 1802 | eb05 4889 | 54c8 1848 | 83e9 0279 | 8548 8b43 
  0x00000242aba2b8a0: 1048 85c0 | 7420 8b88 | cc00 0000 | 83c1 0289 | 88cc 0000 | 0023 88e0 | 0000 000f | 8496 0100 
  0x00000242aba2b8c0: 00e9 cf00 | 0000 488b | 4318 4885 | c00f 85b0 | 0000 00e8 | 0500 0000 | e999 0000 | 0048 8bd3 
  0x00000242aba2b8e0: 488d 4424 | 084c 896d | c049 8bcf | c5f8 7749 | 89af a803 | 0000 4989 | 8798 0300 | 0048 83ec 
  0x00000242aba2b900: 2040 f6c4 | 0f0f 8419 | 0000 0048 | 83ec 0848 | b8f0 4feb | 4eff 7f00 | 00ff d048 | 83c4 08e9 
  0x00000242aba2b920: 0c00 0000 | 48b8 f04f | eb4e ff7f | 0000 ffd0 | 4883 c420 | 49c7 8798 | 0300 0000 | 0000 0049 
  0x00000242aba2b940: c787 a803 | 0000 0000 | 0000 49c7 | 87a0 0300 | 0000 0000 | 00c5 f877 | 4983 7f08 | 000f 8405 
  0x00000242aba2b960: 0000 00e9 | 9855 ffff | 4c8b 6dc0 | 4c8b 75c8 | 4e8d 74f5 | 00c3 488b | 4318 4885 | c00f 8412 
  0x00000242aba2b980: 0000 008b | 4808 83c1 | 0289 4808 | 2348 1c0f | 84c2 0000 | 0049 3ba7 | e004 0000 | 0f87 4800 
  0x00000242aba2b9a0: 0000 8984 | 2400 f0ff | ff89 8424 | 00e0 ffff | 8984 2400 | d0ff ff89 | 8424 00c0 | ffff 8984 
  0x00000242aba2b9c0: 2400 b0ff | ff89 8424 | 00a0 ffff | 8984 2400 | 90ff ff89 | 8424 0080 | ffff 493b | a7d8 0400 
  0x00000242aba2b9e0: 0076 0749 | 89a7 e004 | 0000 41c6 | 8771 0400 | 0000 49ba | 355b 774f | ff7f 0000 | 4180 3a00 
  0x00000242aba2ba00: 0f84 3e00 | 0000 488b | 55e8 498b | cf48 83ec | 2040 f6c4 | 0f0f 8419 | 0000 0048 | 83ec 0848 
  0x00000242aba2ba20: b8c0 4b21 | 4fff 7f00 | 00ff d048 | 83c4 08e9 | 0c00 0000 | 48b8 c04b | 214f ff7f | 0000 ffd0 
  0x00000242aba2ba40: 4883 c420 | 410f b65d | 0049 ba30 | 297a 4fff | 7f00 0041 | ff24 daba | 0000 0000 | e805 0000 
  0x00000242aba2ba60: 00e9 9600 | 0000 488d | 4424 084c | 896d c049 | 8bcf c5f8 | 7749 89af | a803 0000 | 4989 8798 
  0x00000242aba2ba80: 0300 0048 | 83ec 2040 | f6c4 0f0f | 8419 0000 | 0048 83ec | 0848 b8b0 | 5aeb 4eff | 7f00 00ff 
  0x00000242aba2baa0: d048 83c4 | 08e9 0c00 | 0000 48b8 | b05a eb4e | ff7f 0000 | ffd0 4883 | c420 49c7 | 8798 0300 
  0x00000242aba2bac0: 0000 0000 | 0049 c787 | a803 0000 | 0000 0000 | 49c7 87a0 | 0300 0000 | 0000 00c5 | f877 4983 
  0x00000242aba2bae0: 7f08 000f | 8405 0000 | 00e9 1254 | ffff 4c8b | 6dc0 4c8b | 75c8 4e8d | 74f5 00c3 | 488b 5de8 
  0x00000242aba2bb00: e990 feff | ff66 6690 
[/MachCode]

---------------  P R O C E S S  ---------------

Threads class SMR info:
_java_thread_list=0x00000242ff0241e0, length=39, elements={
0x00000242a12fea20, 0x00000242b56b0d90, 0x00000242b56b1ba0, 0x00000242b56b4790,
0x00000242b56d66c0, 0x00000242b56d75d0, 0x00000242b56d9230, 0x00000242b56dc070,
0x00000242f8152540, 0x00000242f81ea5f0, 0x00000242f8408690, 0x00000242f8cf4360,
0x00000242f8b6f250, 0x00000242fd3dc0a0, 0x00000242f8ad22b0, 0x00000242fd28d290,
0x00000242fd503b10, 0x00000242fda23040, 0x00000242fd6e86c0, 0x00000242fd6e8d50,
0x00000242fd6e79a0, 0x00000242fd6e8030, 0x00000242fd6e9a70, 0x00000242fd6e7310,
0x00000242fd6ea100, 0x00000242fd6e6c80, 0x00000242fd6e93e0, 0x00000242fed2e200,
0x00000242fed2e890, 0x00000242fed2d4e0, 0x00000242fed2ef20, 0x00000242fed2f5b0,
0x00000242fed31680, 0x00000242fed2b410, 0x00000242fed2a6f0, 0x00000242fed2fc40,
0x00000242fed302d0, 0x00000242fed30960, 0x00000242fed2baa0
}

Java Threads: ( => current thread )
  0x00000242a12fea20 JavaThread "main"                              [_thread_blocked, id=19756, stack(0x000000665c100000,0x000000665c200000) (1024K)]
  0x00000242b56b0d90 JavaThread "Reference Handler"          daemon [_thread_blocked, id=21388, stack(0x000000665c500000,0x000000665c600000) (1024K)]
  0x00000242b56b1ba0 JavaThread "Finalizer"                  daemon [_thread_blocked, id=12444, stack(0x000000665c600000,0x000000665c700000) (1024K)]
  0x00000242b56b4790 JavaThread "Signal Dispatcher"          daemon [_thread_blocked, id=10544, stack(0x000000665c700000,0x000000665c800000) (1024K)]
  0x00000242b56d66c0 JavaThread "Attach Listener"            daemon [_thread_blocked, id=10904, stack(0x000000665c800000,0x000000665c900000) (1024K)]
  0x00000242b56d75d0 JavaThread "Service Thread"             daemon [_thread_blocked, id=2648, stack(0x000000665c900000,0x000000665ca00000) (1024K)]
  0x00000242b56d9230 JavaThread "Monitor Deflation Thread"   daemon [_thread_blocked, id=11136, stack(0x000000665ca00000,0x000000665cb00000) (1024K)]
  0x00000242b56dc070 JavaThread "C2 CompilerThread0"         daemon [_thread_in_native, id=6060, stack(0x000000665cb00000,0x000000665cc00000) (1024K)]
  0x00000242f8152540 JavaThread "C1 CompilerThread0"         daemon [_thread_in_vm, id=20456, stack(0x000000665cc00000,0x000000665cd00000) (1024K)]
  0x00000242f81ea5f0 JavaThread "Common-Cleaner"             daemon [_thread_blocked, id=19912, stack(0x000000665cd00000,0x000000665ce00000) (1024K)]
  0x00000242f8408690 JavaThread "Notification Thread"        daemon [_thread_blocked, id=18260, stack(0x000000665cf00000,0x000000665d000000) (1024K)]
  0x00000242f8cf4360 JavaThread "Active Thread: Equinox Container: c5eb3b45-0a92-48bc-b230-a278d85c0056"        [_thread_blocked, id=21560, stack(0x000000665d600000,0x000000665d700000) (1024K)]
  0x00000242f8b6f250 JavaThread "Refresh Thread: Equinox Container: c5eb3b45-0a92-48bc-b230-a278d85c0056" daemon [_thread_blocked, id=1568, stack(0x000000665d700000,0x000000665d800000) (1024K)]
  0x00000242fd3dc0a0 JavaThread "Framework Event Dispatcher: Equinox Container: c5eb3b45-0a92-48bc-b230-a278d85c0056" daemon [_thread_blocked, id=17080, stack(0x000000665d900000,0x000000665da00000) (1024K)]
  0x00000242f8ad22b0 JavaThread "Start Level: Equinox Container: c5eb3b45-0a92-48bc-b230-a278d85c0056" daemon [_thread_blocked, id=8564, stack(0x000000665da00000,0x000000665db00000) (1024K)]
  0x00000242fd28d290 JavaThread "Bundle File Closer"         daemon [_thread_blocked, id=20068, stack(0x000000665db00000,0x000000665dc00000) (1024K)]
  0x00000242fd503b10 JavaThread "SCR Component Actor"        daemon [_thread_blocked, id=12416, stack(0x000000665dc00000,0x000000665dd00000) (1024K)]
  0x00000242fda23040 JavaThread "SCR Component Registry"     daemon [_thread_blocked, id=14508, stack(0x000000665ce00000,0x000000665cf00000) (1024K)]
  0x00000242fd6e86c0 JavaThread "Worker-JM"                         [_thread_blocked, id=14124, stack(0x000000665de00000,0x000000665df00000) (1024K)]
  0x00000242fd6e8d50 JavaThread "JNA Cleaner"                daemon [_thread_blocked, id=6424, stack(0x000000665dd00000,0x000000665de00000) (1024K)]
  0x00000242fd6e79a0 JavaThread "Worker-0: Java indexing... "        [_thread_blocked, id=19100, stack(0x000000665df00000,0x000000665e000000) (1024K)]
  0x00000242fd6e8030 JavaThread "Worker-1"                          [_thread_blocked, id=1728, stack(0x000000665e000000,0x000000665e100000) (1024K)]
  0x00000242fd6e9a70 JavaThread "Worker-2: Initialize After Load"        [_thread_in_native, id=17632, stack(0x000000665e100000,0x000000665e200000) (1024K)]
=>0x00000242fd6e7310 JavaThread "Worker-3: Updating index names"        [_thread_in_vm, id=18644, stack(0x000000665e200000,0x000000665e300000) (1024K)]
  0x00000242fd6ea100 JavaThread "Java indexing"              daemon [_thread_in_vm, id=9564, stack(0x000000665e300000,0x000000665e400000) (1024K)]
  0x00000242fd6e6c80 JavaThread "Worker-4"                          [_thread_blocked, id=5140, stack(0x000000665e400000,0x000000665e500000) (1024K)]
  0x00000242fd6e93e0 JavaThread "Worker-5"                          [_thread_blocked, id=20392, stack(0x000000665e500000,0x000000665e600000) (1024K)]
  0x00000242fed2e200 JavaThread "Thread-2"                   daemon [_thread_in_native, id=20640, stack(0x000000665e600000,0x000000665e700000) (1024K)]
  0x00000242fed2e890 JavaThread "Thread-3"                   daemon [_thread_in_native, id=1080, stack(0x000000665e700000,0x000000665e800000) (1024K)]
  0x00000242fed2d4e0 JavaThread "Thread-4"                   daemon [_thread_in_native, id=15432, stack(0x000000665e800000,0x000000665e900000) (1024K)]
  0x00000242fed2ef20 JavaThread "Thread-5"                   daemon [_thread_in_native, id=21312, stack(0x000000665e900000,0x000000665ea00000) (1024K)]
  0x00000242fed2f5b0 JavaThread "Thread-6"                   daemon [_thread_in_native, id=19748, stack(0x000000665ea00000,0x000000665eb00000) (1024K)]
  0x00000242fed31680 JavaThread "Thread-7"                   daemon [_thread_in_native, id=18564, stack(0x000000665eb00000,0x000000665ec00000) (1024K)]
  0x00000242fed2b410 JavaThread "Thread-8"                   daemon [_thread_in_native, id=7944, stack(0x000000665ec00000,0x000000665ed00000) (1024K)]
  0x00000242fed2a6f0 JavaThread "Thread-9"                   daemon [_thread_in_native, id=7476, stack(0x000000665ed00000,0x000000665ee00000) (1024K)]
  0x00000242fed2fc40 JavaThread "Thread-10"                  daemon [_thread_in_native, id=12576, stack(0x000000665ee00000,0x000000665ef00000) (1024K)]
  0x00000242fed302d0 JavaThread "pool-2-thread-1"                   [_thread_blocked, id=20464, stack(0x000000665ef00000,0x000000665f000000) (1024K)]
  0x00000242fed30960 JavaThread "WorkspaceEventsHandler"            [_thread_blocked, id=12136, stack(0x000000665f000000,0x000000665f100000) (1024K)]
  0x00000242fed2baa0 JavaThread "pool-1-thread-1"                   [_thread_blocked, id=7528, stack(0x000000665f100000,0x000000665f200000) (1024K)]
Total: 39

Other Threads:
  0x00000242a13be860 VMThread "VM Thread"                           [id=18388, stack(0x000000665c400000,0x000000665c500000) (1024K)]
  0x00000242a136b040 WatcherThread "VM Periodic Task Thread"        [id=17300, stack(0x000000665c300000,0x000000665c400000) (1024K)]
  0x00000242a131e370 WorkerThread "GC Thread#0"                     [id=1696, stack(0x000000665c200000,0x000000665c300000) (1024K)]
  0x00000242f89afb70 WorkerThread "GC Thread#1"                     [id=10420, stack(0x000000665d000000,0x000000665d100000) (1024K)]
  0x00000242f8585d00 WorkerThread "GC Thread#2"                     [id=11544, stack(0x000000665d100000,0x000000665d200000) (1024K)]
  0x00000242f85860a0 WorkerThread "GC Thread#3"                     [id=20904, stack(0x000000665d200000,0x000000665d300000) (1024K)]
  0x00000242f8586440 WorkerThread "GC Thread#4"                     [id=17824, stack(0x000000665d300000,0x000000665d400000) (1024K)]
  0x00000242f85867e0 WorkerThread "GC Thread#5"                     [id=9972, stack(0x000000665d400000,0x000000665d500000) (1024K)]
  0x00000242f8586b80 WorkerThread "GC Thread#6"                     [id=11808, stack(0x000000665d500000,0x000000665d600000) (1024K)]
  0x00000242fd097990 WorkerThread "GC Thread#7"                     [id=12760, stack(0x000000665d800000,0x000000665d900000) (1024K)]
Total: 10

Threads with active compile tasks:
C2 CompilerThread0  12392 6558       4       java.io.File::getName (42 bytes)
C1 CompilerThread0  12392 6548       3       org.eclipse.core.runtime.SubMonitor::split (7 bytes)
Total: 2

VM state: not at safepoint (normal execution)

VM Mutex/Monitor currently owned by a thread:  ([mutex/lock_event])
[0x00007fff4f78c300] Metaspace_lock - owner thread: 0x00000242fd6e7310

Heap address: 0x00000000c0000000, size: 1024 MB, Compressed Oops mode: 32-bit

CDS archive(s) mapped at: [0x00000242b6000000-0x00000242b6ba0000-0x00000242b6ba0000), size 12189696, SharedBaseAddress: 0x00000242b6000000, ArchiveRelocationMode: 1.
Compressed class space mapped at: 0x00000242b7000000-0x00000242f7000000, reserved size: 1073741824
Narrow klass base: 0x00000242b6000000, Narrow klass shift: 0, Narrow klass range: 0x100000000

GC Precious Log:
 CardTable entry size: 512
 CPUs: 8 total, 8 available
 Memory: 8107M
 Large Page Support: Disabled
 NUMA Support: Disabled
 Compressed Oops: Enabled (32-bit)
 Alignments: Space 512K, Generation 512K, Heap 2M
 Heap Min Capacity: 100M
 Heap Initial Capacity: 100M
 Heap Max Capacity: 1G
 Pre-touch: Disabled
 Parallel Workers: 8

Heap:
 PSYoungGen      total 23552K, used 6419K [0x00000000eab00000, 0x00000000ec480000, 0x0000000100000000)
  eden space 22016K, 22% used [0x00000000eab00000,0x00000000eafc6690,0x00000000ec080000)
  from space 1536K, 99% used [0x00000000ec300000,0x00000000ec47e580,0x00000000ec480000)
  to   space 2048K, 0% used [0x00000000ec080000,0x00000000ec080000,0x00000000ec280000)
 ParOldGen       total 68608K, used 23504K [0x00000000c0000000, 0x00000000c4300000, 0x00000000eab00000)
  object space 68608K, 34% used [0x00000000c0000000,0x00000000c16f4210,0x00000000c4300000)
 Metaspace       used 45078K, committed 46144K, reserved 1114112K
  class space    used 4739K, committed 5184K, reserved 1048576K

Card table byte_map: [0x00000242a0ca0000,0x00000242a0eb0000] _byte_map_base: 0x00000242a06a0000

Marking Bits: (ParMarkBitMap*) 0x00007fff4f793260
 Begin Bits: [0x00000242b34f0000, 0x00000242b44f0000)
 End Bits:   [0x00000242b44f0000, 0x00000242b54f0000)

Polling page: 0x000002429f1f0000

Metaspace:

Usage:
  Non-class:     39.39 MB used.
      Class:      4.63 MB used.
       Both:     44.02 MB used.

Virtual space:
  Non-class space:       64.00 MB reserved,      40.00 MB ( 62%) committed,  1 nodes.
      Class space:        1.00 GB reserved,       5.06 MB ( <1%) committed,  1 nodes.
             Both:        1.06 GB reserved,      45.06 MB (  4%) committed. 

Chunk freelists:
   Non-Class:  7.80 MB
       Class:  10.88 MB
        Both:  18.67 MB

MaxMetaspaceSize: unlimited
CompressedClassSpaceSize: 1.00 GB
Initial GC threshold: 21.00 MB
Current GC threshold: 58.38 MB
CDS: on
 - commit_granule_bytes: 65536.
 - commit_granule_words: 8192.
 - virtual_space_node_default_size: 8388608.
 - enlarge_chunks_in_place: 1.
 - use_allocation_guard: 0.


Internal statistics:

num_allocs_failed_limit: 6.
num_arena_births: 752.
num_arena_deaths: 18.
num_vsnodes_births: 2.
num_vsnodes_deaths: 0.
num_space_committed: 721.
num_space_uncommitted: 0.
num_chunks_returned_to_freelist: 26.
num_chunks_taken_from_freelist: 2727.
num_chunk_merges: 7.
num_chunk_splits: 1679.
num_chunks_enlarged: 991.
num_inconsistent_stats: 0.

CodeHeap 'non-profiled nmethods': size=120000Kb used=2321Kb max_used=2321Kb free=117678Kb
 bounds [0x00000242abfc0000, 0x00000242ac230000, 0x00000242b34f0000]
CodeHeap 'profiled nmethods': size=120000Kb used=11581Kb max_used=11581Kb free=108418Kb
 bounds [0x00000242a44f0000, 0x00000242a5040000, 0x00000242aba20000]
CodeHeap 'non-nmethods': size=5760Kb used=1366Kb max_used=1442Kb free=4393Kb
 bounds [0x00000242aba20000, 0x00000242abc90000, 0x00000242abfc0000]
 total_blobs=6622 nmethods=5958 adapters=570
 compilation: enabled
              stopped_count=0, restarted_count=0
 full_count=0

Compilation events (20 events):
Event: 12.304 Thread 0x00000242f8152540 nmethod 6536 0x00000242a503a790 code [0x00000242a503a920, 0x00000242a503aa20]
Event: 12.314 Thread 0x00000242f8152540 6538       3       org.eclipse.jdt.internal.core.index.FileIndexLocation::fileName (8 bytes)
Event: 12.314 Thread 0x00000242f8152540 nmethod 6538 0x00000242a503aa90 code [0x00000242a503ac40, 0x00000242a503ad88]
Event: 12.314 Thread 0x00000242f8152540 6539       3       java.util.concurrent.ConcurrentLinkedQueue::first (65 bytes)
Event: 12.317 Thread 0x00000242f8152540 nmethod 6539 0x00000242a503ae90 code [0x00000242a503b220, 0x00000242a503c9b8]
Event: 12.317 Thread 0x00000242f8152540 6543       3       java.io.BufferedWriter::min (9 bytes)
Event: 12.318 Thread 0x00000242f8152540 nmethod 6543 0x00000242a503d190 code [0x00000242a503d340, 0x00000242a503d4a8]
Event: 12.318 Thread 0x00000242f8152540 6542       3       org.eclipse.core.runtime.SubMonitor::<init> (57 bytes)
Event: 12.318 Thread 0x00000242f8152540 nmethod 6542 0x00000242a503d510 code [0x00000242a503d6c0, 0x00000242a503d900]
Event: 12.318 Thread 0x00000242f8152540 6544       3       java.lang.Math::min (45 bytes)
Event: 12.318 Thread 0x00000242f8152540 nmethod 6544 0x00000242a503da10 code [0x00000242a503dbc0, 0x00000242a503dee0]
Event: 12.318 Thread 0x00000242f8152540 6545       1       org.eclipse.core.internal.jobs.InternalJob::getStartTime (5 bytes)
Event: 12.319 Thread 0x00000242f8152540 nmethod 6545 0x00000242ac1fc710 code [0x00000242ac1fc8a0, 0x00000242ac1fc970]
Event: 12.319 Thread 0x00000242f8152540 6540       1       org.eclipse.core.internal.jobs.InternalJob::getJobGroup (5 bytes)
Event: 12.319 Thread 0x00000242f8152540 nmethod 6540 0x00000242ac1fca10 code [0x00000242ac1fcba0, 0x00000242ac1fcc68]
Event: 12.319 Thread 0x00000242f8152540 6541       3       java.util.Set::of (10 bytes)
Event: 12.319 Thread 0x00000242f8152540 nmethod 6541 0x00000242a503df90 code [0x00000242a503e140, 0x00000242a503e2d0]
Event: 12.319 Thread 0x00000242b56dc070 nmethod 6524 0x00000242ac1fcd10 code [0x00000242ac1fd000, 0x00000242ac1fee50]
Event: 12.320 Thread 0x00000242b56dc070 6537       4       java.util.Properties$LineReader::readLine (584 bytes)
Event: 12.322 Thread 0x00000242f8152540 6546       3       org.eclipse.core.runtime.SubMonitor::newChild (194 bytes)

GC Heap History (20 events):
Event: 9.089 GC heap before
{Heap before GC invocations=11 (full 1):
 PSYoungGen      total 25600K, used 25024K [0x00000000eab00000, 0x00000000ec880000, 0x0000000100000000)
  eden space 23552K, 100% used [0x00000000eab00000,0x00000000ec200000,0x00000000ec200000)
  from space 2048K, 71% used [0x00000000ec480000,0x00000000ec5f0348,0x00000000ec680000)
  to   space 2048K, 0% used [0x00000000ec680000,0x00000000ec680000,0x00000000ec880000)
 ParOldGen       total 68608K, used 14369K [0x00000000c0000000, 0x00000000c4300000, 0x00000000eab00000)
  object space 68608K, 20% used [0x00000000c0000000,0x00000000c0e08770,0x00000000c4300000)
 Metaspace       used 28265K, committed 29184K, reserved 1114112K
  class space    used 2687K, committed 3072K, reserved 1048576K
}
Event: 9.091 GC heap after
{Heap after GC invocations=11 (full 1):
 PSYoungGen      total 25088K, used 1787K [0x00000000eab00000, 0x00000000ec880000, 0x0000000100000000)
  eden space 23040K, 0% used [0x00000000eab00000,0x00000000eab00000,0x00000000ec180000)
  from space 2048K, 87% used [0x00000000ec680000,0x00000000ec83eda0,0x00000000ec880000)
  to   space 2048K, 0% used [0x00000000ec480000,0x00000000ec480000,0x00000000ec680000)
 ParOldGen       total 68608K, used 14610K [0x00000000c0000000, 0x00000000c4300000, 0x00000000eab00000)
  object space 68608K, 21% used [0x00000000c0000000,0x00000000c0e44968,0x00000000c4300000)
 Metaspace       used 28265K, committed 29184K, reserved 1114112K
  class space    used 2687K, committed 3072K, reserved 1048576K
}
Event: 9.387 GC heap before
{Heap before GC invocations=12 (full 1):
 PSYoungGen      total 25088K, used 24827K [0x00000000eab00000, 0x00000000ec880000, 0x0000000100000000)
  eden space 23040K, 100% used [0x00000000eab00000,0x00000000ec180000,0x00000000ec180000)
  from space 2048K, 87% used [0x00000000ec680000,0x00000000ec83eda0,0x00000000ec880000)
  to   space 2048K, 0% used [0x00000000ec480000,0x00000000ec480000,0x00000000ec680000)
 ParOldGen       total 68608K, used 14610K [0x00000000c0000000, 0x00000000c4300000, 0x00000000eab00000)
  object space 68608K, 21% used [0x00000000c0000000,0x00000000c0e44968,0x00000000c4300000)
 Metaspace       used 31469K, committed 32384K, reserved 1114112K
  class space    used 3068K, committed 3456K, reserved 1048576K
}
Event: 9.391 GC heap after
{Heap after GC invocations=12 (full 1):
 PSYoungGen      total 24064K, used 1449K [0x00000000eab00000, 0x00000000ec700000, 0x0000000100000000)
  eden space 22528K, 0% used [0x00000000eab00000,0x00000000eab00000,0x00000000ec100000)
  from space 1536K, 94% used [0x00000000ec480000,0x00000000ec5ea490,0x00000000ec600000)
  to   space 1024K, 0% used [0x00000000ec600000,0x00000000ec600000,0x00000000ec700000)
 ParOldGen       total 68608K, used 16221K [0x00000000c0000000, 0x00000000c4300000, 0x00000000eab00000)
  object space 68608K, 23% used [0x00000000c0000000,0x00000000c0fd7698,0x00000000c4300000)
 Metaspace       used 31469K, committed 32384K, reserved 1114112K
  class space    used 3068K, committed 3456K, reserved 1048576K
}
Event: 9.654 GC heap before
{Heap before GC invocations=13 (full 1):
 PSYoungGen      total 24064K, used 23977K [0x00000000eab00000, 0x00000000ec700000, 0x0000000100000000)
  eden space 22528K, 100% used [0x00000000eab00000,0x00000000ec100000,0x00000000ec100000)
  from space 1536K, 94% used [0x00000000ec480000,0x00000000ec5ea490,0x00000000ec600000)
  to   space 1024K, 0% used [0x00000000ec600000,0x00000000ec600000,0x00000000ec700000)
 ParOldGen       total 68608K, used 16222K [0x00000000c0000000, 0x00000000c4300000, 0x00000000eab00000)
  object space 68608K, 23% used [0x00000000c0000000,0x00000000c0fd7a00,0x00000000c4300000)
 Metaspace       used 33327K, committed 34368K, reserved 1114112K
  class space    used 3297K, committed 3712K, reserved 1048576K
}
Event: 9.657 GC heap after
{Heap after GC invocations=13 (full 1):
 PSYoungGen      total 23552K, used 1022K [0x00000000eab00000, 0x00000000ec700000, 0x0000000100000000)
  eden space 22528K, 0% used [0x00000000eab00000,0x00000000eab00000,0x00000000ec100000)
  from space 1024K, 99% used [0x00000000ec600000,0x00000000ec6ff960,0x00000000ec700000)
  to   space 3072K, 0% used [0x00000000ec100000,0x00000000ec100000,0x00000000ec400000)
 ParOldGen       total 68608K, used 17838K [0x00000000c0000000, 0x00000000c4300000, 0x00000000eab00000)
  object space 68608K, 26% used [0x00000000c0000000,0x00000000c116b870,0x00000000c4300000)
 Metaspace       used 33327K, committed 34368K, reserved 1114112K
  class space    used 3297K, committed 3712K, reserved 1048576K
}
Event: 9.753 GC heap before
{Heap before GC invocations=14 (full 1):
 PSYoungGen      total 23552K, used 16442K [0x00000000eab00000, 0x00000000ec700000, 0x0000000100000000)
  eden space 22528K, 68% used [0x00000000eab00000,0x00000000eba0f250,0x00000000ec100000)
  from space 1024K, 99% used [0x00000000ec600000,0x00000000ec6ff960,0x00000000ec700000)
  to   space 3072K, 0% used [0x00000000ec100000,0x00000000ec100000,0x00000000ec400000)
 ParOldGen       total 68608K, used 17838K [0x00000000c0000000, 0x00000000c4300000, 0x00000000eab00000)
  object space 68608K, 26% used [0x00000000c0000000,0x00000000c116b870,0x00000000c4300000)
 Metaspace       used 34858K, committed 35840K, reserved 1114112K
  class space    used 3476K, committed 3904K, reserved 1048576K
}
Event: 9.755 GC heap after
{Heap after GC invocations=14 (full 1):
 PSYoungGen      total 25600K, used 741K [0x00000000eab00000, 0x00000000ec680000, 0x0000000100000000)
  eden space 22528K, 0% used [0x00000000eab00000,0x00000000eab00000,0x00000000ec100000)
  from space 3072K, 24% used [0x00000000ec100000,0x00000000ec1b9428,0x00000000ec400000)
  to   space 1536K, 0% used [0x00000000ec500000,0x00000000ec500000,0x00000000ec680000)
 ParOldGen       total 68608K, used 18792K [0x00000000c0000000, 0x00000000c4300000, 0x00000000eab00000)
  object space 68608K, 27% used [0x00000000c0000000,0x00000000c125a238,0x00000000c4300000)
 Metaspace       used 34858K, committed 35840K, reserved 1114112K
  class space    used 3476K, committed 3904K, reserved 1048576K
}
Event: 9.755 GC heap before
{Heap before GC invocations=15 (full 2):
 PSYoungGen      total 25600K, used 741K [0x00000000eab00000, 0x00000000ec680000, 0x0000000100000000)
  eden space 22528K, 0% used [0x00000000eab00000,0x00000000eab00000,0x00000000ec100000)
  from space 3072K, 24% used [0x00000000ec100000,0x00000000ec1b9428,0x00000000ec400000)
  to   space 1536K, 0% used [0x00000000ec500000,0x00000000ec500000,0x00000000ec680000)
 ParOldGen       total 68608K, used 18792K [0x00000000c0000000, 0x00000000c4300000, 0x00000000eab00000)
  object space 68608K, 27% used [0x00000000c0000000,0x00000000c125a238,0x00000000c4300000)
 Metaspace       used 34858K, committed 35840K, reserved 1114112K
  class space    used 3476K, committed 3904K, reserved 1048576K
}
Event: 9.820 GC heap after
{Heap after GC invocations=15 (full 2):
 PSYoungGen      total 25600K, used 0K [0x00000000eab00000, 0x00000000ec680000, 0x0000000100000000)
  eden space 22528K, 0% used [0x00000000eab00000,0x00000000eab00000,0x00000000ec100000)
  from space 3072K, 0% used [0x00000000ec100000,0x00000000ec100000,0x00000000ec400000)
  to   space 1536K, 0% used [0x00000000ec500000,0x00000000ec500000,0x00000000ec680000)
 ParOldGen       total 68608K, used 18810K [0x00000000c0000000, 0x00000000c4300000, 0x00000000eab00000)
  object space 68608K, 27% used [0x00000000c0000000,0x00000000c125e990,0x00000000c4300000)
 Metaspace       used 34855K, committed 35840K, reserved 1114112K
  class space    used 3475K, committed 3904K, reserved 1048576K
}
Event: 10.072 GC heap before
{Heap before GC invocations=16 (full 2):
 PSYoungGen      total 25600K, used 22528K [0x00000000eab00000, 0x00000000ec680000, 0x0000000100000000)
  eden space 22528K, 100% used [0x00000000eab00000,0x00000000ec100000,0x00000000ec100000)
  from space 3072K, 0% used [0x00000000ec100000,0x00000000ec100000,0x00000000ec400000)
  to   space 1536K, 0% used [0x00000000ec500000,0x00000000ec500000,0x00000000ec680000)
 ParOldGen       total 68608K, used 18822K [0x00000000c0000000, 0x00000000c4300000, 0x00000000eab00000)
  object space 68608K, 27% used [0x00000000c0000000,0x00000000c1261820,0x00000000c4300000)
 Metaspace       used 36972K, committed 38016K, reserved 1114112K
  class space    used 3767K, committed 4224K, reserved 1048576K
}
Event: 10.074 GC heap after
{Heap after GC invocations=16 (full 2):
 PSYoungGen      total 23552K, used 1504K [0x00000000eab00000, 0x00000000ec680000, 0x0000000100000000)
  eden space 22016K, 0% used [0x00000000eab00000,0x00000000eab00000,0x00000000ec080000)
  from space 1536K, 97% used [0x00000000ec500000,0x00000000ec678000,0x00000000ec680000)
  to   space 2048K, 0% used [0x00000000ec280000,0x00000000ec280000,0x00000000ec480000)
 ParOldGen       total 68608K, used 18830K [0x00000000c0000000, 0x00000000c4300000, 0x00000000eab00000)
  object space 68608K, 27% used [0x00000000c0000000,0x00000000c1263820,0x00000000c4300000)
 Metaspace       used 36972K, committed 38016K, reserved 1114112K
  class space    used 3767K, committed 4224K, reserved 1048576K
}
Event: 10.345 GC heap before
{Heap before GC invocations=17 (full 2):
 PSYoungGen      total 23552K, used 23520K [0x00000000eab00000, 0x00000000ec680000, 0x0000000100000000)
  eden space 22016K, 100% used [0x00000000eab00000,0x00000000ec080000,0x00000000ec080000)
  from space 1536K, 97% used [0x00000000ec500000,0x00000000ec678000,0x00000000ec680000)
  to   space 2048K, 0% used [0x00000000ec280000,0x00000000ec280000,0x00000000ec480000)
 ParOldGen       total 68608K, used 18830K [0x00000000c0000000, 0x00000000c4300000, 0x00000000eab00000)
  object space 68608K, 27% used [0x00000000c0000000,0x00000000c1263820,0x00000000c4300000)
 Metaspace       used 39110K, committed 40128K, reserved 1114112K
  class space    used 4031K, committed 4480K, reserved 1048576K
}
Event: 10.348 GC heap after
{Heap after GC invocations=17 (full 2):
 PSYoungGen      total 24064K, used 1554K [0x00000000eab00000, 0x00000000ec580000, 0x0000000100000000)
  eden space 22016K, 0% used [0x00000000eab00000,0x00000000eab00000,0x00000000ec080000)
  from space 2048K, 75% used [0x00000000ec280000,0x00000000ec404970,0x00000000ec480000)
  to   space 1024K, 0% used [0x00000000ec480000,0x00000000ec480000,0x00000000ec580000)
 ParOldGen       total 68608K, used 20166K [0x00000000c0000000, 0x00000000c4300000, 0x00000000eab00000)
  object space 68608K, 29% used [0x00000000c0000000,0x00000000c13b1860,0x00000000c4300000)
 Metaspace       used 39110K, committed 40128K, reserved 1114112K
  class space    used 4031K, committed 4480K, reserved 1048576K
}
Event: 10.631 GC heap before
{Heap before GC invocations=18 (full 2):
 PSYoungGen      total 24064K, used 23570K [0x00000000eab00000, 0x00000000ec580000, 0x0000000100000000)
  eden space 22016K, 100% used [0x00000000eab00000,0x00000000ec080000,0x00000000ec080000)
  from space 2048K, 75% used [0x00000000ec280000,0x00000000ec404970,0x00000000ec480000)
  to   space 1024K, 0% used [0x00000000ec480000,0x00000000ec480000,0x00000000ec580000)
 ParOldGen       total 68608K, used 20166K [0x00000000c0000000, 0x00000000c4300000, 0x00000000eab00000)
  object space 68608K, 29% used [0x00000000c0000000,0x00000000c13b1860,0x00000000c4300000)
 Metaspace       used 40526K, committed 41600K, reserved 1114112K
  class space    used 4176K, committed 4608K, reserved 1048576K
}
Event: 10.635 GC heap after
{Heap after GC invocations=18 (full 2):
 PSYoungGen      total 23040K, used 1024K [0x00000000eab00000, 0x00000000ec580000, 0x0000000100000000)
  eden space 22016K, 0% used [0x00000000eab00000,0x00000000eab00000,0x00000000ec080000)
  from space 1024K, 100% used [0x00000000ec480000,0x00000000ec580000,0x00000000ec580000)
  to   space 2560K, 0% used [0x00000000ec080000,0x00000000ec080000,0x00000000ec300000)
 ParOldGen       total 68608K, used 21424K [0x00000000c0000000, 0x00000000c4300000, 0x00000000eab00000)
  object space 68608K, 31% used [0x00000000c0000000,0x00000000c14ec1f0,0x00000000c4300000)
 Metaspace       used 40526K, committed 41600K, reserved 1114112K
  class space    used 4176K, committed 4608K, reserved 1048576K
}
Event: 11.121 GC heap before
{Heap before GC invocations=19 (full 2):
 PSYoungGen      total 23040K, used 23040K [0x00000000eab00000, 0x00000000ec580000, 0x0000000100000000)
  eden space 22016K, 100% used [0x00000000eab00000,0x00000000ec080000,0x00000000ec080000)
  from space 1024K, 100% used [0x00000000ec480000,0x00000000ec580000,0x00000000ec580000)
  to   space 2560K, 0% used [0x00000000ec080000,0x00000000ec080000,0x00000000ec300000)
 ParOldGen       total 68608K, used 21424K [0x00000000c0000000, 0x00000000c4300000, 0x00000000eab00000)
  object space 68608K, 31% used [0x00000000c0000000,0x00000000c14ec1f0,0x00000000c4300000)
 Metaspace       used 42619K, committed 43712K, reserved 1114112K
  class space    used 4442K, committed 4928K, reserved 1048576K
}
Event: 11.124 GC heap after
{Heap after GC invocations=19 (full 2):
 PSYoungGen      total 24576K, used 1312K [0x00000000eab00000, 0x00000000ec500000, 0x0000000100000000)
  eden space 22016K, 0% used [0x00000000eab00000,0x00000000eab00000,0x00000000ec080000)
  from space 2560K, 51% used [0x00000000ec080000,0x00000000ec1c8000,0x00000000ec300000)
  to   space 2048K, 0% used [0x00000000ec300000,0x00000000ec300000,0x00000000ec500000)
 ParOldGen       total 68608K, used 22384K [0x00000000c0000000, 0x00000000c4300000, 0x00000000eab00000)
  object space 68608K, 32% used [0x00000000c0000000,0x00000000c15dc1f0,0x00000000c4300000)
 Metaspace       used 42619K, committed 43712K, reserved 1114112K
  class space    used 4442K, committed 4928K, reserved 1048576K
}
Event: 12.196 GC heap before
{Heap before GC invocations=20 (full 2):
 PSYoungGen      total 24576K, used 23328K [0x00000000eab00000, 0x00000000ec500000, 0x0000000100000000)
  eden space 22016K, 100% used [0x00000000eab00000,0x00000000ec080000,0x00000000ec080000)
  from space 2560K, 51% used [0x00000000ec080000,0x00000000ec1c8000,0x00000000ec300000)
  to   space 2048K, 0% used [0x00000000ec300000,0x00000000ec300000,0x00000000ec500000)
 ParOldGen       total 68608K, used 22384K [0x00000000c0000000, 0x00000000c4300000, 0x00000000eab00000)
  object space 68608K, 32% used [0x00000000c0000000,0x00000000c15dc1f0,0x00000000c4300000)
 Metaspace       used 44763K, committed 45824K, reserved 1114112K
  class space    used 4709K, committed 5184K, reserved 1048576K
}
Event: 12.202 GC heap after
{Heap after GC invocations=20 (full 2):
 PSYoungGen      total 23552K, used 1529K [0x00000000eab00000, 0x00000000ec480000, 0x0000000100000000)
  eden space 22016K, 0% used [0x00000000eab00000,0x00000000eab00000,0x00000000ec080000)
  from space 1536K, 99% used [0x00000000ec300000,0x00000000ec47e580,0x00000000ec480000)
  to   space 2048K, 0% used [0x00000000ec080000,0x00000000ec080000,0x00000000ec280000)
 ParOldGen       total 68608K, used 23504K [0x00000000c0000000, 0x00000000c4300000, 0x00000000eab00000)
  object space 68608K, 34% used [0x00000000c0000000,0x00000000c16f4210,0x00000000c4300000)
 Metaspace       used 44763K, committed 45824K, reserved 1114112K
  class space    used 4709K, committed 5184K, reserved 1048576K
}

Dll operation events (10 events):
Event: 0.020 Loaded shared library c:\Users\happy\.vscode\extensions\redhat.java-1.41.1-win32-x64\jre\21.0.6-win32-x86_64\bin\java.dll
Event: 0.258 Loaded shared library c:\Users\happy\.vscode\extensions\redhat.java-1.41.1-win32-x64\jre\21.0.6-win32-x86_64\bin\zip.dll
Event: 0.580 Loaded shared library C:\Users\happy\.vscode\extensions\redhat.java-1.41.1-win32-x64\jre\21.0.6-win32-x86_64\bin\instrument.dll
Event: 0.595 Loaded shared library C:\Users\happy\.vscode\extensions\redhat.java-1.41.1-win32-x64\jre\21.0.6-win32-x86_64\bin\net.dll
Event: 0.599 Loaded shared library C:\Users\happy\.vscode\extensions\redhat.java-1.41.1-win32-x64\jre\21.0.6-win32-x86_64\bin\nio.dll
Event: 0.604 Loaded shared library C:\Users\happy\.vscode\extensions\redhat.java-1.41.1-win32-x64\jre\21.0.6-win32-x86_64\bin\zip.dll
Event: 0.648 Loaded shared library C:\Users\happy\.vscode\extensions\redhat.java-1.41.1-win32-x64\jre\21.0.6-win32-x86_64\bin\jimage.dll
Event: 0.836 Loaded shared library c:\Users\happy\.vscode\extensions\redhat.java-1.41.1-win32-x64\jre\21.0.6-win32-x86_64\bin\verify.dll
Event: 3.530 Loaded shared library C:\Users\happy\AppData\Roaming\Code\User\globalStorage\redhat.java\1.41.1\config_win\org.eclipse.equinox.launcher\org.eclipse.equinox.launcher.win32.win32.x86_64_1.2.1300.v20250331-1702\eclipse_11911.dll
Event: 6.899 Loaded shared library C:\Users\happy\AppData\Local\Temp\jna-99047136\jna4975874635843437875.dll

Deoptimization events (20 events):
Event: 11.901 Thread 0x00000242fd6e9a70 DEOPT PACKING pc=0x00000242a44f859f sp=0x000000665e1fed80
Event: 11.901 Thread 0x00000242fd6e9a70 DEOPT UNPACKING pc=0x00000242aba74242 sp=0x000000665e1fe258 mode 0
Event: 11.903 Thread 0x00000242fd6e9a70 DEOPT PACKING pc=0x00000242a4fff846 sp=0x000000665e1fea00
Event: 11.903 Thread 0x00000242fd6e9a70 DEOPT UNPACKING pc=0x00000242aba74242 sp=0x000000665e1fdf80 mode 0
Event: 11.939 Thread 0x00000242fd6e9a70 DEOPT PACKING pc=0x00000242a44f859f sp=0x000000665e1fed80
Event: 11.939 Thread 0x00000242fd6e9a70 DEOPT UNPACKING pc=0x00000242aba74242 sp=0x000000665e1fe258 mode 0
Event: 11.942 Thread 0x00000242fd6e9a70 DEOPT PACKING pc=0x00000242a4fff846 sp=0x000000665e1fea00
Event: 11.942 Thread 0x00000242fd6e9a70 DEOPT UNPACKING pc=0x00000242aba74242 sp=0x000000665e1fdf80 mode 0
Event: 11.976 Thread 0x00000242fd6e9a70 DEOPT PACKING pc=0x00000242a44f859f sp=0x000000665e1fed80
Event: 11.976 Thread 0x00000242fd6e9a70 DEOPT UNPACKING pc=0x00000242aba74242 sp=0x000000665e1fe258 mode 0
Event: 11.981 Thread 0x00000242fd6e9a70 DEOPT PACKING pc=0x00000242a4fff846 sp=0x000000665e1fea00
Event: 11.981 Thread 0x00000242fd6e9a70 DEOPT UNPACKING pc=0x00000242aba74242 sp=0x000000665e1fdf80 mode 0
Event: 12.021 Thread 0x00000242fd6e9a70 DEOPT PACKING pc=0x00000242a44f859f sp=0x000000665e1fee70
Event: 12.021 Thread 0x00000242fd6e9a70 DEOPT UNPACKING pc=0x00000242aba74242 sp=0x000000665e1fe348 mode 0
Event: 12.085 Thread 0x00000242fd6e9a70 DEOPT PACKING pc=0x00000242a44f859f sp=0x000000665e1fee70
Event: 12.085 Thread 0x00000242fd6e9a70 DEOPT UNPACKING pc=0x00000242aba74242 sp=0x000000665e1fe348 mode 0
Event: 12.127 Thread 0x00000242fd6e9a70 DEOPT PACKING pc=0x00000242a5003cdc sp=0x000000665e1fed90
Event: 12.127 Thread 0x00000242fd6e9a70 DEOPT UNPACKING pc=0x00000242aba74242 sp=0x000000665e1fe2e8 mode 0
Event: 12.313 Thread 0x00000242fd6ea100 DEOPT PACKING pc=0x00000242a494ada6 sp=0x000000665e3fe870
Event: 12.313 Thread 0x00000242fd6ea100 DEOPT UNPACKING pc=0x00000242aba74242 sp=0x000000665e3fdd60 mode 0

Classes loaded (20 events):
Event: 12.166 Loading class sun/nio/cs/ThreadLocalCoders$Cache done
Event: 12.166 Loading class sun/nio/cs/ThreadLocalCoders$1 done
Event: 12.167 Loading class sun/nio/cs/ThreadLocalCoders$2
Event: 12.167 Loading class sun/nio/cs/ThreadLocalCoders$2 done
Event: 12.286 Loading class java/io/UTFDataFormatException
Event: 12.286 Loading class java/io/UTFDataFormatException done
Event: 12.309 Loading class java/nio/channels/ClosedByInterruptException
Event: 12.309 Loading class java/nio/channels/AsynchronousCloseException
Event: 12.310 Loading class java/nio/channels/ClosedChannelException
Event: 12.310 Loading class java/nio/channels/ClosedChannelException done
Event: 12.310 Loading class java/nio/channels/AsynchronousCloseException done
Event: 12.310 Loading class java/nio/channels/ClosedByInterruptException done
Event: 12.310 Loading class java/nio/file/FileSystemNotFoundException
Event: 12.310 Loading class java/nio/file/FileSystemNotFoundException done
Event: 12.310 Loading class java/nio/file/FileSystemAlreadyExistsException
Event: 12.310 Loading class java/nio/file/FileSystemAlreadyExistsException done
Event: 12.310 Loading class java/nio/file/ProviderNotFoundException
Event: 12.310 Loading class java/nio/file/ProviderNotFoundException done
Event: 12.318 Loading class java/nio/file/spi/FileSystemProvider$1
Event: 12.318 Loading class java/nio/file/spi/FileSystemProvider$1 done

Classes unloaded (9 events):
Event: 7.981 Thread 0x00000242a13be860 Unloading class 0x00000242b7191800 'java/lang/invoke/LambdaForm$MH+0x00000242b7191800'
Event: 7.981 Thread 0x00000242a13be860 Unloading class 0x00000242b7191400 'java/lang/invoke/LambdaForm$MH+0x00000242b7191400'
Event: 7.981 Thread 0x00000242a13be860 Unloading class 0x00000242b7191000 'java/lang/invoke/LambdaForm$MH+0x00000242b7191000'
Event: 7.981 Thread 0x00000242a13be860 Unloading class 0x00000242b7190c00 'java/lang/invoke/LambdaForm$MH+0x00000242b7190c00'
Event: 7.981 Thread 0x00000242a13be860 Unloading class 0x00000242b7190800 'java/lang/invoke/LambdaForm$BMH+0x00000242b7190800'
Event: 7.981 Thread 0x00000242a13be860 Unloading class 0x00000242b7190400 'java/lang/invoke/LambdaForm$DMH+0x00000242b7190400'
Event: 7.981 Thread 0x00000242a13be860 Unloading class 0x00000242b718b400 'java/lang/invoke/LambdaForm$DMH+0x00000242b718b400'
Event: 9.765 Thread 0x00000242a13be860 Unloading class 0x00000242b72d1800 'java/lang/invoke/LambdaForm$MH+0x00000242b72d1800'
Event: 9.765 Thread 0x00000242a13be860 Unloading class 0x00000242b72d0c00 'java/lang/invoke/LambdaForm$MH+0x00000242b72d0c00'

Classes redefined (0 events):
No events

Internal exceptions (20 events):
Event: 11.722 Thread 0x00000242fd6e9a70 Exception <a 'sun/nio/fs/WindowsException'{0x00000000ebdbdb48}> (0x00000000ebdbdb48) 
thrown [s\src\hotspot\share\prims\jni.cpp, line 520]
Event: 11.722 Thread 0x00000242fd6e9a70 Exception <a 'sun/nio/fs/WindowsException'{0x00000000ebdbe260}> (0x00000000ebdbe260) 
thrown [s\src\hotspot\share\prims\jni.cpp, line 520]
Event: 11.722 Thread 0x00000242fd6e9a70 Exception <a 'sun/nio/fs/WindowsException'{0x00000000ebdbfa10}> (0x00000000ebdbfa10) 
thrown [s\src\hotspot\share\prims\jni.cpp, line 520]
Event: 11.722 Thread 0x00000242fd6e9a70 Exception <a 'sun/nio/fs/WindowsException'{0x00000000ebdc0040}> (0x00000000ebdc0040) 
thrown [s\src\hotspot\share\prims\jni.cpp, line 520]
Event: 12.153 Thread 0x00000242fd6e9a70 Exception <a 'sun/nio/fs/WindowsException'{0x00000000ec00bc50}> (0x00000000ec00bc50) 
thrown [s\src\hotspot\share\prims\jni.cpp, line 520]
Event: 12.153 Thread 0x00000242fd6e9a70 Exception <a 'sun/nio/fs/WindowsException'{0x00000000ec00e520}> (0x00000000ec00e520) 
thrown [s\src\hotspot\share\prims\jni.cpp, line 520]
Event: 12.154 Thread 0x00000242fd6e9a70 Exception <a 'sun/nio/fs/WindowsException'{0x00000000ec00fbb8}> (0x00000000ec00fbb8) 
thrown [s\src\hotspot\share\prims\jni.cpp, line 520]
Event: 12.155 Thread 0x00000242fd6e9a70 Exception <a 'sun/nio/fs/WindowsException'{0x00000000ec0102d0}> (0x00000000ec0102d0) 
thrown [s\src\hotspot\share\prims\jni.cpp, line 520]
Event: 12.156 Thread 0x00000242fd6e9a70 Exception <a 'sun/nio/fs/WindowsException'{0x00000000ec011ab0}> (0x00000000ec011ab0) 
thrown [s\src\hotspot\share\prims\jni.cpp, line 520]
Event: 12.156 Thread 0x00000242fd6e9a70 Exception <a 'sun/nio/fs/WindowsException'{0x00000000ec0121c8}> (0x00000000ec0121c8) 
thrown [s\src\hotspot\share\prims\jni.cpp, line 520]
Event: 12.157 Thread 0x00000242fd6e9a70 Exception <a 'sun/nio/fs/WindowsException'{0x00000000ec0139e0}> (0x00000000ec0139e0) 
thrown [s\src\hotspot\share\prims\jni.cpp, line 520]
Event: 12.157 Thread 0x00000242fd6e9a70 Exception <a 'sun/nio/fs/WindowsException'{0x00000000ec014010}> (0x00000000ec014010) 
thrown [s\src\hotspot\share\prims\jni.cpp, line 520]
Event: 12.158 Thread 0x00000242fd6e9a70 Exception <a 'sun/nio/fs/WindowsException'{0x00000000ec015660}> (0x00000000ec015660) 
thrown [s\src\hotspot\share\prims\jni.cpp, line 520]
Event: 12.158 Thread 0x00000242fd6e9a70 Exception <a 'sun/nio/fs/WindowsException'{0x00000000ec015c90}> (0x00000000ec015c90) 
thrown [s\src\hotspot\share\prims\jni.cpp, line 520]
Event: 12.159 Thread 0x00000242fd6e9a70 Exception <a 'sun/nio/fs/WindowsException'{0x00000000ec018b80}> (0x00000000ec018b80) 
thrown [s\src\hotspot\share\prims\jni.cpp, line 520]
Event: 12.159 Thread 0x00000242fd6e9a70 Exception <a 'sun/nio/fs/WindowsException'{0x00000000ec0191b0}> (0x00000000ec0191b0) 
thrown [s\src\hotspot\share\prims\jni.cpp, line 520]
Event: 12.160 Thread 0x00000242fd6e9a70 Exception <a 'sun/nio/fs/WindowsException'{0x00000000ec01b258}> (0x00000000ec01b258) 
thrown [s\src\hotspot\share\prims\jni.cpp, line 520]
Event: 12.160 Thread 0x00000242fd6e9a70 Exception <a 'sun/nio/fs/WindowsException'{0x00000000ec01b888}> (0x00000000ec01b888) 
thrown [s\src\hotspot\share\prims\jni.cpp, line 520]
Event: 12.162 Thread 0x00000242fd6e9a70 Exception <a 'java/io/FileNotFoundException'{0x00000000ec01f878}> (0x00000000ec01f878) 
thrown [s\src\hotspot\share\prims\jni.cpp, line 520]
Event: 12.263 Thread 0x00000242fd6e9a70 Exception <a 'sun/nio/fs/WindowsException'{0x00000000eab96500}> (0x00000000eab96500) 
thrown [s\src\hotspot\share\prims\jni.cpp, line 520]

ZGC Phase Switch (0 events):
No events

VM Operations (20 events):
Event: 10.072 Executing VM operation: ParallelGCFailedAllocation (Allocation Failure)
Event: 10.074 Executing VM operation: ParallelGCFailedAllocation (Allocation Failure) done
Event: 10.121 Executing VM operation: HandshakeAllThreads (Deoptimize)
Event: 10.121 Executing VM operation: HandshakeAllThreads (Deoptimize) done
Event: 10.151 Executing VM operation: HandshakeAllThreads (Deoptimize)
Event: 10.153 Executing VM operation: HandshakeAllThreads (Deoptimize) done
Event: 10.344 Executing VM operation: ParallelGCFailedAllocation (Allocation Failure)
Event: 10.348 Executing VM operation: ParallelGCFailedAllocation (Allocation Failure) done
Event: 10.631 Executing VM operation: ParallelGCFailedAllocation (Allocation Failure)
Event: 10.635 Executing VM operation: ParallelGCFailedAllocation (Allocation Failure) done
Event: 10.930 Executing VM operation: HandshakeAllThreads (Deoptimize)
Event: 10.930 Executing VM operation: HandshakeAllThreads (Deoptimize) done
Event: 11.121 Executing VM operation: ParallelGCFailedAllocation (Allocation Failure)
Event: 11.124 Executing VM operation: ParallelGCFailedAllocation (Allocation Failure) done
Event: 11.409 Executing VM operation: HandshakeAllThreads (Deoptimize)
Event: 11.410 Executing VM operation: HandshakeAllThreads (Deoptimize) done
Event: 11.562 Executing VM operation: ICBufferFull
Event: 11.563 Executing VM operation: ICBufferFull done
Event: 12.196 Executing VM operation: ParallelGCFailedAllocation (Allocation Failure)
Event: 12.202 Executing VM operation: ParallelGCFailedAllocation (Allocation Failure) done

Memory protections (0 events):
No events

Nmethod flushes (20 events):
Event: 9.782 Thread 0x00000242a13be860 flushing  nmethod 0x00000242a4bc1990
Event: 9.782 Thread 0x00000242a13be860 flushing  nmethod 0x00000242a4bc2290
Event: 9.782 Thread 0x00000242a13be860 flushing  nmethod 0x00000242a4bc3490
Event: 9.782 Thread 0x00000242a13be860 flushing  nmethod 0x00000242a4bc4710
Event: 9.782 Thread 0x00000242a13be860 flushing  nmethod 0x00000242a4bc4e90
Event: 9.782 Thread 0x00000242a13be860 flushing  nmethod 0x00000242a4bc6410
Event: 9.782 Thread 0x00000242a13be860 flushing  nmethod 0x00000242a4bc7890
Event: 9.782 Thread 0x00000242a13be860 flushing  nmethod 0x00000242a4bc8110
Event: 9.782 Thread 0x00000242a13be860 flushing  nmethod 0x00000242a4bc9b90
Event: 9.782 Thread 0x00000242a13be860 flushing  nmethod 0x00000242a4bca810
Event: 9.782 Thread 0x00000242a13be860 flushing  nmethod 0x00000242a4bcb490
Event: 9.782 Thread 0x00000242a13be860 flushing  nmethod 0x00000242a4bf3e90
Event: 9.782 Thread 0x00000242a13be860 flushing  nmethod 0x00000242a4bf8c90
Event: 9.782 Thread 0x00000242a13be860 flushing  nmethod 0x00000242a4bfd990
Event: 9.782 Thread 0x00000242a13be860 flushing  nmethod 0x00000242a4c07110
Event: 9.782 Thread 0x00000242a13be860 flushing  nmethod 0x00000242a4c58a90
Event: 9.782 Thread 0x00000242a13be860 flushing  nmethod 0x00000242a4c7d090
Event: 9.782 Thread 0x00000242a13be860 flushing  nmethod 0x00000242a4c9ab10
Event: 9.782 Thread 0x00000242a13be860 flushing  nmethod 0x00000242a4c9b490
Event: 9.782 Thread 0x00000242a13be860 flushing  nmethod 0x00000242a4cc3190

Events (20 events):
Event: 6.932 Thread 0x00000242f8ad22b0 Thread added: 0x00000242fd6e8d50
Event: 7.036 Thread 0x00000242f8ad22b0 Thread added: 0x00000242fd6e79a0
Event: 7.075 Thread 0x00000242f8ad22b0 Thread added: 0x00000242fd6e8030
Event: 8.958 Thread 0x00000242fd6e8030 Thread added: 0x00000242fd6e9a70
Event: 9.077 Thread 0x00000242fd6e9a70 Thread added: 0x00000242fd6e7310
Event: 9.174 Thread 0x00000242f8ad22b0 Thread added: 0x00000242fd6ea100
Event: 9.631 Thread 0x00000242fd6e7310 Thread added: 0x00000242fd6e6c80
Event: 9.751 Thread 0x00000242fd6e6c80 Thread added: 0x00000242fd6e93e0
Event: 9.894 Thread 0x00000242a12fea20 Thread added: 0x00000242fed2e200
Event: 9.896 Thread 0x00000242a12fea20 Thread added: 0x00000242fed2e890
Event: 9.896 Thread 0x00000242a12fea20 Thread added: 0x00000242fed2d4e0
Event: 9.896 Thread 0x00000242a12fea20 Thread added: 0x00000242fed2ef20
Event: 9.897 Thread 0x00000242a12fea20 Thread added: 0x00000242fed2f5b0
Event: 9.897 Thread 0x00000242a12fea20 Thread added: 0x00000242fed31680
Event: 9.897 Thread 0x00000242a12fea20 Thread added: 0x00000242fed2b410
Event: 9.898 Thread 0x00000242a12fea20 Thread added: 0x00000242fed2a6f0
Event: 9.898 Thread 0x00000242a12fea20 Thread added: 0x00000242fed2fc40
Event: 9.931 Thread 0x00000242a12fea20 Thread added: 0x00000242fed302d0
Event: 10.269 Thread 0x00000242a12fea20 Thread added: 0x00000242fed30960
Event: 10.270 Thread 0x00000242a12fea20 Thread added: 0x00000242fed2baa0


Dynamic libraries:
0x00007ff7cefb0000 - 0x00007ff7cefbe000 	c:\Users\happy\.vscode\extensions\redhat.java-1.41.1-win32-x64\jre\21.0.6-win32-x86_64\bin\java.exe
0x00007fffe8290000 - 0x00007fffe84a7000 	C:\WINDOWS\SYSTEM32\ntdll.dll
0x00007fffe7670000 - 0x00007fffe7734000 	C:\WINDOWS\System32\KERNEL32.DLL
0x00007fffe53d0000 - 0x00007fffe57a3000 	C:\WINDOWS\System32\KERNELBASE.dll
0x00007fffe5d60000 - 0x00007fffe5e71000 	C:\WINDOWS\System32\ucrtbase.dll
0x00007fffcfa40000 - 0x00007fffcfa58000 	c:\Users\happy\.vscode\extensions\redhat.java-1.41.1-win32-x64\jre\21.0.6-win32-x86_64\bin\jli.dll
0x00007fffcfa20000 - 0x00007fffcfa3e000 	c:\Users\happy\.vscode\extensions\redhat.java-1.41.1-win32-x64\jre\21.0.6-win32-x86_64\bin\VCRUNTIME140.dll
0x00007fffe6ca0000 - 0x00007fffe6e51000 	C:\WINDOWS\System32\USER32.dll
0x00007fffcb600000 - 0x00007fffcb898000 	C:\WINDOWS\WinSxS\amd64_microsoft.windows.common-controls_6595b64144ccf1df_6.0.22621.5124_none_270e8f4f7386d69d\COMCTL32.dll
0x00007fffe5f00000 - 0x00007fffe5f26000 	C:\WINDOWS\System32\win32u.dll
0x00007fffe8120000 - 0x00007fffe81c7000 	C:\WINDOWS\System32\msvcrt.dll
0x00007fffe7e00000 - 0x00007fffe7e29000 	C:\WINDOWS\System32\GDI32.dll
0x00007fffe5c40000 - 0x00007fffe5d5b000 	C:\WINDOWS\System32\gdi32full.dll
0x00007fffe57b0000 - 0x00007fffe584a000 	C:\WINDOWS\System32\msvcp_win.dll
0x00007fffe6a60000 - 0x00007fffe6a91000 	C:\WINDOWS\System32\IMM32.DLL
0x00007fffd7770000 - 0x00007fffd777c000 	c:\Users\happy\.vscode\extensions\redhat.java-1.41.1-win32-x64\jre\21.0.6-win32-x86_64\bin\vcruntime140_1.dll
0x00007fffcd910000 - 0x00007fffcd99d000 	c:\Users\happy\.vscode\extensions\redhat.java-1.41.1-win32-x64\jre\21.0.6-win32-x86_64\bin\msvcp140.dll
0x00007fff4eae0000 - 0x00007fff4f870000 	c:\Users\happy\.vscode\extensions\redhat.java-1.41.1-win32-x64\jre\21.0.6-win32-x86_64\bin\server\jvm.dll
0x00007fffe7740000 - 0x00007fffe77f1000 	C:\WINDOWS\System32\ADVAPI32.dll
0x00007fffe7d50000 - 0x00007fffe7df8000 	C:\WINDOWS\System32\sechost.dll
0x00007fffe53a0000 - 0x00007fffe53c8000 	C:\WINDOWS\System32\bcrypt.dll
0x00007fffe6ec0000 - 0x00007fffe6fd4000 	C:\WINDOWS\System32\RPCRT4.dll
0x00007fffe7e50000 - 0x00007fffe7ec1000 	C:\WINDOWS\System32\WS2_32.dll
0x00007fffe4220000 - 0x00007fffe426d000 	C:\WINDOWS\SYSTEM32\POWRPROF.dll
0x00007fffd9190000 - 0x00007fffd91c4000 	C:\WINDOWS\SYSTEM32\WINMM.dll
0x00007fffd7a30000 - 0x00007fffd7a3a000 	C:\WINDOWS\SYSTEM32\VERSION.dll
0x00007fffe4200000 - 0x00007fffe4213000 	C:\WINDOWS\SYSTEM32\UMPDC.dll
0x00007fffe44c0000 - 0x00007fffe44d8000 	C:\WINDOWS\SYSTEM32\kernel.appcore.dll
0x00007fffd70f0000 - 0x00007fffd70fa000 	c:\Users\happy\.vscode\extensions\redhat.java-1.41.1-win32-x64\jre\21.0.6-win32-x86_64\bin\jimage.dll
0x00007fffe2d30000 - 0x00007fffe2f62000 	C:\WINDOWS\SYSTEM32\DBGHELP.DLL
0x00007fffe7800000 - 0x00007fffe7b92000 	C:\WINDOWS\System32\combase.dll
0x00007fffe60d0000 - 0x00007fffe61a7000 	C:\WINDOWS\System32\OLEAUT32.dll
0x00007fffd79f0000 - 0x00007fffd7a22000 	C:\WINDOWS\SYSTEM32\dbgcore.DLL
0x00007fffe5990000 - 0x00007fffe5a0b000 	C:\WINDOWS\System32\bcryptPrimitives.dll
0x00007fffd7960000 - 0x00007fffd796f000 	c:\Users\happy\.vscode\extensions\redhat.java-1.41.1-win32-x64\jre\21.0.6-win32-x86_64\bin\instrument.dll
0x00007fffcf980000 - 0x00007fffcf99f000 	c:\Users\happy\.vscode\extensions\redhat.java-1.41.1-win32-x64\jre\21.0.6-win32-x86_64\bin\java.dll
0x00007fffe61b0000 - 0x00007fffe6a46000 	C:\WINDOWS\System32\SHELL32.dll
0x00007fffe5850000 - 0x00007fffe598f000 	C:\WINDOWS\System32\wintypes.dll
0x00007fffe32d0000 - 0x00007fffe3bea000 	C:\WINDOWS\SYSTEM32\windows.storage.dll
0x00007fffe8010000 - 0x00007fffe811a000 	C:\WINDOWS\System32\SHCORE.dll
0x00007fffe6c30000 - 0x00007fffe6c93000 	C:\WINDOWS\System32\shlwapi.dll
0x00007fffe52d0000 - 0x00007fffe52fb000 	C:\WINDOWS\SYSTEM32\profapi.dll
0x00007fffce720000 - 0x00007fffce738000 	c:\Users\happy\.vscode\extensions\redhat.java-1.41.1-win32-x64\jre\21.0.6-win32-x86_64\bin\zip.dll
0x00007fffd05b0000 - 0x00007fffd05c0000 	C:\Users\happy\.vscode\extensions\redhat.java-1.41.1-win32-x64\jre\21.0.6-win32-x86_64\bin\net.dll
0x00007fffd6960000 - 0x00007fffd6a8c000 	C:\WINDOWS\SYSTEM32\WINHTTP.dll
0x00007fffe4940000 - 0x00007fffe49aa000 	C:\WINDOWS\system32\mswsock.dll
0x00007fffcdaa0000 - 0x00007fffcdab6000 	C:\Users\happy\.vscode\extensions\redhat.java-1.41.1-win32-x64\jre\21.0.6-win32-x86_64\bin\nio.dll
0x00007fffd7950000 - 0x00007fffd7960000 	c:\Users\happy\.vscode\extensions\redhat.java-1.41.1-win32-x64\jre\21.0.6-win32-x86_64\bin\verify.dll
0x00007fffcd210000 - 0x00007fffcd255000 	C:\Users\happy\AppData\Roaming\Code\User\globalStorage\redhat.java\1.41.1\config_win\org.eclipse.equinox.launcher\org.eclipse.equinox.launcher.win32.win32.x86_64_1.2.1300.v20250331-1702\eclipse_11911.dll
0x00007fffe7ba0000 - 0x00007fffe7d41000 	C:\WINDOWS\System32\ole32.dll
0x00007fffe4b90000 - 0x00007fffe4bab000 	C:\WINDOWS\SYSTEM32\CRYPTSP.dll
0x00007fffe4420000 - 0x00007fffe4457000 	C:\WINDOWS\system32\rsaenh.dll
0x00007fffe4a30000 - 0x00007fffe4a58000 	C:\WINDOWS\SYSTEM32\USERENV.dll
0x00007fffe4bb0000 - 0x00007fffe4bbc000 	C:\WINDOWS\SYSTEM32\CRYPTBASE.dll
0x00007fffe3ec0000 - 0x00007fffe3eed000 	C:\WINDOWS\SYSTEM32\IPHLPAPI.DLL
0x00007fffe6a50000 - 0x00007fffe6a59000 	C:\WINDOWS\System32\NSI.dll
0x00007fffa4b70000 - 0x00007fffa4bb9000 	C:\Users\happy\AppData\Local\Temp\jna-99047136\jna4975874635843437875.dll
0x00007fffe7e30000 - 0x00007fffe7e38000 	C:\WINDOWS\System32\PSAPI.DLL
0x00007fffd72b0000 - 0x00007fffd72c9000 	C:\WINDOWS\SYSTEM32\dhcpcsvc6.DLL
0x00007fffd7230000 - 0x00007fffd724f000 	C:\WINDOWS\SYSTEM32\dhcpcsvc.DLL

dbghelp: loaded successfully - version: 4.0.5 - missing functions: none
symbol engine: initialized successfully - sym options: 0x614 - pdb path: .;c:\Users\happy\.vscode\extensions\redhat.java-1.41.1-win32-x64\jre\21.0.6-win32-x86_64\bin;C:\WINDOWS\SYSTEM32;C:\WINDOWS\WinSxS\amd64_microsoft.windows.common-controls_6595b64144ccf1df_6.0.22621.5124_none_270e8f4f7386d69d;c:\Users\happy\.vscode\extensions\redhat.java-1.41.1-win32-x64\jre\21.0.6-win32-x86_64\bin\server;C:\Users\happy\AppData\Roaming\Code\User\globalStorage\redhat.java\1.41.1\config_win\org.eclipse.equinox.launcher\org.eclipse.equinox.launcher.win32.win32.x86_64_1.2.1300.v20250331-1702;C:\Users\happy\AppData\Local\Temp\jna-99047136

VM Arguments:
jvm_args: --add-modules=ALL-SYSTEM --add-opens=java.base/java.util=ALL-UNNAMED --add-opens=java.base/java.lang=ALL-UNNAMED --add-opens=java.base/sun.nio.fs=ALL-UNNAMED -Declipse.application=org.eclipse.jdt.ls.core.id1 -Dosgi.bundles.defaultStartLevel=4 -Declipse.product=org.eclipse.jdt.ls.core.product -Djava.import.generatesMetadataFilesAtProjectRoot=false -DDetectVMInstallationsJob.disabled=true -Dfile.encoding=utf8 -XX:+UseParallelGC -XX:GCTimeRatio=4 -XX:AdaptiveSizePolicyWeight=90 -Dsun.zip.disableMemoryMapping=true -Xmx1G -Xms100m -Xlog:disable -javaagent:c:\Users\happy\.vscode\extensions\redhat.java-1.41.1-win32-x64\lombok\lombok-1.18.36.jar -XX:+HeapDumpOnOutOfMemoryError -XX:HeapDumpPath=c:\Users\happy\AppData\Roaming\Code\User\workspaceStorage\cdf17a752a5f41bfc441ef0550987fd8\redhat.java -Daether.dependencyCollector.impl=bf 
java_command: c:\Users\happy\.vscode\extensions\redhat.java-1.41.1-win32-x64\server\plugins\org.eclipse.equinox.launcher_1.7.0.v20250331-1702.jar -configuration c:\Users\happy\AppData\Roaming\Code\User\globalStorage\redhat.java\1.41.1\config_win -data c:\Users\happy\AppData\Roaming\Code\User\workspaceStorage\cdf17a752a5f41bfc441ef0550987fd8\redhat.java\jdt_ws --pipe=\\.\pipe\lsp-c631e3c13971a9d4680647d47c47c0c8-sock
java_class_path (initial): c:\Users\happy\.vscode\extensions\redhat.java-1.41.1-win32-x64\server\plugins\org.eclipse.equinox.launcher_1.7.0.v20250331-1702.jar
Launcher Type: SUN_STANDARD

[Global flags]
    uintx AdaptiveSizePolicyWeight                 = 90                                        {product} {command line}
     intx CICompilerCount                          = 4                                         {product} {ergonomic}
    uintx GCTimeRatio                              = 4                                         {product} {command line}
     bool HeapDumpOnOutOfMemoryError               = true                                   {manageable} {command line}
    ccstr HeapDumpPath                             = c:\Users\happy\AppData\Roaming\Code\User\workspaceStorage\cdf17a752a5f41bfc441ef0550987fd8\redhat.java         {manageable} {command line}
   size_t InitialHeapSize                          = 104857600                                 {product} {command line}
   size_t MaxHeapSize                              = 1073741824                                {product} {command line}
   size_t MaxNewSize                               = 357564416                                 {product} {ergonomic}
   size_t MinHeapDeltaBytes                        = 524288                                    {product} {ergonomic}
   size_t MinHeapSize                              = 104857600                                 {product} {command line}
   size_t NewSize                                  = 34603008                                  {product} {ergonomic}
    uintx NonNMethodCodeHeapSize                   = 5839372                                {pd product} {ergonomic}
    uintx NonProfiledCodeHeapSize                  = 122909434                              {pd product} {ergonomic}
   size_t OldSize                                  = 70254592                                  {product} {ergonomic}
    uintx ProfiledCodeHeapSize                     = 122909434                              {pd product} {ergonomic}
    uintx ReservedCodeCacheSize                    = 251658240                              {pd product} {ergonomic}
     bool SegmentedCodeCache                       = true                                      {product} {ergonomic}
   size_t SoftMaxHeapSize                          = 1073741824                             {manageable} {ergonomic}
     bool UseCompressedOops                        = true                           {product lp64_product} {ergonomic}
     bool UseLargePagesIndividualAllocation        = false                                  {pd product} {ergonomic}
     bool UseParallelGC                            = true                                      {product} {command line}

Logging:
Log output configuration:
 #0: stdout all=off uptime,level,tags foldmultilines=false
 #1: stderr all=off uptime,level,tags foldmultilines=false

Environment Variables:
JAVA_HOME=C:\Program Files\Java\jdk-21
PATH=D:\hyeRyung\Oracle\WINDOWS.X64_193000_db_home\bin;C:\Program Files\Common Files\Oracle\Java\javapath;C:\Program Files (x86)\Intel\iCLS Client\;C:\Program Files\Intel\iCLS Client\;C:\WINDOWS\system32;C:\WINDOWS;C:\WINDOWS\System32\Wbem;C:\WINDOWS\System32\WindowsPowerShell\v1.0\;C:\Program Files\Intel\WiFi\bin\;C:\Program Files\Common Files\Intel\WirelessCommon\;C:\Program Files (x86)\Intel\Intel(R) Management Engine Components\DAL;C:\Program Files\Intel\Intel(R) Management Engine Components\DAL;C:\Program Files (x86)\Intel\Intel(R) Management Engine Components\IPT;C:\Program Files\Intel\Intel(R) Management Engine Components\IPT;C:\WINDOWS\System32\OpenSSH\;";C:\Program Files\Java\jdk-21\bin";C:\Program Files\Git\cmd;C:\Program Files\nodejs\;C:\Gradle\gradle-8.12.1\bin;C:\Users\happy\AppData\Local\Android\Sdk\platform-tools;C:\Users\happy\AppData\Local\Android\Sdk\emulator;C:\Program Files\Eclipse Adoptium\jdk-17.0.14.7-hotspot\bin;C:\Program Files\apache-maven-3.9.9\bin;C:\Program Files (x86)\PuTTY\;C:\Program Files\dotnet\;C:\Users\happy\AppData\Local\Android\Sdk\tools;C:\Users\happy\AppData\Local\Android\Sdk\tools;C:\Program Files\MySQL\MySQL Shell 8.0\bin\;C:\Users\happy\AppData\Local\Programs\Python\Launcher\;C:\Users\happy\AppData\Local\Microsoft\WindowsApps;;C:\Program Files\JetBrains\IntelliJ IDEA 2024.3.2.2\bin;;C:\Program Files\JetBrains\IntelliJ IDEA Community Edition 2024.3.2.2\bin;;C:\Users\happy\AppData\Roaming\npm;C:\Users\happy\AppData\Local\Programs\Microsoft VS Code\bin
USERNAME=happy
OS=Windows_NT
PROCESSOR_IDENTIFIER=Intel64 Family 6 Model 142 Stepping 10, GenuineIntel
TMP=C:\Users\happy\AppData\Local\Temp
TEMP=C:\Users\happy\AppData\Local\Temp




Periodic native trim disabled

---------------  S Y S T E M  ---------------

OS:
 Windows 11 , 64 bit Build 22621 (10.0.22621.5124)
OS uptime: 1 days 19:49 hours

CPU: total 8 (initial active 8) (4 cores per cpu, 2 threads per core) family 6 model 142 stepping 10 microcode 0xe0, cx8, cmov, fxsr, ht, mmx, 3dnowpref, sse, sse2, sse3, ssse3, sse4.1, sse4.2, popcnt, lzcnt, tsc, tscinvbit, avx, avx2, aes, erms, clmul, bmi1, bmi2, adx, fma, vzeroupper, clflush, clflushopt, rdtscp, f16c
Processor Information for the first 8 processors :
  Max Mhz: 1800, Current Mhz: 1600, Mhz Limit: 1584

Memory: 4k page, system-wide physical 8107M (272M free)
TotalPageFile size 23649M (AvailPageFile size 57M)
current process WorkingSet (physical memory assigned to process): 204M, peak: 204M
current process commit charge ("private bytes"): 288M, peak: 289M

vm_info: OpenJDK 64-Bit Server VM (21.0.6+7-LTS) for windows-amd64 JRE (21.0.6+7-LTS), built on 2025-01-21T00:00:00Z by "admin" with MS VC++ 17.7 (VS2022)

END.
