#
# There is insufficient memory for the Java Runtime Environment to continue.
# Native memory allocation (malloc) failed to allocate 32784 bytes. Error detail: Chunk::new
# Possible reasons:
#   The system is out of physical RAM or swap space
#   This process is running with CompressedOops enabled, and the Java Heap may be blocking the growth of the native heap
# Possible solutions:
#   Reduce memory load on the system
#   Increase physical memory or swap space
#   Check if swap backing store is full
#   Decrease Java heap size (-Xmx/-Xms)
#   Decrease number of Java threads
#   Decrease Java thread stack sizes (-Xss)
#   Set larger code cache with -XX:ReservedCodeCacheSize=
#   JVM is running with Unscaled Compressed Oops mode in which the Java heap is
#     placed in the first 4GB address space. The Java Heap base address is the
#     maximum limit for the native heap growth. Please use -XX:HeapBaseMinAddress
#     to set the Java Heap base and to place the Java Heap above 4GB virtual address.
# This output file may be truncated or incomplete.
#
#  Out of Memory Error (arena.cpp:168), pid=6672, tid=8568
#
# JRE version: OpenJDK Runtime Environment Temurin-21.0.6+7 (21.0.6+7) (build 21.0.6+7-LTS)
# Java VM: OpenJDK 64-Bit Server VM Temurin-21.0.6+7 (21.0.6+7-LTS, mixed mode, sharing, tiered, compressed oops, compressed class ptrs, parallel gc, windows-amd64)
# No core dump will be written. Minidumps are not enabled by default on client versions of Windows
#

---------------  S U M M A R Y ------------

Command Line: --add-modules=ALL-SYSTEM --add-opens=java.base/java.util=ALL-UNNAMED --add-opens=java.base/java.lang=ALL-UNNAMED --add-opens=java.base/sun.nio.fs=ALL-UNNAMED -Declipse.application=org.eclipse.jdt.ls.core.id1 -Dosgi.bundles.defaultStartLevel=4 -Declipse.product=org.eclipse.jdt.ls.core.product -Djava.import.generatesMetadataFilesAtProjectRoot=false -DDetectVMInstallationsJob.disabled=true -Dfile.encoding=utf8 -XX:+UseParallelGC -XX:GCTimeRatio=4 -XX:AdaptiveSizePolicyWeight=90 -Dsun.zip.disableMemoryMapping=true -Xmx1G -Xms100m -Xlog:disable -javaagent:c:\Users\happy\.vscode\extensions\redhat.java-1.41.1-win32-x64\lombok\lombok-1.18.36.jar c:\Users\happy\.vscode\extensions\redhat.java-1.41.1-win32-x64\server\plugins\org.eclipse.equinox.launcher_1.7.0.v20250331-1702.jar -configuration c:\Users\happy\AppData\Roaming\Code\User\globalStorage\redhat.java\1.41.1\config_ss_win -data c:\Users\happy\AppData\Roaming\Code\User\workspaceStorage\cdf17a752a5f41bfc441ef0550987fd8\redhat.java\ss_ws --pipe=\\.\pipe\lsp-de23ebc9666754a1f8a853ad26a8d723-sock

Host: Intel(R) Core(TM) i5-8250U CPU @ 1.60GHz, 8 cores, 7G,  Windows 11 , 64 bit Build 22621 (10.0.22621.5124)
Time: Thu Apr 17 15:02:10 2025  Windows 11 , 64 bit Build 22621 (10.0.22621.5124) elapsed time: 1.700410 seconds (0d 0h 0m 1s)

---------------  T H R E A D  ---------------

Current thread (0x0000025ddf55e700):  JavaThread "C2 CompilerThread0" daemon [_thread_in_native, id=8568, stack(0x00000088af300000,0x00000088af400000) (1024K)]


Current CompileTask:
C2:1700  674       4       lombok.patcher.PatchScript::classMatches (41 bytes)

Stack: [0x00000088af300000,0x00000088af400000]
Native frames: (J=compiled Java code, j=interpreted, Vv=VM code, C=native code)
V  [jvm.dll+0x6cdee9]
V  [jvm.dll+0x8a83d1]
V  [jvm.dll+0x8aa8fe]
V  [jvm.dll+0x8aafe3]
V  [jvm.dll+0x27f706]
V  [jvm.dll+0xc500d]
V  [jvm.dll+0xc5543]
V  [jvm.dll+0xc5135]
V  [jvm.dll+0x6a954c]
V  [jvm.dll+0x609869]
V  [jvm.dll+0x605223]
V  [jvm.dll+0x5ede29]
V  [jvm.dll+0x5f0405]
V  [jvm.dll+0x5efe9d]
V  [jvm.dll+0x5efd80]
V  [jvm.dll+0x5f7204]
V  [jvm.dll+0x250bb2]
V  [jvm.dll+0x24965f]
V  [jvm.dll+0x246ec4]
V  [jvm.dll+0x1c75ee]
V  [jvm.dll+0x25685a]
V  [jvm.dll+0x254dfa]
V  [jvm.dll+0x3f0256]
V  [jvm.dll+0x851f8b]
V  [jvm.dll+0x6cc5ed]
C  [ucrtbase.dll+0x29333]
C  [KERNEL32.DLL+0x1259d]
C  [ntdll.dll+0x5af38]


---------------  P R O C E S S  ---------------

Threads class SMR info:
_java_thread_list=0x0000025de525ed40, length=13, elements={
0x0000025dcb1a32a0, 0x0000025dcb25ab30, 0x0000025dcb25ca40, 0x0000025ddf557030,
0x0000025ddf558e50, 0x0000025ddf559d60, 0x0000025ddf55d8d0, 0x0000025ddf55e700,
0x0000025ddf589e20, 0x0000025de509b290, 0x0000025de531cfe0, 0x0000025de521f850,
0x0000025de566d510
}

Java Threads: ( => current thread )
  0x0000025dcb1a32a0 JavaThread "main"                              [_thread_in_vm, id=12536, stack(0x00000088ae900000,0x00000088aea00000) (1024K)]
  0x0000025dcb25ab30 JavaThread "Reference Handler"          daemon [_thread_blocked, id=1160, stack(0x00000088aed00000,0x00000088aee00000) (1024K)]
  0x0000025dcb25ca40 JavaThread "Finalizer"                  daemon [_thread_blocked, id=20060, stack(0x00000088aee00000,0x00000088aef00000) (1024K)]
  0x0000025ddf557030 JavaThread "Signal Dispatcher"          daemon [_thread_blocked, id=13360, stack(0x00000088aef00000,0x00000088af000000) (1024K)]
  0x0000025ddf558e50 JavaThread "Attach Listener"            daemon [_thread_blocked, id=7728, stack(0x00000088af000000,0x00000088af100000) (1024K)]
  0x0000025ddf559d60 JavaThread "Service Thread"             daemon [_thread_blocked, id=18800, stack(0x00000088af100000,0x00000088af200000) (1024K)]
  0x0000025ddf55d8d0 JavaThread "Monitor Deflation Thread"   daemon [_thread_blocked, id=5548, stack(0x00000088af200000,0x00000088af300000) (1024K)]
=>0x0000025ddf55e700 JavaThread "C2 CompilerThread0"         daemon [_thread_in_native, id=8568, stack(0x00000088af300000,0x00000088af400000) (1024K)]
  0x0000025ddf589e20 JavaThread "C1 CompilerThread0"         daemon [_thread_blocked, id=18300, stack(0x00000088af400000,0x00000088af500000) (1024K)]
  0x0000025de509b290 JavaThread "Common-Cleaner"             daemon [_thread_blocked, id=14160, stack(0x00000088af500000,0x00000088af600000) (1024K)]
  0x0000025de531cfe0 JavaThread "Notification Thread"        daemon [_thread_blocked, id=16316, stack(0x00000088af600000,0x00000088af700000) (1024K)]
  0x0000025de521f850 JavaThread "C2 CompilerThread1"         daemon [_thread_in_native, id=18708, stack(0x00000088af700000,0x00000088af800000) (1024K)]
  0x0000025de566d510 JavaThread "C2 CompilerThread2"         daemon [_thread_in_native, id=20416, stack(0x00000088af800000,0x00000088af900000) (1024K)]
Total: 13

Other Threads:
  0x0000025ddf553450 VMThread "VM Thread"                           [id=13116, stack(0x00000088aec00000,0x00000088aed00000) (1024K)]
  0x0000025dcb20c0b0 WatcherThread "VM Periodic Task Thread"        [id=15420, stack(0x00000088aeb00000,0x00000088aec00000) (1024K)]
  0x0000025dcb1c2610 WorkerThread "GC Thread#0"                     [id=20976, stack(0x00000088aea00000,0x00000088aeb00000) (1024K)]
Total: 3

Threads with active compile tasks:
C2 CompilerThread0  1763  674       4       lombok.patcher.PatchScript::classMatches (41 bytes)
C2 CompilerThread1  1763  661       4       lombok.patcher.scripts.MethodLevelPatchScript::patch (21 bytes)
C2 CompilerThread2  1763  648       4       java.lang.String::substring (58 bytes)
Total: 3

VM state: not at safepoint (normal execution)

VM Mutex/Monitor currently owned by a thread: None

Heap address: 0x00000000c0000000, size: 1024 MB, Compressed Oops mode: 32-bit

CDS archive(s) mapped at: [0x0000025d80000000-0x0000025d80ba0000-0x0000025d80ba0000), size 12189696, SharedBaseAddress: 0x0000025d80000000, ArchiveRelocationMode: 1.
Compressed class space mapped at: 0x0000025d81000000-0x0000025dc1000000, reserved size: 1073741824
Narrow klass base: 0x0000025d80000000, Narrow klass shift: 0, Narrow klass range: 0x100000000

GC Precious Log:
 CardTable entry size: 512
 CPUs: 8 total, 8 available
 Memory: 8107M
 Large Page Support: Disabled
 NUMA Support: Disabled
 Compressed Oops: Enabled (32-bit)
 Alignments: Space 512K, Generation 512K, Heap 2M
 Heap Min Capacity: 100M
 Heap Initial Capacity: 100M
 Heap Max Capacity: 1G
 Pre-touch: Disabled
 Parallel Workers: 8

Heap:
 PSYoungGen      total 29696K, used 14719K [0x00000000eab00000, 0x00000000ecc00000, 0x0000000100000000)
  eden space 25600K, 57% used [0x00000000eab00000,0x00000000eb95ff78,0x00000000ec400000)
  from space 4096K, 0% used [0x00000000ec800000,0x00000000ec800000,0x00000000ecc00000)
  to   space 4096K, 0% used [0x00000000ec400000,0x00000000ec400000,0x00000000ec800000)
 ParOldGen       total 68608K, used 0K [0x00000000c0000000, 0x00000000c4300000, 0x00000000eab00000)
  object space 68608K, 0% used [0x00000000c0000000,0x00000000c0000000,0x00000000c4300000)
 Metaspace       used 2854K, committed 3072K, reserved 1114112K
  class space    used 291K, committed 384K, reserved 1048576K

Card table byte_map: [0x0000025dcab40000,0x0000025dcad50000] _byte_map_base: 0x0000025dca540000

Marking Bits: (ParMarkBitMap*) 0x00007fff4f793260
 Begin Bits: [0x0000025ddd390000, 0x0000025dde390000)
 End Bits:   [0x0000025dde390000, 0x0000025ddf390000)

Polling page: 0x0000025dc9120000

Metaspace:

Usage:
  Non-class:      2.50 MB used.
      Class:    291.28 KB used.
       Both:      2.79 MB used.

Virtual space:
  Non-class space:       64.00 MB reserved,       2.62 MB (  4%) committed,  1 nodes.
      Class space:        1.00 GB reserved,     384.00 KB ( <1%) committed,  1 nodes.
             Both:        1.06 GB reserved,       3.00 MB ( <1%) committed. 

Chunk freelists:
   Non-Class:  11.65 MB
       Class:  15.67 MB
        Both:  27.32 MB

MaxMetaspaceSize: unlimited
CompressedClassSpaceSize: 1.00 GB
Initial GC threshold: 21.00 MB
Current GC threshold: 21.00 MB
CDS: on
 - commit_granule_bytes: 65536.
 - commit_granule_words: 8192.
 - virtual_space_node_default_size: 8388608.
 - enlarge_chunks_in_place: 1.
 - use_allocation_guard: 0.


Internal statistics:

num_allocs_failed_limit: 0.
num_arena_births: 82.
num_arena_deaths: 0.
num_vsnodes_births: 2.
num_vsnodes_deaths: 0.
num_space_committed: 48.
num_space_uncommitted: 0.
num_chunks_returned_to_freelist: 0.
num_chunks_taken_from_freelist: 104.
num_chunk_merges: 0.
num_chunk_splits: 72.
num_chunks_enlarged: 47.
num_inconsistent_stats: 0.

CodeHeap 'non-profiled nmethods': size=120000Kb used=250Kb max_used=250Kb free=119749Kb
 bounds [0x0000025dd5e60000, 0x0000025dd60d0000, 0x0000025ddd390000]
CodeHeap 'profiled nmethods': size=120000Kb used=1075Kb max_used=1075Kb free=118924Kb
 bounds [0x0000025dce390000, 0x0000025dce600000, 0x0000025dd58c0000]
CodeHeap 'non-nmethods': size=5760Kb used=1187Kb max_used=1203Kb free=4573Kb
 bounds [0x0000025dd58c0000, 0x0000025dd5b30000, 0x0000025dd5e60000]
 total_blobs=1150 nmethods=705 adapters=352
 compilation: enabled
              stopped_count=0, restarted_count=0
 full_count=0

Compilation events (20 events):
Event: 1.662 Thread 0x0000025ddf589e20 nmethod 666 0x0000025dce48c690 code [0x0000025dce48c8a0, 0x0000025dce48cd50]
Event: 1.664 Thread 0x0000025ddf589e20  668       3       sun.invoke.util.Wrapper::forPrimitiveType (122 bytes)
Event: 1.665 Thread 0x0000025ddf589e20 nmethod 668 0x0000025dce48cf10 code [0x0000025dce48d1e0, 0x0000025dce48dcc0]
Event: 1.665 Thread 0x0000025ddf589e20  670       3       java.lang.Integer::rotateRight (9 bytes)
Event: 1.665 Thread 0x0000025ddf589e20 nmethod 670 0x0000025dce48df90 code [0x0000025dce48e120, 0x0000025dce48e220]
Event: 1.669 Thread 0x0000025ddf55e700 nmethod 659 0x0000025dd5e9a890 code [0x0000025dd5e9aa80, 0x0000025dd5e9b0b0]
Event: 1.669 Thread 0x0000025ddf55e700  662       4       java.util.Arrays::copyOfRange (25 bytes)
Event: 1.669 Thread 0x0000025de521f850  672       4       java.util.HashMap::keySet (25 bytes)
Event: 1.671 Thread 0x0000025de521f850 nmethod 672 0x0000025dd5e9b490 code [0x0000025dd5e9b620, 0x0000025dd5e9b738]
Event: 1.671 Thread 0x0000025de521f850  661       4       lombok.patcher.scripts.MethodLevelPatchScript::patch (21 bytes)
Event: 1.675 Thread 0x0000025ddf55e700 nmethod 662 0x0000025dd5e9b810 code [0x0000025dd5e9b9c0, 0x0000025dd5e9be28]
Event: 1.675 Thread 0x0000025ddf55e700  674       4       lombok.patcher.PatchScript::classMatches (41 bytes)
Event: 1.682 Thread 0x0000025ddf589e20  675       3       sun.invoke.util.VerifyType::isNullConversion (157 bytes)
Event: 1.684 Thread 0x0000025ddf589e20 nmethod 675 0x0000025dce48e290 code [0x0000025dce48e5c0, 0x0000025dce48f9f0]
Event: 1.685 Thread 0x0000025ddf589e20  676       3       java.lang.invoke.MethodType::erase (8 bytes)
Event: 1.686 Thread 0x0000025ddf589e20 nmethod 676 0x0000025dce48fe90 code [0x0000025dce490020, 0x0000025dce490150]
Event: 1.686 Thread 0x0000025ddf589e20  677       3       java.lang.invoke.MemberName::getModifiers (8 bytes)
Event: 1.686 Thread 0x0000025ddf589e20 nmethod 677 0x0000025dce490210 code [0x0000025dce4903a0, 0x0000025dce4904b0]
Event: 1.691 Thread 0x0000025ddf589e20  678       3       java.lang.StringUTF16::putChar (54 bytes)
Event: 1.691 Thread 0x0000025ddf589e20 nmethod 678 0x0000025dce490510 code [0x0000025dce4906c0, 0x0000025dce490810]

GC Heap History (0 events):
No events

Dll operation events (8 events):
Event: 0.059 Loaded shared library c:\Users\happy\.vscode\extensions\redhat.java-1.41.1-win32-x64\jre\21.0.6-win32-x86_64\bin\java.dll
Event: 0.199 Loaded shared library c:\Users\happy\.vscode\extensions\redhat.java-1.41.1-win32-x64\jre\21.0.6-win32-x86_64\bin\zip.dll
Event: 0.397 Loaded shared library C:\Users\happy\.vscode\extensions\redhat.java-1.41.1-win32-x64\jre\21.0.6-win32-x86_64\bin\instrument.dll
Event: 0.406 Loaded shared library C:\Users\happy\.vscode\extensions\redhat.java-1.41.1-win32-x64\jre\21.0.6-win32-x86_64\bin\net.dll
Event: 0.411 Loaded shared library C:\Users\happy\.vscode\extensions\redhat.java-1.41.1-win32-x64\jre\21.0.6-win32-x86_64\bin\nio.dll
Event: 0.417 Loaded shared library C:\Users\happy\.vscode\extensions\redhat.java-1.41.1-win32-x64\jre\21.0.6-win32-x86_64\bin\zip.dll
Event: 0.466 Loaded shared library C:\Users\happy\.vscode\extensions\redhat.java-1.41.1-win32-x64\jre\21.0.6-win32-x86_64\bin\jimage.dll
Event: 0.865 Loaded shared library c:\Users\happy\.vscode\extensions\redhat.java-1.41.1-win32-x64\jre\21.0.6-win32-x86_64\bin\verify.dll

Deoptimization events (20 events):
Event: 1.316 Thread 0x0000025dcb1a32a0 DEOPT PACKING pc=0x0000025dce3d76d8 sp=0x00000088ae9f9ad0
Event: 1.316 Thread 0x0000025dcb1a32a0 DEOPT UNPACKING pc=0x0000025dd5914242 sp=0x00000088ae9f8f90 mode 0
Event: 1.325 Thread 0x0000025dcb1a32a0 DEOPT PACKING pc=0x0000025dce3d75ff sp=0x00000088ae9fb1d0
Event: 1.325 Thread 0x0000025dcb1a32a0 DEOPT UNPACKING pc=0x0000025dd5914242 sp=0x00000088ae9fa680 mode 0
Event: 1.327 Thread 0x0000025dcb1a32a0 DEOPT PACKING pc=0x0000025dce3d76d8 sp=0x00000088ae9fb140
Event: 1.327 Thread 0x0000025dcb1a32a0 DEOPT UNPACKING pc=0x0000025dd5914242 sp=0x00000088ae9fa600 mode 0
Event: 1.330 Thread 0x0000025dcb1a32a0 DEOPT PACKING pc=0x0000025dce3d76d8 sp=0x00000088ae9fbc80
Event: 1.330 Thread 0x0000025dcb1a32a0 DEOPT UNPACKING pc=0x0000025dd5914242 sp=0x00000088ae9fb140 mode 0
Event: 1.521 Thread 0x0000025dcb1a32a0 Uncommon trap: trap_request=0xffffff45 fr.pc=0x0000025dd5e91804 relative=0x0000000000000164
Event: 1.521 Thread 0x0000025dcb1a32a0 Uncommon trap: reason=unstable_if action=reinterpret pc=0x0000025dd5e91804 method=jdk.internal.util.ArraysSupport.vectorizedHashCode(Ljava/lang/Object;IIII)I @ 2 c2
Event: 1.521 Thread 0x0000025dcb1a32a0 DEOPT PACKING pc=0x0000025dd5e91804 sp=0x00000088ae9fcfd0
Event: 1.521 Thread 0x0000025dcb1a32a0 DEOPT UNPACKING pc=0x0000025dd5913aa2 sp=0x00000088ae9fcf80 mode 2
Event: 1.571 Thread 0x0000025dcb1a32a0 Uncommon trap: trap_request=0xffffff45 fr.pc=0x0000025dd5e82984 relative=0x00000000000000e4
Event: 1.571 Thread 0x0000025dcb1a32a0 Uncommon trap: reason=unstable_if action=reinterpret pc=0x0000025dd5e82984 method=java.net.URI.match(CJJ)Z @ 45 c2
Event: 1.571 Thread 0x0000025dcb1a32a0 DEOPT PACKING pc=0x0000025dd5e82984 sp=0x00000088ae9fd270
Event: 1.571 Thread 0x0000025dcb1a32a0 DEOPT UNPACKING pc=0x0000025dd5913aa2 sp=0x00000088ae9fd1d8 mode 2
Event: 1.690 Thread 0x0000025dcb1a32a0 Uncommon trap: trap_request=0xffffff45 fr.pc=0x0000025dd5e81d40 relative=0x00000000000001a0
Event: 1.690 Thread 0x0000025dcb1a32a0 Uncommon trap: reason=unstable_if action=reinterpret pc=0x0000025dd5e81d40 method=java.lang.StringUTF16.compress([CI[BII)I @ 20 c2
Event: 1.690 Thread 0x0000025dcb1a32a0 DEOPT PACKING pc=0x0000025dd5e81d40 sp=0x00000088ae9fbce0
Event: 1.690 Thread 0x0000025dcb1a32a0 DEOPT UNPACKING pc=0x0000025dd5913aa2 sp=0x00000088ae9fbc50 mode 2

Classes loaded (20 events):
Event: 1.694 Loading class sun/security/rsa/RSASignature$SHA256withRSA
Event: 1.694 Loading class sun/security/rsa/RSASignature
Event: 1.694 Loading class sun/security/rsa/RSASignature done
Event: 1.694 Loading class sun/security/rsa/RSASignature$SHA256withRSA done
Event: 1.695 Loading class sun/security/rsa/RSAPrivateKeyImpl
Event: 1.695 Loading class sun/security/pkcs/PKCS8Key
Event: 1.695 Loading class sun/security/util/InternalPrivateKey
Event: 1.695 Loading class sun/security/util/InternalPrivateKey done
Event: 1.695 Loading class sun/security/pkcs/PKCS8Key done
Event: 1.695 Loading class sun/security/rsa/RSAPrivateKeyImpl done
Event: 1.695 Loading class sun/security/rsa/RSAPrivateCrtKeyImpl
Event: 1.696 Loading class java/security/interfaces/RSAPrivateCrtKey
Event: 1.696 Loading class java/security/interfaces/RSAPrivateCrtKey done
Event: 1.696 Loading class sun/security/rsa/RSAPrivateCrtKeyImpl done
Event: 1.696 Loading class sun/security/rsa/RSACore
Event: 1.697 Loading class sun/security/rsa/RSACore done
Event: 1.697 Loading class sun/security/rsa/RSAPadding
Event: 1.697 Loading class sun/security/rsa/RSAPadding done
Event: 1.698 Loading class java/math/MutableBigInteger
Event: 1.699 Loading class java/math/MutableBigInteger done

Classes unloaded (0 events):
No events

Classes redefined (0 events):
No events

Internal exceptions (12 events):
Event: 0.327 Thread 0x0000025dcb1a32a0 Exception <a 'java/lang/NoSuchMethodError'{0x00000000ead655a0}: 'void java.lang.invoke.DirectMethodHandle$Holder.invokeStatic(java.lang.Object, java.lang.Object, java.lang.Object)'> (0x00000000ead655a0) 
thrown [s\src\hotspot\share\interpreter\linkResolver.cpp, line 773]
Event: 0.441 Thread 0x0000025dcb1a32a0 Exception <a 'java/lang/NoSuchMethodError'{0x00000000eaed01d0}: 'java.lang.Object java.lang.invoke.Invokers$Holder.invokeExact_MT(java.lang.Object, java.lang.Object, java.lang.Object, java.lang.Object, java.lang.Object)'> (0x00000000eaed01d0) 
thrown [s\src\hotspot\share\interpreter\linkResolver.cpp, line 773]
Event: 0.621 Thread 0x0000025dcb1a32a0 Exception <a 'java/lang/NoSuchMethodError'{0x00000000eaf89008}: 'int java.lang.invoke.DirectMethodHandle$Holder.invokeSpecial(java.lang.Object, java.lang.Object, java.lang.Object, int)'> (0x00000000eaf89008) 
thrown [s\src\hotspot\share\interpreter\linkResolver.cpp, line 773]
Event: 0.625 Thread 0x0000025dcb1a32a0 Exception <a 'java/lang/NoSuchMethodError'{0x00000000eaf9b9f0}: 'java.lang.Object java.lang.invoke.DirectMethodHandle$Holder.invokeStatic(java.lang.Object, java.lang.Object, java.lang.Object, java.lang.Object, int)'> (0x00000000eaf9b9f0) 
thrown [s\src\hotspot\share\interpreter\linkResolver.cpp, line 773]
Event: 0.628 Thread 0x0000025dcb1a32a0 Exception <a 'java/lang/NoSuchMethodError'{0x00000000eafa6e98}: 'void java.lang.invoke.DelegatingMethodHandle$Holder.reinvoke_L(java.lang.Object, java.lang.Object, java.lang.Object, int, java.lang.Object)'> (0x00000000eafa6e98) 
thrown [s\src\hotspot\share\interpreter\linkResolver.cpp, line 773]
Event: 0.629 Thread 0x0000025dcb1a32a0 Exception <a 'java/lang/NoSuchMethodError'{0x00000000eafaa8d0}: 'int java.lang.invoke.DirectMethodHandle$Holder.invokeSpecial(java.lang.Object, java.lang.Object, java.lang.Object)'> (0x00000000eafaa8d0) 
thrown [s\src\hotspot\share\interpreter\linkResolver.cpp, line 773]
Event: 0.689 Thread 0x0000025dcb1a32a0 Exception <a 'java/lang/NoSuchMethodError'{0x00000000eafc35c0}: 'java.lang.Object java.lang.invoke.DirectMethodHandle$Holder.invokeStatic(java.lang.Object, java.lang.Object, int)'> (0x00000000eafc35c0) 
thrown [s\src\hotspot\share\interpreter\linkResolver.cpp, line 773]
Event: 0.690 Thread 0x0000025dcb1a32a0 Exception <a 'java/lang/NoSuchMethodError'{0x00000000eafc7f10}: 'void java.lang.invoke.DirectMethodHandle$Holder.invokeStatic(java.lang.Object, java.lang.Object, int, java.lang.Object)'> (0x00000000eafc7f10) 
thrown [s\src\hotspot\share\interpreter\linkResolver.cpp, line 773]
Event: 0.691 Thread 0x0000025dcb1a32a0 Exception <a 'java/lang/NoSuchMethodError'{0x00000000eafcbaa0}: 'void java.lang.invoke.DirectMethodHandle$Holder.invokeSpecial(java.lang.Object, java.lang.Object, java.lang.Object, int, java.lang.Object)'> (0x00000000eafcbaa0) 
thrown [s\src\hotspot\share\interpreter\linkResolver.cpp, line 773]
Event: 0.692 Thread 0x0000025dcb1a32a0 Exception <a 'java/lang/NoSuchMethodError'{0x00000000eafcef10}: 'void java.lang.invoke.DelegatingMethodHandle$Holder.delegate(java.lang.Object, java.lang.Object, int, java.lang.Object)'> (0x00000000eafcef10) 
thrown [s\src\hotspot\share\interpreter\linkResolver.cpp, line 773]
Event: 1.003 Thread 0x0000025dcb1a32a0 Exception <a 'java/lang/NoSuchMethodError'{0x00000000eb18b950}: 'void java.lang.invoke.DelegatingMethodHandle$Holder.reinvoke_L(java.lang.Object, java.lang.Object, java.lang.Object, int)'> (0x00000000eb18b950) 
thrown [s\src\hotspot\share\interpreter\linkResolver.cpp, line 773]
Event: 1.505 Thread 0x0000025dcb1a32a0 Exception <a 'java/lang/NoSuchMethodError'{0x00000000eb60c508}: 'void java.lang.invoke.DirectMethodHandle$Holder.invokeVirtual(java.lang.Object, java.lang.Object)'> (0x00000000eb60c508) 
thrown [s\src\hotspot\share\interpreter\linkResolver.cpp, line 773]

ZGC Phase Switch (0 events):
No events

VM Operations (6 events):
Event: 0.334 Executing VM operation: HandshakeAllThreads (Deoptimize)
Event: 0.334 Executing VM operation: HandshakeAllThreads (Deoptimize) done
Event: 0.524 Executing VM operation: HandshakeAllThreads (Deoptimize)
Event: 0.524 Executing VM operation: HandshakeAllThreads (Deoptimize) done
Event: 1.524 Executing VM operation: Cleanup
Event: 1.556 Executing VM operation: Cleanup done

Memory protections (0 events):
No events

Nmethod flushes (0 events):
No events

Events (12 events):
Event: 0.125 Thread 0x0000025dcb1a32a0 Thread added: 0x0000025dcb1a32a0
Event: 0.250 Thread 0x0000025dcb1a32a0 Thread added: 0x0000025dcb25ab30
Event: 0.250 Thread 0x0000025dcb1a32a0 Thread added: 0x0000025dcb25ca40
Event: 0.251 Thread 0x0000025dcb1a32a0 Thread added: 0x0000025ddf557030
Event: 0.251 Thread 0x0000025dcb1a32a0 Thread added: 0x0000025ddf558e50
Event: 0.251 Thread 0x0000025dcb1a32a0 Thread added: 0x0000025ddf559d60
Event: 0.251 Thread 0x0000025dcb1a32a0 Thread added: 0x0000025ddf55d8d0
Event: 0.252 Thread 0x0000025dcb1a32a0 Thread added: 0x0000025ddf55e700
Event: 0.255 Thread 0x0000025dcb1a32a0 Thread added: 0x0000025ddf589e20
Event: 0.311 Thread 0x0000025dcb1a32a0 Thread added: 0x0000025de509b290
Event: 1.258 Thread 0x0000025dcb1a32a0 Thread added: 0x0000025de531cfe0
Event: 1.669 Thread 0x0000025ddf55e700 Thread added: 0x0000025de521f850


Dynamic libraries:
0x00007ff7cefb0000 - 0x00007ff7cefbe000 	c:\Users\happy\.vscode\extensions\redhat.java-1.41.1-win32-x64\jre\21.0.6-win32-x86_64\bin\java.exe
0x00007fffe8290000 - 0x00007fffe84a7000 	C:\WINDOWS\SYSTEM32\ntdll.dll
0x00007fffe7670000 - 0x00007fffe7734000 	C:\WINDOWS\System32\KERNEL32.DLL
0x00007fffe53d0000 - 0x00007fffe57a3000 	C:\WINDOWS\System32\KERNELBASE.dll
0x00007fffe5d60000 - 0x00007fffe5e71000 	C:\WINDOWS\System32\ucrtbase.dll
0x00007fffcd9d0000 - 0x00007fffcd9e8000 	c:\Users\happy\.vscode\extensions\redhat.java-1.41.1-win32-x64\jre\21.0.6-win32-x86_64\bin\jli.dll
0x00007fffe6ca0000 - 0x00007fffe6e51000 	C:\WINDOWS\System32\USER32.dll
0x00007fffe5f00000 - 0x00007fffe5f26000 	C:\WINDOWS\System32\win32u.dll
0x00007fffe7e00000 - 0x00007fffe7e29000 	C:\WINDOWS\System32\GDI32.dll
0x00007fffe5c40000 - 0x00007fffe5d5b000 	C:\WINDOWS\System32\gdi32full.dll
0x00007fffe57b0000 - 0x00007fffe584a000 	C:\WINDOWS\System32\msvcp_win.dll
0x00007fffcd710000 - 0x00007fffcd72e000 	c:\Users\happy\.vscode\extensions\redhat.java-1.41.1-win32-x64\jre\21.0.6-win32-x86_64\bin\VCRUNTIME140.dll
0x00007fffcb600000 - 0x00007fffcb898000 	C:\WINDOWS\WinSxS\amd64_microsoft.windows.common-controls_6595b64144ccf1df_6.0.22621.5124_none_270e8f4f7386d69d\COMCTL32.dll
0x00007fffe8120000 - 0x00007fffe81c7000 	C:\WINDOWS\System32\msvcrt.dll
0x00007fffe6a60000 - 0x00007fffe6a91000 	C:\WINDOWS\System32\IMM32.DLL
0x00007fffd7770000 - 0x00007fffd777c000 	c:\Users\happy\.vscode\extensions\redhat.java-1.41.1-win32-x64\jre\21.0.6-win32-x86_64\bin\vcruntime140_1.dll
0x00007fff9f940000 - 0x00007fff9f9cd000 	c:\Users\happy\.vscode\extensions\redhat.java-1.41.1-win32-x64\jre\21.0.6-win32-x86_64\bin\msvcp140.dll
0x00007fff4eae0000 - 0x00007fff4f870000 	c:\Users\happy\.vscode\extensions\redhat.java-1.41.1-win32-x64\jre\21.0.6-win32-x86_64\bin\server\jvm.dll
0x00007fffe7740000 - 0x00007fffe77f1000 	C:\WINDOWS\System32\ADVAPI32.dll
0x00007fffe7d50000 - 0x00007fffe7df8000 	C:\WINDOWS\System32\sechost.dll
0x00007fffe53a0000 - 0x00007fffe53c8000 	C:\WINDOWS\System32\bcrypt.dll
0x00007fffe6ec0000 - 0x00007fffe6fd4000 	C:\WINDOWS\System32\RPCRT4.dll
0x00007fffe7e50000 - 0x00007fffe7ec1000 	C:\WINDOWS\System32\WS2_32.dll
0x00007fffe4220000 - 0x00007fffe426d000 	C:\WINDOWS\SYSTEM32\POWRPROF.dll
0x00007fffd9190000 - 0x00007fffd91c4000 	C:\WINDOWS\SYSTEM32\WINMM.dll
0x00007fffd7a30000 - 0x00007fffd7a3a000 	C:\WINDOWS\SYSTEM32\VERSION.dll
0x00007fffe4200000 - 0x00007fffe4213000 	C:\WINDOWS\SYSTEM32\UMPDC.dll
0x00007fffe44c0000 - 0x00007fffe44d8000 	C:\WINDOWS\SYSTEM32\kernel.appcore.dll
0x00007fffd70f0000 - 0x00007fffd70fa000 	c:\Users\happy\.vscode\extensions\redhat.java-1.41.1-win32-x64\jre\21.0.6-win32-x86_64\bin\jimage.dll
0x00007fffe2d30000 - 0x00007fffe2f62000 	C:\WINDOWS\SYSTEM32\DBGHELP.DLL
0x00007fffe7800000 - 0x00007fffe7b92000 	C:\WINDOWS\System32\combase.dll
0x00007fffe60d0000 - 0x00007fffe61a7000 	C:\WINDOWS\System32\OLEAUT32.dll
0x00007fffd79f0000 - 0x00007fffd7a22000 	C:\WINDOWS\SYSTEM32\dbgcore.DLL
0x00007fffe5990000 - 0x00007fffe5a0b000 	C:\WINDOWS\System32\bcryptPrimitives.dll
0x00007fffd05b0000 - 0x00007fffd05bf000 	c:\Users\happy\.vscode\extensions\redhat.java-1.41.1-win32-x64\jre\21.0.6-win32-x86_64\bin\instrument.dll
0x00007fffcd240000 - 0x00007fffcd25f000 	c:\Users\happy\.vscode\extensions\redhat.java-1.41.1-win32-x64\jre\21.0.6-win32-x86_64\bin\java.dll
0x00007fffe61b0000 - 0x00007fffe6a46000 	C:\WINDOWS\System32\SHELL32.dll
0x00007fffe5850000 - 0x00007fffe598f000 	C:\WINDOWS\System32\wintypes.dll
0x00007fffe32d0000 - 0x00007fffe3bea000 	C:\WINDOWS\SYSTEM32\windows.storage.dll
0x00007fffe8010000 - 0x00007fffe811a000 	C:\WINDOWS\System32\SHCORE.dll
0x00007fffe6c30000 - 0x00007fffe6c93000 	C:\WINDOWS\System32\shlwapi.dll
0x00007fffe52d0000 - 0x00007fffe52fb000 	C:\WINDOWS\SYSTEM32\profapi.dll
0x00007fffcd220000 - 0x00007fffcd238000 	c:\Users\happy\.vscode\extensions\redhat.java-1.41.1-win32-x64\jre\21.0.6-win32-x86_64\bin\zip.dll
0x00007fffd0420000 - 0x00007fffd0430000 	C:\Users\happy\.vscode\extensions\redhat.java-1.41.1-win32-x64\jre\21.0.6-win32-x86_64\bin\net.dll
0x00007fffd6960000 - 0x00007fffd6a8c000 	C:\WINDOWS\SYSTEM32\WINHTTP.dll
0x00007fffe4940000 - 0x00007fffe49aa000 	C:\WINDOWS\system32\mswsock.dll
0x00007fffbd000000 - 0x00007fffbd016000 	C:\Users\happy\.vscode\extensions\redhat.java-1.41.1-win32-x64\jre\21.0.6-win32-x86_64\bin\nio.dll
0x00007fffd0100000 - 0x00007fffd0110000 	c:\Users\happy\.vscode\extensions\redhat.java-1.41.1-win32-x64\jre\21.0.6-win32-x86_64\bin\verify.dll

dbghelp: loaded successfully - version: 4.0.5 - missing functions: none
symbol engine: initialized successfully - sym options: 0x614 - pdb path: .;c:\Users\happy\.vscode\extensions\redhat.java-1.41.1-win32-x64\jre\21.0.6-win32-x86_64\bin;C:\WINDOWS\SYSTEM32;C:\WINDOWS\WinSxS\amd64_microsoft.windows.common-controls_6595b64144ccf1df_6.0.22621.5124_none_270e8f4f7386d69d;c:\Users\happy\.vscode\extensions\redhat.java-1.41.1-win32-x64\jre\21.0.6-win32-x86_64\bin\server

VM Arguments:
jvm_args: --add-modules=ALL-SYSTEM --add-opens=java.base/java.util=ALL-UNNAMED --add-opens=java.base/java.lang=ALL-UNNAMED --add-opens=java.base/sun.nio.fs=ALL-UNNAMED -Declipse.application=org.eclipse.jdt.ls.core.id1 -Dosgi.bundles.defaultStartLevel=4 -Declipse.product=org.eclipse.jdt.ls.core.product -Djava.import.generatesMetadataFilesAtProjectRoot=false -DDetectVMInstallationsJob.disabled=true -Dfile.encoding=utf8 -XX:+UseParallelGC -XX:GCTimeRatio=4 -XX:AdaptiveSizePolicyWeight=90 -Dsun.zip.disableMemoryMapping=true -Xmx1G -Xms100m -Xlog:disable -javaagent:c:\Users\happy\.vscode\extensions\redhat.java-1.41.1-win32-x64\lombok\lombok-1.18.36.jar 
java_command: c:\Users\happy\.vscode\extensions\redhat.java-1.41.1-win32-x64\server\plugins\org.eclipse.equinox.launcher_1.7.0.v20250331-1702.jar -configuration c:\Users\happy\AppData\Roaming\Code\User\globalStorage\redhat.java\1.41.1\config_ss_win -data c:\Users\happy\AppData\Roaming\Code\User\workspaceStorage\cdf17a752a5f41bfc441ef0550987fd8\redhat.java\ss_ws --pipe=\\.\pipe\lsp-de23ebc9666754a1f8a853ad26a8d723-sock
java_class_path (initial): c:\Users\happy\.vscode\extensions\redhat.java-1.41.1-win32-x64\server\plugins\org.eclipse.equinox.launcher_1.7.0.v20250331-1702.jar
Launcher Type: SUN_STANDARD

[Global flags]
    uintx AdaptiveSizePolicyWeight                 = 90                                        {product} {command line}
     intx CICompilerCount                          = 4                                         {product} {ergonomic}
    uintx GCTimeRatio                              = 4                                         {product} {command line}
   size_t InitialHeapSize                          = 104857600                                 {product} {command line}
   size_t MaxHeapSize                              = 1073741824                                {product} {command line}
   size_t MaxNewSize                               = 357564416                                 {product} {ergonomic}
   size_t MinHeapDeltaBytes                        = 524288                                    {product} {ergonomic}
   size_t MinHeapSize                              = 104857600                                 {product} {command line}
   size_t NewSize                                  = 34603008                                  {product} {ergonomic}
    uintx NonNMethodCodeHeapSize                   = 5839372                                {pd product} {ergonomic}
    uintx NonProfiledCodeHeapSize                  = 122909434                              {pd product} {ergonomic}
   size_t OldSize                                  = 70254592                                  {product} {ergonomic}
    uintx ProfiledCodeHeapSize                     = 122909434                              {pd product} {ergonomic}
    uintx ReservedCodeCacheSize                    = 251658240                              {pd product} {ergonomic}
     bool SegmentedCodeCache                       = true                                      {product} {ergonomic}
   size_t SoftMaxHeapSize                          = 1073741824                             {manageable} {ergonomic}
     bool UseCompressedOops                        = true                           {product lp64_product} {ergonomic}
     bool UseLargePagesIndividualAllocation        = false                                  {pd product} {ergonomic}
     bool UseParallelGC                            = true                                      {product} {command line}

Logging:
Log output configuration:
 #0: stdout all=off uptime,level,tags foldmultilines=false
 #1: stderr all=off uptime,level,tags foldmultilines=false

Environment Variables:
JAVA_HOME=C:\Program Files\Java\jdk-21
PATH=D:\hyeRyung\Oracle\WINDOWS.X64_193000_db_home\bin;C:\Program Files\Common Files\Oracle\Java\javapath;C:\Program Files (x86)\Intel\iCLS Client\;C:\Program Files\Intel\iCLS Client\;C:\WINDOWS\system32;C:\WINDOWS;C:\WINDOWS\System32\Wbem;C:\WINDOWS\System32\WindowsPowerShell\v1.0\;C:\Program Files\Intel\WiFi\bin\;C:\Program Files\Common Files\Intel\WirelessCommon\;C:\Program Files (x86)\Intel\Intel(R) Management Engine Components\DAL;C:\Program Files\Intel\Intel(R) Management Engine Components\DAL;C:\Program Files (x86)\Intel\Intel(R) Management Engine Components\IPT;C:\Program Files\Intel\Intel(R) Management Engine Components\IPT;C:\WINDOWS\System32\OpenSSH\;";C:\Program Files\Java\jdk-21\bin";C:\Program Files\Git\cmd;C:\Program Files\nodejs\;C:\Gradle\gradle-8.12.1\bin;C:\Users\happy\AppData\Local\Android\Sdk\platform-tools;C:\Users\happy\AppData\Local\Android\Sdk\emulator;C:\Program Files\Eclipse Adoptium\jdk-17.0.14.7-hotspot\bin;C:\Program Files\apache-maven-3.9.9\bin;C:\Program Files (x86)\PuTTY\;C:\Program Files\dotnet\;C:\Users\happy\AppData\Local\Android\Sdk\tools;C:\Users\happy\AppData\Local\Android\Sdk\tools;C:\Program Files\MySQL\MySQL Shell 8.0\bin\;C:\Users\happy\AppData\Local\Programs\Python\Launcher\;C:\Users\happy\AppData\Local\Microsoft\WindowsApps;;C:\Program Files\JetBrains\IntelliJ IDEA 2024.3.2.2\bin;;C:\Program Files\JetBrains\IntelliJ IDEA Community Edition 2024.3.2.2\bin;;C:\Users\happy\AppData\Roaming\npm;C:\Users\happy\AppData\Local\Programs\Microsoft VS Code\bin
USERNAME=happy
OS=Windows_NT
PROCESSOR_IDENTIFIER=Intel64 Family 6 Model 142 Stepping 10, GenuineIntel
TMP=C:\Users\happy\AppData\Local\Temp
TEMP=C:\Users\happy\AppData\Local\Temp




Periodic native trim disabled

---------------  S Y S T E M  ---------------

OS:
 Windows 11 , 64 bit Build 22621 (10.0.22621.5124)
OS uptime: 1 days 19:47 hours

CPU: total 8 (initial active 8) (4 cores per cpu, 2 threads per core) family 6 model 142 stepping 10 microcode 0xe0, cx8, cmov, fxsr, ht, mmx, 3dnowpref, sse, sse2, sse3, ssse3, sse4.1, sse4.2, popcnt, lzcnt, tsc, tscinvbit, avx, avx2, aes, erms, clmul, bmi1, bmi2, adx, fma, vzeroupper, clflush, clflushopt, rdtscp, f16c
Processor Information for the first 8 processors :
  Max Mhz: 1800, Current Mhz: 1600, Mhz Limit: 1584

Memory: 4k page, system-wide physical 8107M (797M free)
TotalPageFile size 23649M (AvailPageFile size 51M)
current process WorkingSet (physical memory assigned to process): 60M, peak: 60M
current process commit charge ("private bytes"): 197M, peak: 197M

vm_info: OpenJDK 64-Bit Server VM (21.0.6+7-LTS) for windows-amd64 JRE (21.0.6+7-LTS), built on 2025-01-21T00:00:00Z by "admin" with MS VC++ 17.7 (VS2022)

END.
