#
# There is insufficient memory for the Java Runtime Environment to continue.
# Native memory allocation (malloc) failed to allocate 32744 bytes. Error detail: Chunk::new
# Possible reasons:
#   The system is out of physical RAM or swap space
#   This process is running with CompressedOops enabled, and the Java Heap may be blocking the growth of the native heap
# Possible solutions:
#   Reduce memory load on the system
#   Increase physical memory or swap space
#   Check if swap backing store is full
#   Decrease Java heap size (-Xmx/-Xms)
#   Decrease number of Java threads
#   Decrease Java thread stack sizes (-Xss)
#   Set larger code cache with -XX:ReservedCodeCacheSize=
#   JVM is running with Unscaled Compressed Oops mode in which the Java heap is
#     placed in the first 4GB address space. The Java Heap base address is the
#     maximum limit for the native heap growth. Please use -XX:HeapBaseMinAddress
#     to set the Java Heap base and to place the Java Heap above 4GB virtual address.
# This output file may be truncated or incomplete.
#
#  Out of Memory Error (arena.cpp:168), pid=3948, tid=1568
#
# JRE version: OpenJDK Runtime Environment Temurin-21.0.6+7 (21.0.6+7) (build 21.0.6+7-LTS)
# Java VM: OpenJDK 64-Bit Server VM Temurin-21.0.6+7 (21.0.6+7-LTS, mixed mode, sharing, tiered, compressed oops, compressed class ptrs, parallel gc, windows-amd64)
# No core dump will be written. Minidumps are not enabled by default on client versions of Windows
#

---------------  S U M M A R Y ------------

Command Line: --add-modules=ALL-SYSTEM --add-opens=java.base/java.util=ALL-UNNAMED --add-opens=java.base/java.lang=ALL-UNNAMED --add-opens=java.base/sun.nio.fs=ALL-UNNAMED -Declipse.application=org.eclipse.jdt.ls.core.id1 -Dosgi.bundles.defaultStartLevel=4 -Declipse.product=org.eclipse.jdt.ls.core.product -Djava.import.generatesMetadataFilesAtProjectRoot=false -DDetectVMInstallationsJob.disabled=true -Dfile.encoding=utf8 -XX:+UseParallelGC -XX:GCTimeRatio=4 -XX:AdaptiveSizePolicyWeight=90 -Dsun.zip.disableMemoryMapping=true -Xmx1G -Xms100m -Xlog:disable -javaagent:c:\Users\happy\.vscode\extensions\redhat.java-1.41.1-win32-x64\lombok\lombok-1.18.36.jar c:\Users\happy\.vscode\extensions\redhat.java-1.41.1-win32-x64\server\plugins\org.eclipse.equinox.launcher_1.7.0.v20250331-1702.jar -configuration c:\Users\happy\AppData\Roaming\Code\User\globalStorage\redhat.java\1.41.1\config_ss_win -data c:\Users\happy\AppData\Roaming\Code\User\workspaceStorage\cdf17a752a5f41bfc441ef0550987fd8\redhat.java\ss_ws --pipe=\\.\pipe\lsp-c21b99c7628ca2e5ca3efb76a899c883-sock

Host: Intel(R) Core(TM) i5-8250U CPU @ 1.60GHz, 8 cores, 7G,  Windows 11 , 64 bit Build 22621 (10.0.22621.5124)
Time: Thu Apr 17 14:59:45 2025  Windows 11 , 64 bit Build 22621 (10.0.22621.5124) elapsed time: 6.124075 seconds (0d 0h 0m 6s)

---------------  T H R E A D  ---------------

Current thread (0x00000254f4ab46a0):  JavaThread "C2 CompilerThread0" daemon [_thread_in_native, id=1568, stack(0x000000de71500000,0x000000de71600000) (1024K)]


Current CompileTask:
C2:6124 2576       4       org.lombokweb.asm.ClassReader::readMethod (1070 bytes)

Stack: [0x000000de71500000,0x000000de71600000]
Native frames: (J=compiled Java code, j=interpreted, Vv=VM code, C=native code)
V  [jvm.dll+0x6cdee9]
V  [jvm.dll+0x8a83d1]
V  [jvm.dll+0x8aa8fe]
V  [jvm.dll+0x8aafe3]
V  [jvm.dll+0x27f706]
V  [jvm.dll+0xc500d]
V  [jvm.dll+0xc5543]
V  [jvm.dll+0x6aa5f6]
V  [jvm.dll+0x8c914]
V  [jvm.dll+0x6a7eaf]
V  [jvm.dll+0x3984ce]
V  [jvm.dll+0x398ff3]
V  [jvm.dll+0x39cd62]
V  [jvm.dll+0x1ca143]
V  [jvm.dll+0x1cb1ac]
V  [jvm.dll+0x2f1cdc]
V  [jvm.dll+0x6e8512]
V  [jvm.dll+0x6e0503]
V  [jvm.dll+0x6dfc1e]
V  [jvm.dll+0x6ddd0c]
V  [jvm.dll+0x1ca62c]
V  [jvm.dll+0x246b3e]
V  [jvm.dll+0x1c75ee]
V  [jvm.dll+0x25685a]
V  [jvm.dll+0x254dfa]
V  [jvm.dll+0x3f0256]
V  [jvm.dll+0x851f8b]
V  [jvm.dll+0x6cc5ed]
C  [ucrtbase.dll+0x29333]
C  [KERNEL32.DLL+0x1259d]
C  [ntdll.dll+0x5af38]


---------------  P R O C E S S  ---------------

Threads class SMR info:
_java_thread_list=0x00000254fbde03f0, length=19, elements={
0x00000254ef6f01f0, 0x00000254f4aa4730, 0x00000254f4aa58c0, 0x00000254f4aa9a90,
0x00000254f4aaa8a0, 0x00000254f4aac860, 0x00000254f4ab37d0, 0x00000254f4ab46a0,
0x00000254f6488120, 0x00000254f6550820, 0x00000254f678ede0, 0x00000254fb297f80,
0x00000254fb8dba40, 0x00000254fb496b50, 0x00000254fb8cdec0, 0x00000254fb66ae80,
0x00000254fb83ff00, 0x00000254fbbc2860, 0x00000254fb9054f0
}

Java Threads: ( => current thread )
  0x00000254ef6f01f0 JavaThread "main"                              [_thread_blocked, id=17736, stack(0x000000de70a00000,0x000000de70b00000) (1024K)]
  0x00000254f4aa4730 JavaThread "Reference Handler"          daemon [_thread_blocked, id=1492, stack(0x000000de70f00000,0x000000de71000000) (1024K)]
  0x00000254f4aa58c0 JavaThread "Finalizer"                  daemon [_thread_blocked, id=9452, stack(0x000000de71000000,0x000000de71100000) (1024K)]
  0x00000254f4aa9a90 JavaThread "Signal Dispatcher"          daemon [_thread_blocked, id=22168, stack(0x000000de71100000,0x000000de71200000) (1024K)]
  0x00000254f4aaa8a0 JavaThread "Attach Listener"            daemon [_thread_blocked, id=2864, stack(0x000000de71200000,0x000000de71300000) (1024K)]
  0x00000254f4aac860 JavaThread "Service Thread"             daemon [_thread_blocked, id=7196, stack(0x000000de71300000,0x000000de71400000) (1024K)]
  0x00000254f4ab37d0 JavaThread "Monitor Deflation Thread"   daemon [_thread_blocked, id=4468, stack(0x000000de71400000,0x000000de71500000) (1024K)]
=>0x00000254f4ab46a0 JavaThread "C2 CompilerThread0"         daemon [_thread_in_native, id=1568, stack(0x000000de71500000,0x000000de71600000) (1024K)]
  0x00000254f6488120 JavaThread "C1 CompilerThread0"         daemon [_thread_blocked, id=6528, stack(0x000000de71600000,0x000000de71700000) (1024K)]
  0x00000254f6550820 JavaThread "Common-Cleaner"             daemon [_thread_blocked, id=21220, stack(0x000000de71700000,0x000000de71800000) (1024K)]
  0x00000254f678ede0 JavaThread "Notification Thread"        daemon [_thread_blocked, id=4712, stack(0x000000de71800000,0x000000de71900000) (1024K)]
  0x00000254fb297f80 JavaThread "Active Thread: Equinox Container: 72828200-a418-41f4-a9c5-229ed94c7d5b"        [_thread_blocked, id=15284, stack(0x000000de71f00000,0x000000de72000000) (1024K)]
  0x00000254fb8dba40 JavaThread "Framework Event Dispatcher: Equinox Container: 72828200-a418-41f4-a9c5-229ed94c7d5b" daemon [_thread_blocked, id=17072, stack(0x000000de72000000,0x000000de72100000) (1024K)]
  0x00000254fb496b50 JavaThread "Start Level: Equinox Container: 72828200-a418-41f4-a9c5-229ed94c7d5b" daemon [_thread_in_vm, id=8072, stack(0x000000de72100000,0x000000de72200000) (1024K)]
  0x00000254fb8cdec0 JavaThread "SCR Component Actor"        daemon [_thread_blocked, id=8880, stack(0x000000de72200000,0x000000de72300000) (1024K)]
  0x00000254fb66ae80 JavaThread "SCR Component Registry"     daemon [_thread_blocked, id=7436, stack(0x000000de72400000,0x000000de72500000) (1024K)]
  0x00000254fb83ff00 JavaThread "Worker-JM"                         [_thread_blocked, id=12416, stack(0x000000de72600000,0x000000de72700000) (1024K)]
  0x00000254fbbc2860 JavaThread "Worker-0"                          [_thread_blocked, id=10420, stack(0x000000de72500000,0x000000de72600000) (1024K)]
  0x00000254fb9054f0 JavaThread "Worker-1"                          [_thread_blocked, id=10040, stack(0x000000de72700000,0x000000de72800000) (1024K)]
Total: 19

Other Threads:
  0x00000254ef7ae6c0 VMThread "VM Thread"                           [id=18620, stack(0x000000de70e00000,0x000000de70f00000) (1024K)]
  0x00000254f49bca00 WatcherThread "VM Periodic Task Thread"        [id=12248, stack(0x000000de70d00000,0x000000de70e00000) (1024K)]
  0x00000254ef70ee80 WorkerThread "GC Thread#0"                     [id=6024, stack(0x000000de70c00000,0x000000de70d00000) (1024K)]
  0x00000254fb43c760 WorkerThread "GC Thread#1"                     [id=11452, stack(0x000000de71900000,0x000000de71a00000) (1024K)]
  0x00000254fb441360 WorkerThread "GC Thread#2"                     [id=4896, stack(0x000000de71a00000,0x000000de71b00000) (1024K)]
  0x00000254f687d8d0 WorkerThread "GC Thread#3"                     [id=7268, stack(0x000000de71b00000,0x000000de71c00000) (1024K)]
  0x00000254fb1912c0 WorkerThread "GC Thread#4"                     [id=18092, stack(0x000000de71c00000,0x000000de71d00000) (1024K)]
  0x00000254fb191660 WorkerThread "GC Thread#5"                     [id=5172, stack(0x000000de71d00000,0x000000de71e00000) (1024K)]
  0x00000254fb191a00 WorkerThread "GC Thread#6"                     [id=17568, stack(0x000000de71e00000,0x000000de71f00000) (1024K)]
  0x00000254fb464800 WorkerThread "GC Thread#7"                     [id=16828, stack(0x000000de72300000,0x000000de72400000) (1024K)]
Total: 10

Threads with active compile tasks:
C2 CompilerThread0  6190 2576       4       org.lombokweb.asm.ClassReader::readMethod (1070 bytes)
Total: 1

VM state: not at safepoint (normal execution)

VM Mutex/Monitor currently owned by a thread: None

Heap address: 0x00000000c0000000, size: 1024 MB, Compressed Oops mode: 32-bit

CDS archive(s) mapped at: [0x000002548f000000-0x000002548fba0000-0x000002548fba0000), size 12189696, SharedBaseAddress: 0x000002548f000000, ArchiveRelocationMode: 1.
Compressed class space mapped at: 0x0000025490000000-0x00000254d0000000, reserved size: 1073741824
Narrow klass base: 0x000002548f000000, Narrow klass shift: 0, Narrow klass range: 0x100000000

GC Precious Log:
 CardTable entry size: 512
 CPUs: 8 total, 8 available
 Memory: 8107M
 Large Page Support: Disabled
 NUMA Support: Disabled
 Compressed Oops: Enabled (32-bit)
 Alignments: Space 512K, Generation 512K, Heap 2M
 Heap Min Capacity: 100M
 Heap Initial Capacity: 100M
 Heap Max Capacity: 1G
 Pre-touch: Disabled
 Parallel Workers: 8

Heap:
 PSYoungGen      total 29696K, used 6061K [0x00000000eab00000, 0x00000000ecc00000, 0x0000000100000000)
  eden space 25600K, 7% used [0x00000000eab00000,0x00000000eacf0228,0x00000000ec400000)
  from space 4096K, 99% used [0x00000000ec400000,0x00000000ec7fb478,0x00000000ec800000)
  to   space 4096K, 0% used [0x00000000ec800000,0x00000000ec800000,0x00000000ecc00000)
 ParOldGen       total 68608K, used 6336K [0x00000000c0000000, 0x00000000c4300000, 0x00000000eab00000)
  object space 68608K, 9% used [0x00000000c0000000,0x00000000c0630328,0x00000000c4300000)
 Metaspace       used 20104K, committed 20736K, reserved 1114112K
  class space    used 1864K, committed 2112K, reserved 1048576K

Card table byte_map: [0x00000254ef090000,0x00000254ef2a0000] _byte_map_base: 0x00000254eea90000

Marking Bits: (ParMarkBitMap*) 0x00007fff4f793260
 Begin Bits: [0x00000254f28e0000, 0x00000254f38e0000)
 End Bits:   [0x00000254f38e0000, 0x00000254f48e0000)

Polling page: 0x00000254ed680000

Metaspace:

Usage:
  Non-class:     17.81 MB used.
      Class:      1.82 MB used.
       Both:     19.63 MB used.

Virtual space:
  Non-class space:       64.00 MB reserved,      18.19 MB ( 28%) committed,  1 nodes.
      Class space:        1.00 GB reserved,       2.06 MB ( <1%) committed,  1 nodes.
             Both:        1.06 GB reserved,      20.25 MB (  2%) committed. 

Chunk freelists:
   Non-Class:  13.84 MB
       Class:  13.94 MB
        Both:  27.79 MB

MaxMetaspaceSize: unlimited
CompressedClassSpaceSize: 1.00 GB
Initial GC threshold: 21.00 MB
Current GC threshold: 21.00 MB
CDS: on
 - commit_granule_bytes: 65536.
 - commit_granule_words: 8192.
 - virtual_space_node_default_size: 8388608.
 - enlarge_chunks_in_place: 1.
 - use_allocation_guard: 0.


Internal statistics:

num_allocs_failed_limit: 0.
num_arena_births: 466.
num_arena_deaths: 0.
num_vsnodes_births: 2.
num_vsnodes_deaths: 0.
num_space_committed: 324.
num_space_uncommitted: 0.
num_chunks_returned_to_freelist: 0.
num_chunks_taken_from_freelist: 1189.
num_chunk_merges: 0.
num_chunk_splits: 806.
num_chunks_enlarged: 524.
num_inconsistent_stats: 0.

CodeHeap 'non-profiled nmethods': size=120000Kb used=1028Kb max_used=1028Kb free=118971Kb
 bounds [0x0000025487ad0000, 0x0000025487d40000, 0x000002548f000000]
CodeHeap 'profiled nmethods': size=120000Kb used=5002Kb max_used=5002Kb free=114997Kb
 bounds [0x0000025480000000, 0x00000254804f0000, 0x0000025487530000]
CodeHeap 'non-nmethods': size=5760Kb used=1308Kb max_used=1323Kb free=4451Kb
 bounds [0x0000025487530000, 0x00000254877a0000, 0x0000025487ad0000]
 total_blobs=3165 nmethods=2576 adapters=495
 compilation: enabled
              stopped_count=0, restarted_count=0
 full_count=0

Compilation events (20 events):
Event: 6.038 Thread 0x00000254f6488120 2566       3       java.util.ArrayList$SubList::toArray (79 bytes)
Event: 6.039 Thread 0x00000254f6488120 nmethod 2566 0x00000254804df610 code [0x00000254804df820, 0x00000254804dfee0]
Event: 6.046 Thread 0x00000254f4ab46a0 nmethod 2563 0x0000025487bced90 code [0x0000025487bcef40, 0x0000025487bcf2b8]
Event: 6.052 Thread 0x00000254f4ab46a0 2568       4       jdk.internal.misc.Unsafe::allocateUninitializedArray (55 bytes)
Event: 6.054 Thread 0x00000254f4ab46a0 nmethod 2568 0x0000025487bcf590 code [0x0000025487bcf720, 0x0000025487bcf918]
Event: 6.058 Thread 0x00000254f4ab46a0 2569       4       java.util.WeakHashMap::hash (28 bytes)
Event: 6.060 Thread 0x00000254f4ab46a0 nmethod 2569 0x0000025487bcfa90 code [0x0000025487bcfc20, 0x0000025487bcfd60]
Event: 6.068 Thread 0x00000254f4ab46a0 2570       4       java.util.concurrent.locks.ReentrantLock$Sync::tryRelease (51 bytes)
Event: 6.069 Thread 0x00000254f4ab46a0 nmethod 2570 0x0000025487bcfe10 code [0x0000025487bcffa0, 0x0000025487bd0078]
Event: 6.075 Thread 0x00000254f4ab46a0 2571       4       org.lombokweb.asm.Type::getArgumentsAndReturnSizes (140 bytes)
Event: 6.076 Thread 0x00000254f6488120 2573       3       org.lombokweb.asm.SymbolTable::addConstantMethodref (24 bytes)
Event: 6.077 Thread 0x00000254f6488120 nmethod 2573 0x00000254804e0110 code [0x00000254804e02c0, 0x00000254804e0460]
Event: 6.077 Thread 0x00000254f6488120 2574       3       org.lombokweb.asm.MethodVisitor::visitJumpInsn (17 bytes)
Event: 6.077 Thread 0x00000254f6488120 nmethod 2574 0x00000254804e0510 code [0x00000254804e06c0, 0x00000254804e08c8]
Event: 6.079 Thread 0x00000254f6488120 2575       3       org.lombokweb.asm.Label::addForwardReference (102 bytes)
Event: 6.080 Thread 0x00000254f6488120 nmethod 2575 0x00000254804e0990 code [0x00000254804e0b60, 0x00000254804e0fc0]
Event: 6.082 Thread 0x00000254f6488120 2577       3       org.lombokweb.asm.ByteVector::putByteArray (49 bytes)
Event: 6.082 Thread 0x00000254f6488120 nmethod 2577 0x00000254804e1190 code [0x00000254804e1360, 0x00000254804e1628]
Event: 6.091 Thread 0x00000254f4ab46a0 nmethod 2571 0x0000025487bd0110 code [0x0000025487bd0340, 0x0000025487bd0c48]
Event: 6.091 Thread 0x00000254f4ab46a0 2576       4       org.lombokweb.asm.ClassReader::readMethod (1070 bytes)

GC Heap History (8 events):
Event: 2.203 GC heap before
{Heap before GC invocations=1 (full 0):
 PSYoungGen      total 29696K, used 25600K [0x00000000eab00000, 0x00000000ecc00000, 0x0000000100000000)
  eden space 25600K, 100% used [0x00000000eab00000,0x00000000ec400000,0x00000000ec400000)
  from space 4096K, 0% used [0x00000000ec800000,0x00000000ec800000,0x00000000ecc00000)
  to   space 4096K, 0% used [0x00000000ec400000,0x00000000ec400000,0x00000000ec800000)
 ParOldGen       total 68608K, used 0K [0x00000000c0000000, 0x00000000c4300000, 0x00000000eab00000)
  object space 68608K, 0% used [0x00000000c0000000,0x00000000c0000000,0x00000000c4300000)
 Metaspace       used 4321K, committed 4544K, reserved 1114112K
  class space    used 437K, committed 512K, reserved 1048576K
}
Event: 2.216 GC heap after
{Heap after GC invocations=1 (full 0):
 PSYoungGen      total 29696K, used 3368K [0x00000000eab00000, 0x00000000ecc00000, 0x0000000100000000)
  eden space 25600K, 0% used [0x00000000eab00000,0x00000000eab00000,0x00000000ec400000)
  from space 4096K, 82% used [0x00000000ec400000,0x00000000ec74a0c0,0x00000000ec800000)
  to   space 4096K, 0% used [0x00000000ec800000,0x00000000ec800000,0x00000000ecc00000)
 ParOldGen       total 68608K, used 16K [0x00000000c0000000, 0x00000000c4300000, 0x00000000eab00000)
  object space 68608K, 0% used [0x00000000c0000000,0x00000000c0004000,0x00000000c4300000)
 Metaspace       used 4321K, committed 4544K, reserved 1114112K
  class space    used 437K, committed 512K, reserved 1048576K
}
Event: 3.554 GC heap before
{Heap before GC invocations=2 (full 0):
 PSYoungGen      total 29696K, used 28968K [0x00000000eab00000, 0x00000000ecc00000, 0x0000000100000000)
  eden space 25600K, 100% used [0x00000000eab00000,0x00000000ec400000,0x00000000ec400000)
  from space 4096K, 82% used [0x00000000ec400000,0x00000000ec74a0c0,0x00000000ec800000)
  to   space 4096K, 0% used [0x00000000ec800000,0x00000000ec800000,0x00000000ecc00000)
 ParOldGen       total 68608K, used 16K [0x00000000c0000000, 0x00000000c4300000, 0x00000000eab00000)
  object space 68608K, 0% used [0x00000000c0000000,0x00000000c0004000,0x00000000c4300000)
 Metaspace       used 8146K, committed 8512K, reserved 1114112K
  class space    used 809K, committed 960K, reserved 1048576K
}
Event: 3.562 GC heap after
{Heap after GC invocations=2 (full 0):
 PSYoungGen      total 29696K, used 4077K [0x00000000eab00000, 0x00000000ecc00000, 0x0000000100000000)
  eden space 25600K, 0% used [0x00000000eab00000,0x00000000eab00000,0x00000000ec400000)
  from space 4096K, 99% used [0x00000000ec800000,0x00000000ecbfb768,0x00000000ecc00000)
  to   space 4096K, 0% used [0x00000000ec400000,0x00000000ec400000,0x00000000ec800000)
 ParOldGen       total 68608K, used 1055K [0x00000000c0000000, 0x00000000c4300000, 0x00000000eab00000)
  object space 68608K, 1% used [0x00000000c0000000,0x00000000c0107ea8,0x00000000c4300000)
 Metaspace       used 8146K, committed 8512K, reserved 1114112K
  class space    used 809K, committed 960K, reserved 1048576K
}
Event: 4.889 GC heap before
{Heap before GC invocations=3 (full 0):
 PSYoungGen      total 29696K, used 29677K [0x00000000eab00000, 0x00000000ecc00000, 0x0000000100000000)
  eden space 25600K, 100% used [0x00000000eab00000,0x00000000ec400000,0x00000000ec400000)
  from space 4096K, 99% used [0x00000000ec800000,0x00000000ecbfb768,0x00000000ecc00000)
  to   space 4096K, 0% used [0x00000000ec400000,0x00000000ec400000,0x00000000ec800000)
 ParOldGen       total 68608K, used 1055K [0x00000000c0000000, 0x00000000c4300000, 0x00000000eab00000)
  object space 68608K, 1% used [0x00000000c0000000,0x00000000c0107ea8,0x00000000c4300000)
 Metaspace       used 12911K, committed 13440K, reserved 1114112K
  class space    used 1300K, committed 1536K, reserved 1048576K
}
Event: 4.894 GC heap after
{Heap after GC invocations=3 (full 0):
 PSYoungGen      total 29696K, used 4093K [0x00000000eab00000, 0x00000000ecc00000, 0x0000000100000000)
  eden space 25600K, 0% used [0x00000000eab00000,0x00000000eab00000,0x00000000ec400000)
  from space 4096K, 99% used [0x00000000ec400000,0x00000000ec7ff4b8,0x00000000ec800000)
  to   space 4096K, 0% used [0x00000000ec800000,0x00000000ec800000,0x00000000ecc00000)
 ParOldGen       total 68608K, used 2872K [0x00000000c0000000, 0x00000000c4300000, 0x00000000eab00000)
  object space 68608K, 4% used [0x00000000c0000000,0x00000000c02ce1f0,0x00000000c4300000)
 Metaspace       used 12911K, committed 13440K, reserved 1114112K
  class space    used 1300K, committed 1536K, reserved 1048576K
}
Event: 5.644 GC heap before
{Heap before GC invocations=4 (full 0):
 PSYoungGen      total 29696K, used 29693K [0x00000000eab00000, 0x00000000ecc00000, 0x0000000100000000)
  eden space 25600K, 100% used [0x00000000eab00000,0x00000000ec400000,0x00000000ec400000)
  from space 4096K, 99% used [0x00000000ec400000,0x00000000ec7ff4b8,0x00000000ec800000)
  to   space 4096K, 0% used [0x00000000ec800000,0x00000000ec800000,0x00000000ecc00000)
 ParOldGen       total 68608K, used 2872K [0x00000000c0000000, 0x00000000c4300000, 0x00000000eab00000)
  object space 68608K, 4% used [0x00000000c0000000,0x00000000c02ce1f0,0x00000000c4300000)
 Metaspace       used 15717K, committed 16384K, reserved 1114112K
  class space    used 1563K, committed 1856K, reserved 1048576K
}
Event: 5.648 GC heap after
{Heap after GC invocations=4 (full 0):
 PSYoungGen      total 29696K, used 4087K [0x00000000eab00000, 0x00000000ecc00000, 0x0000000100000000)
  eden space 25600K, 0% used [0x00000000eab00000,0x00000000eab00000,0x00000000ec400000)
  from space 4096K, 99% used [0x00000000ec800000,0x00000000ecbfdce8,0x00000000ecc00000)
  to   space 4096K, 0% used [0x00000000ec400000,0x00000000ec400000,0x00000000ec800000)
 ParOldGen       total 68608K, used 5113K [0x00000000c0000000, 0x00000000c4300000, 0x00000000eab00000)
  object space 68608K, 7% used [0x00000000c0000000,0x00000000c04fe460,0x00000000c4300000)
 Metaspace       used 15717K, committed 16384K, reserved 1114112K
  class space    used 1563K, committed 1856K, reserved 1048576K
}

Dll operation events (9 events):
Event: 0.025 Loaded shared library c:\Users\happy\.vscode\extensions\redhat.java-1.41.1-win32-x64\jre\21.0.6-win32-x86_64\bin\java.dll
Event: 0.075 Loaded shared library c:\Users\happy\.vscode\extensions\redhat.java-1.41.1-win32-x64\jre\21.0.6-win32-x86_64\bin\zip.dll
Event: 0.279 Loaded shared library C:\Users\happy\.vscode\extensions\redhat.java-1.41.1-win32-x64\jre\21.0.6-win32-x86_64\bin\instrument.dll
Event: 0.288 Loaded shared library C:\Users\happy\.vscode\extensions\redhat.java-1.41.1-win32-x64\jre\21.0.6-win32-x86_64\bin\net.dll
Event: 0.292 Loaded shared library C:\Users\happy\.vscode\extensions\redhat.java-1.41.1-win32-x64\jre\21.0.6-win32-x86_64\bin\nio.dll
Event: 0.298 Loaded shared library C:\Users\happy\.vscode\extensions\redhat.java-1.41.1-win32-x64\jre\21.0.6-win32-x86_64\bin\zip.dll
Event: 0.376 Loaded shared library C:\Users\happy\.vscode\extensions\redhat.java-1.41.1-win32-x64\jre\21.0.6-win32-x86_64\bin\jimage.dll
Event: 0.634 Loaded shared library c:\Users\happy\.vscode\extensions\redhat.java-1.41.1-win32-x64\jre\21.0.6-win32-x86_64\bin\verify.dll
Event: 3.436 Loaded shared library C:\Users\happy\AppData\Roaming\Code\User\globalStorage\redhat.java\1.41.1\config_ss_win\org.eclipse.equinox.launcher\org.eclipse.equinox.launcher.win32.win32.x86_64_1.2.1300.v20250331-1702\eclipse_11911.dll

Deoptimization events (20 events):
Event: 6.033 Thread 0x00000254fb496b50 Uncommon trap: trap_request=0xffffff45 fr.pc=0x0000025487bce658 relative=0x0000000000000398
Event: 6.033 Thread 0x00000254fb496b50 Uncommon trap: reason=unstable_if action=reinterpret pc=0x0000025487bce658 method=org.lombokweb.asm.Label.resolve([BLorg/lombokweb/asm/ByteVector;I)Z @ 81 c2
Event: 6.033 Thread 0x00000254fb496b50 DEOPT PACKING pc=0x0000025487bce658 sp=0x000000de721f2540
Event: 6.033 Thread 0x00000254fb496b50 DEOPT UNPACKING pc=0x0000025487583aa2 sp=0x000000de721f2448 mode 2
Event: 6.055 Thread 0x00000254fb496b50 Uncommon trap: trap_request=0xffffffde fr.pc=0x0000025487bcf85c relative=0x000000000000013c
Event: 6.055 Thread 0x00000254fb496b50 Uncommon trap: reason=class_check action=maybe_recompile pc=0x0000025487bcf85c method=jdk.internal.misc.Unsafe.allocateUninitializedArray(Ljava/lang/Class;I)Ljava/lang/Object; @ 51 c2
Event: 6.055 Thread 0x00000254fb496b50 DEOPT PACKING pc=0x0000025487bcf85c sp=0x000000de721f4670
Event: 6.055 Thread 0x00000254fb496b50 DEOPT UNPACKING pc=0x0000025487583aa2 sp=0x000000de721f45e8 mode 2
Event: 6.055 Thread 0x00000254fb496b50 Uncommon trap: trap_request=0xffffffde fr.pc=0x0000025487bcf85c relative=0x000000000000013c
Event: 6.055 Thread 0x00000254fb496b50 Uncommon trap: reason=class_check action=maybe_recompile pc=0x0000025487bcf85c method=jdk.internal.misc.Unsafe.allocateUninitializedArray(Ljava/lang/Class;I)Ljava/lang/Object; @ 51 c2
Event: 6.055 Thread 0x00000254fb496b50 DEOPT PACKING pc=0x0000025487bcf85c sp=0x000000de721f4670
Event: 6.055 Thread 0x00000254fb496b50 DEOPT UNPACKING pc=0x0000025487583aa2 sp=0x000000de721f45e8 mode 2
Event: 6.056 Thread 0x00000254fb496b50 Uncommon trap: trap_request=0xffffffde fr.pc=0x0000025487bcf85c relative=0x000000000000013c
Event: 6.056 Thread 0x00000254fb496b50 Uncommon trap: reason=class_check action=maybe_recompile pc=0x0000025487bcf85c method=jdk.internal.misc.Unsafe.allocateUninitializedArray(Ljava/lang/Class;I)Ljava/lang/Object; @ 51 c2
Event: 6.056 Thread 0x00000254fb496b50 DEOPT PACKING pc=0x0000025487bcf85c sp=0x000000de721f4510
Event: 6.056 Thread 0x00000254fb496b50 DEOPT UNPACKING pc=0x0000025487583aa2 sp=0x000000de721f4488 mode 2
Event: 6.057 Thread 0x00000254fb496b50 Uncommon trap: trap_request=0xffffffde fr.pc=0x0000025487bcf85c relative=0x000000000000013c
Event: 6.057 Thread 0x00000254fb496b50 Uncommon trap: reason=class_check action=maybe_recompile pc=0x0000025487bcf85c method=jdk.internal.misc.Unsafe.allocateUninitializedArray(Ljava/lang/Class;I)Ljava/lang/Object; @ 51 c2
Event: 6.057 Thread 0x00000254fb496b50 DEOPT PACKING pc=0x0000025487bcf85c sp=0x000000de721f45a0
Event: 6.057 Thread 0x00000254fb496b50 DEOPT UNPACKING pc=0x0000025487583aa2 sp=0x000000de721f4518 mode 2

Classes loaded (20 events):
Event: 5.506 Loading class java/util/zip/GZIPInputStream
Event: 5.507 Loading class java/util/zip/GZIPInputStream done
Event: 5.507 Loading class java/io/StringReader
Event: 5.508 Loading class java/io/StringReader done
Event: 5.519 Loading class java/net/SocketTimeoutException
Event: 5.520 Loading class java/io/InterruptedIOException
Event: 5.520 Loading class java/io/InterruptedIOException done
Event: 5.520 Loading class java/net/SocketTimeoutException done
Event: 5.520 Loading class java/net/SocketException
Event: 5.520 Loading class java/net/SocketException done
Event: 5.520 Loading class java/net/UnknownHostException
Event: 5.520 Loading class java/net/UnknownHostException done
Event: 5.521 Loading class java/net/ProtocolException
Event: 5.521 Loading class java/net/ProtocolException done
Event: 5.558 Loading class java/lang/ThreadLocal$SuppliedThreadLocal
Event: 5.558 Loading class java/lang/ThreadLocal$SuppliedThreadLocal done
Event: 5.572 Loading class java/io/FileWriter
Event: 5.573 Loading class java/io/FileWriter done
Event: 5.574 Loading class java/lang/NegativeArraySizeException
Event: 5.575 Loading class java/lang/NegativeArraySizeException done

Classes unloaded (0 events):
No events

Classes redefined (0 events):
No events

Internal exceptions (20 events):
Event: 4.794 Thread 0x00000254fb496b50 Exception <a 'java/lang/NoSuchMethodError'{0x00000000ec295ba0}: 'java.lang.Object java.lang.invoke.DelegatingMethodHandle$Holder.reinvoke_L(java.lang.Object, java.lang.Object, java.lang.Object, java.lang.Object, int, int)'> (0x00000000ec295ba0) 
thrown [s\src\hotspot\share\interpreter\linkResolver.cpp, line 773]
Event: 4.798 Thread 0x00000254fb496b50 Exception <a 'java/lang/NoSuchMethodError'{0x00000000ec2b1f78}: 'java.lang.Object java.lang.invoke.DirectMethodHandle$Holder.newInvokeSpecial(java.lang.Object, java.lang.Object, java.lang.Object, java.lang.Object, java.lang.Object, java.lang.Object)'> (0x00000000ec2b1f78) 
thrown [s\src\hotspot\share\interpreter\linkResolver.cpp, line 773]
Event: 4.803 Thread 0x00000254fb496b50 Exception <a 'java/lang/NoSuchMethodError'{0x00000000ec2cdf18}: 'void java.lang.invoke.Invokers$Holder.invokeExact_MT(java.lang.Object, java.lang.Object, java.lang.Object, java.lang.Object)'> (0x00000000ec2cdf18) 
thrown [s\src\hotspot\share\interpreter\linkResolver.cpp, line 773]
Event: 4.910 Thread 0x00000254fb496b50 Exception <a 'java/io/FileNotFoundException'{0x00000000eab26d28}> (0x00000000eab26d28) 
thrown [s\src\hotspot\share\prims\jni.cpp, line 520]
Event: 4.920 Thread 0x00000254fb496b50 Exception <a 'java/io/FileNotFoundException'{0x00000000eab2da80}> (0x00000000eab2da80) 
thrown [s\src\hotspot\share\prims\jni.cpp, line 520]
Event: 5.267 Thread 0x00000254fb496b50 Exception <a 'java/lang/NoSuchMethodError'{0x00000000eb10f448}: 'java.lang.Object java.lang.invoke.DirectMethodHandle$Holder.newInvokeSpecial(java.lang.Object, java.lang.Object, java.lang.Object, java.lang.Object, java.lang.Object)'> (0x00000000eb10f448) 
thrown [s\src\hotspot\share\interpreter\linkResolver.cpp, line 773]
Event: 5.294 Thread 0x00000254fb496b50 Exception <a 'java/lang/NoSuchMethodError'{0x00000000eb1ec500}: 'java.lang.Object java.lang.invoke.DirectMethodHandle$Holder.invokeSpecial(java.lang.Object, java.lang.Object, java.lang.Object, long, java.lang.Object)'> (0x00000000eb1ec500) 
thrown [s\src\hotspot\share\interpreter\linkResolver.cpp, line 773]
Event: 5.295 Thread 0x00000254fb496b50 Exception <a 'java/lang/NoSuchMethodError'{0x00000000eb1f3c90}: 'java.lang.Object java.lang.invoke.DirectMethodHandle$Holder.newInvokeSpecial(java.lang.Object, java.lang.Object, java.lang.Object, long)'> (0x00000000eb1f3c90) 
thrown [s\src\hotspot\share\interpreter\linkResolver.cpp, line 773]
Event: 5.296 Thread 0x00000254fb496b50 Exception <a 'java/lang/NoSuchMethodError'{0x00000000eb1f7af0}: 'java.lang.Object java.lang.invoke.Invokers$Holder.linkToTargetMethod(java.lang.Object, java.lang.Object, long, java.lang.Object)'> (0x00000000eb1f7af0) 
thrown [s\src\hotspot\share\interpreter\linkResolver.cpp, line 773]
Event: 5.310 Thread 0x00000254fb496b50 Exception <a 'java/lang/NoSuchMethodError'{0x00000000eb24f920}: 'int java.lang.invoke.DirectMethodHandle$Holder.invokeStaticInit(java.lang.Object, java.lang.Object, java.lang.Object)'> (0x00000000eb24f920) 
thrown [s\src\hotspot\share\interpreter\linkResolver.cpp, line 773]
Event: 5.350 Thread 0x00000254fb496b50 Exception <a 'java/lang/IncompatibleClassChangeError'{0x00000000eb2f89b0}: Found class java.lang.Object, but interface was expected> (0x00000000eb2f89b0) 
thrown [s\src\hotspot\share\interpreter\linkResolver.cpp, line 840]
Event: 5.352 Thread 0x00000254fb496b50 Exception <a 'java/lang/NoSuchMethodError'{0x00000000eb2fc308}: 'java.lang.Object java.lang.invoke.DirectMethodHandle$Holder.invokeSpecial(java.lang.Object, java.lang.Object, java.lang.Object, int, java.lang.Object, java.lang.Object)'> (0x00000000eb2fc308) 
thrown [s\src\hotspot\share\interpreter\linkResolver.cpp, line 773]
Event: 5.352 Thread 0x00000254fb496b50 Exception <a 'java/lang/NoSuchMethodError'{0x00000000eb303ba0}: 'java.lang.Object java.lang.invoke.DirectMethodHandle$Holder.newInvokeSpecial(java.lang.Object, java.lang.Object, java.lang.Object, int, java.lang.Object)'> (0x00000000eb303ba0) 
thrown [s\src\hotspot\share\interpreter\linkResolver.cpp, line 773]
Event: 5.353 Thread 0x00000254fb496b50 Exception <a 'java/lang/NoSuchMethodError'{0x00000000eb307690}: 'java.lang.Object java.lang.invoke.Invokers$Holder.linkToTargetMethod(java.lang.Object, java.lang.Object, int, java.lang.Object, java.lang.Object)'> (0x00000000eb307690) 
thrown [s\src\hotspot\share\interpreter\linkResolver.cpp, line 773]
Event: 5.354 Thread 0x00000254fbbc2860 Exception <a 'java/lang/NoSuchMethodError'{0x00000000eb27de10}: 'java.lang.Object java.lang.invoke.DirectMethodHandle$Holder.invokeSpecial(java.lang.Object, java.lang.Object, int, java.lang.Object, java.lang.Object)'> (0x00000000eb27de10) 
thrown [s\src\hotspot\share\interpreter\linkResolver.cpp, line 773]
Event: 5.355 Thread 0x00000254fbbc2860 Exception <a 'java/lang/NoSuchMethodError'{0x00000000eb284b48}: 'java.lang.Object java.lang.invoke.DirectMethodHandle$Holder.newInvokeSpecial(java.lang.Object, java.lang.Object, int, java.lang.Object)'> (0x00000000eb284b48) 
thrown [s\src\hotspot\share\interpreter\linkResolver.cpp, line 773]
Event: 5.381 Thread 0x00000254fb496b50 Exception <a 'java/lang/NoSuchMethodError'{0x00000000eb43e2d8}: 'void java.lang.invoke.DirectMethodHandle$Holder.invokeSpecial(java.lang.Object, java.lang.Object, java.lang.Object, java.lang.Object, java.lang.Object)'> (0x00000000eb43e2d8) 
thrown [s\src\hotspot\share\interpreter\linkResolver.cpp, line 773]
Event: 5.455 Thread 0x00000254fb496b50 Exception <a 'java/lang/NoSuchMethodError'{0x00000000eb6594e0}: 'double java.lang.invoke.DirectMethodHandle$Holder.invokeStatic(java.lang.Object, java.lang.Object)'> (0x00000000eb6594e0) 
thrown [s\src\hotspot\share\interpreter\linkResolver.cpp, line 773]
Event: 5.456 Thread 0x00000254fb496b50 Exception <a 'java/lang/NoSuchMethodError'{0x00000000eb65cba0}: 'double java.lang.invoke.DirectMethodHandle$Holder.invokeStaticInit(java.lang.Object, java.lang.Object)'> (0x00000000eb65cba0) 
thrown [s\src\hotspot\share\interpreter\linkResolver.cpp, line 773]
Event: 6.033 Thread 0x00000254fb496b50 Implicit null exception at 0x0000025487bcde75 to 0x0000025487bcdf68

ZGC Phase Switch (0 events):
No events

VM Operations (20 events):
Event: 3.034 Executing VM operation: HandshakeAllThreads (Deoptimize)
Event: 3.034 Executing VM operation: HandshakeAllThreads (Deoptimize) done
Event: 3.554 Executing VM operation: ParallelGCFailedAllocation (Allocation Failure)
Event: 3.562 Executing VM operation: ParallelGCFailedAllocation (Allocation Failure) done
Event: 3.629 Executing VM operation: HandshakeAllThreads (Deoptimize)
Event: 3.629 Executing VM operation: HandshakeAllThreads (Deoptimize) done
Event: 3.898 Executing VM operation: HandshakeAllThreads (Deoptimize)
Event: 3.918 Executing VM operation: HandshakeAllThreads (Deoptimize) done
Event: 4.447 Executing VM operation: HandshakeAllThreads (Deoptimize)
Event: 4.447 Executing VM operation: HandshakeAllThreads (Deoptimize) done
Event: 4.889 Executing VM operation: ParallelGCFailedAllocation (Allocation Failure)
Event: 4.895 Executing VM operation: ParallelGCFailedAllocation (Allocation Failure) done
Event: 5.008 Executing VM operation: HandshakeAllThreads (Deoptimize)
Event: 5.008 Executing VM operation: HandshakeAllThreads (Deoptimize) done
Event: 5.019 Executing VM operation: HandshakeAllThreads (Deoptimize)
Event: 5.019 Executing VM operation: HandshakeAllThreads (Deoptimize) done
Event: 5.068 Executing VM operation: HandshakeAllThreads (Deoptimize)
Event: 5.068 Executing VM operation: HandshakeAllThreads (Deoptimize) done
Event: 5.644 Executing VM operation: ParallelGCFailedAllocation (Allocation Failure)
Event: 5.649 Executing VM operation: ParallelGCFailedAllocation (Allocation Failure) done

Memory protections (0 events):
No events

Nmethod flushes (0 events):
No events

Events (20 events):
Event: 0.115 Thread 0x00000254ef6f01f0 Thread added: 0x00000254f4aa9a90
Event: 0.115 Thread 0x00000254ef6f01f0 Thread added: 0x00000254f4aaa8a0
Event: 0.115 Thread 0x00000254ef6f01f0 Thread added: 0x00000254f4aac860
Event: 0.115 Thread 0x00000254ef6f01f0 Thread added: 0x00000254f4ab37d0
Event: 0.116 Thread 0x00000254ef6f01f0 Thread added: 0x00000254f4ab46a0
Event: 0.118 Thread 0x00000254ef6f01f0 Thread added: 0x00000254f6488120
Event: 0.179 Thread 0x00000254ef6f01f0 Thread added: 0x00000254f6550820
Event: 0.876 Thread 0x00000254ef6f01f0 Thread added: 0x00000254f678ede0
Event: 1.655 Thread 0x00000254f6488120 Thread added: 0x00000254f687d8d0
Event: 2.192 Thread 0x00000254f687d8d0 Thread exited: 0x00000254f687d8d0
Event: 2.871 Thread 0x00000254ef6f01f0 Thread added: 0x00000254fb297f80
Event: 3.418 Thread 0x00000254ef6f01f0 Thread added: 0x00000254fb8dba40
Event: 3.427 Thread 0x00000254ef6f01f0 Thread added: 0x00000254fb496b50
Event: 3.532 Thread 0x00000254fb496b50 Thread added: 0x00000254fb8cdec0
Event: 3.869 Thread 0x00000254fb496b50 Thread added: 0x00000254fb66ae80
Event: 4.085 Thread 0x00000254f6488120 Thread added: 0x00000254fb64ef50
Event: 4.546 Thread 0x00000254fb496b50 Thread added: 0x00000254fb83ff00
Event: 4.566 Thread 0x00000254fb64ef50 Thread exited: 0x00000254fb64ef50
Event: 5.301 Thread 0x00000254fb496b50 Thread added: 0x00000254fbbc2860
Event: 5.355 Thread 0x00000254fb496b50 Thread added: 0x00000254fb9054f0


Dynamic libraries:
0x00007ff769410000 - 0x00007ff76941e000 	c:\Users\happy\.vscode\extensions\redhat.java-1.41.1-win32-x64\jre\21.0.6-win32-x86_64\bin\java.exe
0x00007fffe8290000 - 0x00007fffe84a7000 	C:\WINDOWS\SYSTEM32\ntdll.dll
0x00007fffe7670000 - 0x00007fffe7734000 	C:\WINDOWS\System32\KERNEL32.DLL
0x00007fffe53d0000 - 0x00007fffe57a3000 	C:\WINDOWS\System32\KERNELBASE.dll
0x00007fffe5d60000 - 0x00007fffe5e71000 	C:\WINDOWS\System32\ucrtbase.dll
0x00007fffcf980000 - 0x00007fffcf998000 	c:\Users\happy\.vscode\extensions\redhat.java-1.41.1-win32-x64\jre\21.0.6-win32-x86_64\bin\jli.dll
0x00007fffe6ca0000 - 0x00007fffe6e51000 	C:\WINDOWS\System32\USER32.dll
0x00007fffcf960000 - 0x00007fffcf97e000 	c:\Users\happy\.vscode\extensions\redhat.java-1.41.1-win32-x64\jre\21.0.6-win32-x86_64\bin\VCRUNTIME140.dll
0x00007fffe5f00000 - 0x00007fffe5f26000 	C:\WINDOWS\System32\win32u.dll
0x00007fffe7e00000 - 0x00007fffe7e29000 	C:\WINDOWS\System32\GDI32.dll
0x00007fffcb600000 - 0x00007fffcb898000 	C:\WINDOWS\WinSxS\amd64_microsoft.windows.common-controls_6595b64144ccf1df_6.0.22621.5124_none_270e8f4f7386d69d\COMCTL32.dll
0x00007fffe5c40000 - 0x00007fffe5d5b000 	C:\WINDOWS\System32\gdi32full.dll
0x00007fffe57b0000 - 0x00007fffe584a000 	C:\WINDOWS\System32\msvcp_win.dll
0x00007fffe8120000 - 0x00007fffe81c7000 	C:\WINDOWS\System32\msvcrt.dll
0x00007fffe6a60000 - 0x00007fffe6a91000 	C:\WINDOWS\System32\IMM32.DLL
0x00007fffd7770000 - 0x00007fffd777c000 	c:\Users\happy\.vscode\extensions\redhat.java-1.41.1-win32-x64\jre\21.0.6-win32-x86_64\bin\vcruntime140_1.dll
0x00007fff9f940000 - 0x00007fff9f9cd000 	c:\Users\happy\.vscode\extensions\redhat.java-1.41.1-win32-x64\jre\21.0.6-win32-x86_64\bin\msvcp140.dll
0x00007fff4eae0000 - 0x00007fff4f870000 	c:\Users\happy\.vscode\extensions\redhat.java-1.41.1-win32-x64\jre\21.0.6-win32-x86_64\bin\server\jvm.dll
0x00007fffe7740000 - 0x00007fffe77f1000 	C:\WINDOWS\System32\ADVAPI32.dll
0x00007fffe7d50000 - 0x00007fffe7df8000 	C:\WINDOWS\System32\sechost.dll
0x00007fffe53a0000 - 0x00007fffe53c8000 	C:\WINDOWS\System32\bcrypt.dll
0x00007fffe6ec0000 - 0x00007fffe6fd4000 	C:\WINDOWS\System32\RPCRT4.dll
0x00007fffe7e50000 - 0x00007fffe7ec1000 	C:\WINDOWS\System32\WS2_32.dll
0x00007fffe4220000 - 0x00007fffe426d000 	C:\WINDOWS\SYSTEM32\POWRPROF.dll
0x00007fffd9190000 - 0x00007fffd91c4000 	C:\WINDOWS\SYSTEM32\WINMM.dll
0x00007fffd7a30000 - 0x00007fffd7a3a000 	C:\WINDOWS\SYSTEM32\VERSION.dll
0x00007fffe4200000 - 0x00007fffe4213000 	C:\WINDOWS\SYSTEM32\UMPDC.dll
0x00007fffe44c0000 - 0x00007fffe44d8000 	C:\WINDOWS\SYSTEM32\kernel.appcore.dll
0x00007fffd70f0000 - 0x00007fffd70fa000 	c:\Users\happy\.vscode\extensions\redhat.java-1.41.1-win32-x64\jre\21.0.6-win32-x86_64\bin\jimage.dll
0x00007fffe2d30000 - 0x00007fffe2f62000 	C:\WINDOWS\SYSTEM32\DBGHELP.DLL
0x00007fffe7800000 - 0x00007fffe7b92000 	C:\WINDOWS\System32\combase.dll
0x00007fffe60d0000 - 0x00007fffe61a7000 	C:\WINDOWS\System32\OLEAUT32.dll
0x00007fffd79f0000 - 0x00007fffd7a22000 	C:\WINDOWS\SYSTEM32\dbgcore.DLL
0x00007fffe5990000 - 0x00007fffe5a0b000 	C:\WINDOWS\System32\bcryptPrimitives.dll
0x00007fffd05b0000 - 0x00007fffd05bf000 	c:\Users\happy\.vscode\extensions\redhat.java-1.41.1-win32-x64\jre\21.0.6-win32-x86_64\bin\instrument.dll
0x00007fffce720000 - 0x00007fffce73f000 	c:\Users\happy\.vscode\extensions\redhat.java-1.41.1-win32-x64\jre\21.0.6-win32-x86_64\bin\java.dll
0x00007fffe61b0000 - 0x00007fffe6a46000 	C:\WINDOWS\System32\SHELL32.dll
0x00007fffe5850000 - 0x00007fffe598f000 	C:\WINDOWS\System32\wintypes.dll
0x00007fffe32d0000 - 0x00007fffe3bea000 	C:\WINDOWS\SYSTEM32\windows.storage.dll
0x00007fffe8010000 - 0x00007fffe811a000 	C:\WINDOWS\System32\SHCORE.dll
0x00007fffe6c30000 - 0x00007fffe6c93000 	C:\WINDOWS\System32\shlwapi.dll
0x00007fffe52d0000 - 0x00007fffe52fb000 	C:\WINDOWS\SYSTEM32\profapi.dll
0x00007fffcd9d0000 - 0x00007fffcd9e8000 	c:\Users\happy\.vscode\extensions\redhat.java-1.41.1-win32-x64\jre\21.0.6-win32-x86_64\bin\zip.dll
0x00007fffd0420000 - 0x00007fffd0430000 	C:\Users\happy\.vscode\extensions\redhat.java-1.41.1-win32-x64\jre\21.0.6-win32-x86_64\bin\net.dll
0x00007fffd6960000 - 0x00007fffd6a8c000 	C:\WINDOWS\SYSTEM32\WINHTTP.dll
0x00007fffe4940000 - 0x00007fffe49aa000 	C:\WINDOWS\system32\mswsock.dll
0x00007fffcdb80000 - 0x00007fffcdb96000 	C:\Users\happy\.vscode\extensions\redhat.java-1.41.1-win32-x64\jre\21.0.6-win32-x86_64\bin\nio.dll
0x00007fffd0100000 - 0x00007fffd0110000 	c:\Users\happy\.vscode\extensions\redhat.java-1.41.1-win32-x64\jre\21.0.6-win32-x86_64\bin\verify.dll
0x00007fffcd950000 - 0x00007fffcd995000 	C:\Users\happy\AppData\Roaming\Code\User\globalStorage\redhat.java\1.41.1\config_ss_win\org.eclipse.equinox.launcher\org.eclipse.equinox.launcher.win32.win32.x86_64_1.2.1300.v20250331-1702\eclipse_11911.dll
0x00007fffe7ba0000 - 0x00007fffe7d41000 	C:\WINDOWS\System32\ole32.dll

dbghelp: loaded successfully - version: 4.0.5 - missing functions: none
symbol engine: initialized successfully - sym options: 0x614 - pdb path: .;c:\Users\happy\.vscode\extensions\redhat.java-1.41.1-win32-x64\jre\21.0.6-win32-x86_64\bin;C:\WINDOWS\SYSTEM32;C:\WINDOWS\WinSxS\amd64_microsoft.windows.common-controls_6595b64144ccf1df_6.0.22621.5124_none_270e8f4f7386d69d;c:\Users\happy\.vscode\extensions\redhat.java-1.41.1-win32-x64\jre\21.0.6-win32-x86_64\bin\server;C:\Users\happy\AppData\Roaming\Code\User\globalStorage\redhat.java\1.41.1\config_ss_win\org.eclipse.equinox.launcher\org.eclipse.equinox.launcher.win32.win32.x86_64_1.2.1300.v20250331-1702

VM Arguments:
jvm_args: --add-modules=ALL-SYSTEM --add-opens=java.base/java.util=ALL-UNNAMED --add-opens=java.base/java.lang=ALL-UNNAMED --add-opens=java.base/sun.nio.fs=ALL-UNNAMED -Declipse.application=org.eclipse.jdt.ls.core.id1 -Dosgi.bundles.defaultStartLevel=4 -Declipse.product=org.eclipse.jdt.ls.core.product -Djava.import.generatesMetadataFilesAtProjectRoot=false -DDetectVMInstallationsJob.disabled=true -Dfile.encoding=utf8 -XX:+UseParallelGC -XX:GCTimeRatio=4 -XX:AdaptiveSizePolicyWeight=90 -Dsun.zip.disableMemoryMapping=true -Xmx1G -Xms100m -Xlog:disable -javaagent:c:\Users\happy\.vscode\extensions\redhat.java-1.41.1-win32-x64\lombok\lombok-1.18.36.jar 
java_command: c:\Users\happy\.vscode\extensions\redhat.java-1.41.1-win32-x64\server\plugins\org.eclipse.equinox.launcher_1.7.0.v20250331-1702.jar -configuration c:\Users\happy\AppData\Roaming\Code\User\globalStorage\redhat.java\1.41.1\config_ss_win -data c:\Users\happy\AppData\Roaming\Code\User\workspaceStorage\cdf17a752a5f41bfc441ef0550987fd8\redhat.java\ss_ws --pipe=\\.\pipe\lsp-c21b99c7628ca2e5ca3efb76a899c883-sock
java_class_path (initial): c:\Users\happy\.vscode\extensions\redhat.java-1.41.1-win32-x64\server\plugins\org.eclipse.equinox.launcher_1.7.0.v20250331-1702.jar
Launcher Type: SUN_STANDARD

[Global flags]
    uintx AdaptiveSizePolicyWeight                 = 90                                        {product} {command line}
     intx CICompilerCount                          = 4                                         {product} {ergonomic}
    uintx GCTimeRatio                              = 4                                         {product} {command line}
   size_t InitialHeapSize                          = 104857600                                 {product} {command line}
   size_t MaxHeapSize                              = 1073741824                                {product} {command line}
   size_t MaxNewSize                               = 357564416                                 {product} {ergonomic}
   size_t MinHeapDeltaBytes                        = 524288                                    {product} {ergonomic}
   size_t MinHeapSize                              = 104857600                                 {product} {command line}
   size_t NewSize                                  = 34603008                                  {product} {ergonomic}
    uintx NonNMethodCodeHeapSize                   = 5839372                                {pd product} {ergonomic}
    uintx NonProfiledCodeHeapSize                  = 122909434                              {pd product} {ergonomic}
   size_t OldSize                                  = 70254592                                  {product} {ergonomic}
    uintx ProfiledCodeHeapSize                     = 122909434                              {pd product} {ergonomic}
    uintx ReservedCodeCacheSize                    = 251658240                              {pd product} {ergonomic}
     bool SegmentedCodeCache                       = true                                      {product} {ergonomic}
   size_t SoftMaxHeapSize                          = 1073741824                             {manageable} {ergonomic}
     bool UseCompressedOops                        = true                           {product lp64_product} {ergonomic}
     bool UseLargePagesIndividualAllocation        = false                                  {pd product} {ergonomic}
     bool UseParallelGC                            = true                                      {product} {command line}

Logging:
Log output configuration:
 #0: stdout all=off uptime,level,tags foldmultilines=false
 #1: stderr all=off uptime,level,tags foldmultilines=false

Environment Variables:
JAVA_HOME=C:\Program Files\Java\jdk-21
PATH=D:\hyeRyung\Oracle\WINDOWS.X64_193000_db_home\bin;C:\Program Files\Common Files\Oracle\Java\javapath;C:\Program Files (x86)\Intel\iCLS Client\;C:\Program Files\Intel\iCLS Client\;C:\WINDOWS\system32;C:\WINDOWS;C:\WINDOWS\System32\Wbem;C:\WINDOWS\System32\WindowsPowerShell\v1.0\;C:\Program Files\Intel\WiFi\bin\;C:\Program Files\Common Files\Intel\WirelessCommon\;C:\Program Files (x86)\Intel\Intel(R) Management Engine Components\DAL;C:\Program Files\Intel\Intel(R) Management Engine Components\DAL;C:\Program Files (x86)\Intel\Intel(R) Management Engine Components\IPT;C:\Program Files\Intel\Intel(R) Management Engine Components\IPT;C:\WINDOWS\System32\OpenSSH\;";C:\Program Files\Java\jdk-21\bin";C:\Program Files\Git\cmd;C:\Program Files\nodejs\;C:\Gradle\gradle-8.12.1\bin;C:\Users\happy\AppData\Local\Android\Sdk\platform-tools;C:\Users\happy\AppData\Local\Android\Sdk\emulator;C:\Program Files\Eclipse Adoptium\jdk-17.0.14.7-hotspot\bin;C:\Program Files\apache-maven-3.9.9\bin;C:\Program Files (x86)\PuTTY\;C:\Program Files\dotnet\;C:\Users\happy\AppData\Local\Android\Sdk\tools;C:\Users\happy\AppData\Local\Android\Sdk\tools;C:\Program Files\MySQL\MySQL Shell 8.0\bin\;C:\Users\happy\AppData\Local\Programs\Python\Launcher\;C:\Users\happy\AppData\Local\Microsoft\WindowsApps;;C:\Program Files\JetBrains\IntelliJ IDEA 2024.3.2.2\bin;;C:\Program Files\JetBrains\IntelliJ IDEA Community Edition 2024.3.2.2\bin;;C:\Users\happy\AppData\Roaming\npm;C:\Users\happy\AppData\Local\Programs\Microsoft VS Code\bin
USERNAME=happy
OS=Windows_NT
PROCESSOR_IDENTIFIER=Intel64 Family 6 Model 142 Stepping 10, GenuineIntel
TMP=C:\Users\happy\AppData\Local\Temp
TEMP=C:\Users\happy\AppData\Local\Temp




Periodic native trim disabled

---------------  S Y S T E M  ---------------

OS:
 Windows 11 , 64 bit Build 22621 (10.0.22621.5124)
OS uptime: 1 days 19:45 hours

CPU: total 8 (initial active 8) (4 cores per cpu, 2 threads per core) family 6 model 142 stepping 10 microcode 0xe0, cx8, cmov, fxsr, ht, mmx, 3dnowpref, sse, sse2, sse3, ssse3, sse4.1, sse4.2, popcnt, lzcnt, tsc, tscinvbit, avx, avx2, aes, erms, clmul, bmi1, bmi2, adx, fma, vzeroupper, clflush, clflushopt, rdtscp, f16c
Processor Information for the first 8 processors :
  Max Mhz: 1800, Current Mhz: 1600, Mhz Limit: 1584

Memory: 4k page, system-wide physical 8107M (350M free)
TotalPageFile size 23649M (AvailPageFile size 1M)
current process WorkingSet (physical memory assigned to process): 122M, peak: 122M
current process commit charge ("private bytes"): 227M, peak: 230M

vm_info: OpenJDK 64-Bit Server VM (21.0.6+7-LTS) for windows-amd64 JRE (21.0.6+7-LTS), built on 2025-01-21T00:00:00Z by "admin" with MS VC++ 17.7 (VS2022)

END.
