#
# There is insufficient memory for the Java Runtime Environment to continue.
# Native memory allocation (mmap) failed to map 65536 bytes. Error detail: Failed to commit metaspace.
# Possible reasons:
#   The system is out of physical RAM or swap space
#   This process is running with CompressedOops enabled, and the Java Heap may be blocking the growth of the native heap
# Possible solutions:
#   Reduce memory load on the system
#   Increase physical memory or swap space
#   Check if swap backing store is full
#   Decrease Java heap size (-Xmx/-Xms)
#   Decrease number of Java threads
#   Decrease Java thread stack sizes (-Xss)
#   Set larger code cache with -XX:ReservedCodeCacheSize=
#   JVM is running with Unscaled Compressed Oops mode in which the Java heap is
#     placed in the first 4GB address space. The Java Heap base address is the
#     maximum limit for the native heap growth. Please use -XX:HeapBaseMinAddress
#     to set the Java Heap base and to place the Java Heap above 4GB virtual address.
# This output file may be truncated or incomplete.
#
#  Out of Memory Error (virtualSpaceNode.cpp:113), pid=8108, tid=15328
#
# JRE version: OpenJDK Runtime Environment Temurin-21.0.6+7 (21.0.6+7) (build 21.0.6+7-LTS)
# Java VM: OpenJDK 64-Bit Server VM Temurin-21.0.6+7 (21.0.6+7-LTS, mixed mode, sharing, tiered, compressed oops, compressed class ptrs, parallel gc, windows-amd64)
# No core dump will be written. Minidumps are not enabled by default on client versions of Windows
#

---------------  S U M M A R Y ------------

Command Line: --add-modules=ALL-SYSTEM --add-opens=java.base/java.util=ALL-UNNAMED --add-opens=java.base/java.lang=ALL-UNNAMED --add-opens=java.base/sun.nio.fs=ALL-UNNAMED -Declipse.application=org.eclipse.jdt.ls.core.id1 -Dosgi.bundles.defaultStartLevel=4 -Declipse.product=org.eclipse.jdt.ls.core.product -Djava.import.generatesMetadataFilesAtProjectRoot=false -DDetectVMInstallationsJob.disabled=true -Dfile.encoding=utf8 -XX:+UseParallelGC -XX:GCTimeRatio=4 -XX:AdaptiveSizePolicyWeight=90 -Dsun.zip.disableMemoryMapping=true -Xmx1G -Xms100m -Xlog:disable -javaagent:c:\Users\happy\.vscode\extensions\redhat.java-1.41.1-win32-x64\lombok\lombok-1.18.36.jar c:\Users\happy\.vscode\extensions\redhat.java-1.41.1-win32-x64\server\plugins\org.eclipse.equinox.launcher_1.7.0.v20250331-1702.jar -configuration c:\Users\happy\AppData\Roaming\Code\User\globalStorage\redhat.java\1.41.1\config_ss_win -data c:\Users\happy\AppData\Roaming\Code\User\workspaceStorage\cdf17a752a5f41bfc441ef0550987fd8\redhat.java\ss_ws --pipe=\\.\pipe\lsp-b246e1526bd0944bb087ef75a898b44d-sock

Host: Intel(R) Core(TM) i5-8250U CPU @ 1.60GHz, 8 cores, 7G,  Windows 11 , 64 bit Build 22621 (10.0.22621.5124)
Time: Thu Apr 17 15:03:19 2025  Windows 11 , 64 bit Build 22621 (10.0.22621.5124) elapsed time: 4.572708 seconds (0d 0h 0m 4s)

---------------  T H R E A D  ---------------

Current thread (0x000001e607952ef0):  JavaThread "Start Level: Equinox Container: 18ff6e47-a879-4137-b349-d3da621f9c52" daemon [_thread_in_vm, id=15328, stack(0x0000007ef4700000,0x0000007ef4800000) (1024K)]

Stack: [0x0000007ef4700000,0x0000007ef4800000]
Native frames: (J=compiled Java code, j=interpreted, Vv=VM code, C=native code)
V  [jvm.dll+0x6cdee9]
V  [jvm.dll+0x8a83d1]
V  [jvm.dll+0x8aa8fe]
V  [jvm.dll+0x8aafe3]
V  [jvm.dll+0x27f706]
V  [jvm.dll+0x8a411e]
V  [jvm.dll+0x670385]
V  [jvm.dll+0x1e472c]
V  [jvm.dll+0x1e44fe]
V  [jvm.dll+0x672c82]
V  [jvm.dll+0x672aa2]
V  [jvm.dll+0x670d5e]
V  [jvm.dll+0x3beb4f]
V  [jvm.dll+0x20d76b]
V  [jvm.dll+0x5ae416]
V  [jvm.dll+0x82189d]
V  [jvm.dll+0x471eb2]
V  [jvm.dll+0x4852c6]
C  [java.dll+0x1657]

Java frames: (J=compiled Java code, j=interpreted, Vv=VM code)
J 1190  java.lang.ClassLoader.defineClass0(Ljava/lang/ClassLoader;Ljava/lang/Class;Ljava/lang/String;[BIILjava/security/ProtectionDomain;ZILjava/lang/Object;)Ljava/lang/Class; java.base@21.0.6 (0 bytes) @ 0x000001e5b6c49cbc [0x000001e5b6c49bc0+0x00000000000000fc]
j  java.lang.System$2.defineClass(Ljava/lang/ClassLoader;Ljava/lang/Class;Ljava/lang/String;[BLjava/security/ProtectionDomain;ZILjava/lang/Object;)Ljava/lang/Class;+17 java.base@21.0.6
j  java.lang.invoke.MethodHandles$Lookup$ClassDefiner.defineClass(ZLjava/lang/Object;)Ljava/lang/Class;+57 java.base@21.0.6
j  java.lang.invoke.InnerClassLambdaMetafactory.generateInnerClass()Ljava/lang/Class;+490 java.base@21.0.6
j  java.lang.invoke.InnerClassLambdaMetafactory.spinInnerClass()Ljava/lang/Class;+114 java.base@21.0.6
j  java.lang.invoke.InnerClassLambdaMetafactory.buildCallSite()Ljava/lang/invoke/CallSite;+1 java.base@21.0.6
j  java.lang.invoke.LambdaMetafactory.metafactory(Ljava/lang/invoke/MethodHandles$Lookup;Ljava/lang/String;Ljava/lang/invoke/MethodType;Ljava/lang/invoke/MethodType;Ljava/lang/invoke/MethodHandle;Ljava/lang/invoke/MethodType;)Ljava/lang/invoke/CallSite;+67 java.base@21.0.6
j  java.lang.invoke.DirectMethodHandle$Holder.invokeStatic(Ljava/lang/Object;Ljava/lang/Object;Ljava/lang/Object;Ljava/lang/Object;Ljava/lang/Object;Ljava/lang/Object;Ljava/lang/Object;)Ljava/lang/Object;+20 java.base@21.0.6
j  java.lang.invoke.Invokers$Holder.invokeExact_MT(Ljava/lang/Object;Ljava/lang/Object;Ljava/lang/Object;Ljava/lang/Object;Ljava/lang/Object;Ljava/lang/Object;Ljava/lang/Object;Ljava/lang/Object;)Ljava/lang/Object;+28 java.base@21.0.6
j  java.lang.invoke.BootstrapMethodInvoker.invoke(Ljava/lang/Class;Ljava/lang/invoke/MethodHandle;Ljava/lang/String;Ljava/lang/Object;Ljava/lang/Object;Ljava/lang/Class;)Ljava/lang/Object;+319 java.base@21.0.6
j  java.lang.invoke.CallSite.makeSite(Ljava/lang/invoke/MethodHandle;Ljava/lang/String;Ljava/lang/invoke/MethodType;Ljava/lang/Object;Ljava/lang/Class;)Ljava/lang/invoke/CallSite;+8 java.base@21.0.6
j  java.lang.invoke.MethodHandleNatives.linkCallSiteImpl(Ljava/lang/Class;Ljava/lang/invoke/MethodHandle;Ljava/lang/String;Ljava/lang/invoke/MethodType;Ljava/lang/Object;[Ljava/lang/Object;)Ljava/lang/invoke/MemberName;+6 java.base@21.0.6
j  java.lang.invoke.MethodHandleNatives.linkCallSite(Ljava/lang/Object;Ljava/lang/Object;Ljava/lang/Object;Ljava/lang/Object;Ljava/lang/Object;[Ljava/lang/Object;)Ljava/lang/invoke/MemberName;+45 java.base@21.0.6
v  ~StubRoutines::call_stub 0x000001e5b663100d
j  org.eclipse.core.internal.runtime.InternalPlatform.<clinit>()V+98
v  ~StubRoutines::call_stub 0x000001e5b663100d
j  org.eclipse.core.internal.runtime.PlatformActivator.start(Lorg/osgi/framework/BundleContext;)V+4
j  org.eclipse.osgi.internal.framework.BundleContextImpl$2.run()Ljava/lang/Void;+23
j  org.eclipse.osgi.internal.framework.BundleContextImpl$2.run()Ljava/lang/Object;+1
J 1095 c1 java.security.AccessController.executePrivileged(Ljava/security/PrivilegedExceptionAction;Ljava/security/AccessControlContext;Ljava/lang/Class;)Ljava/lang/Object; java.base@21.0.6 (65 bytes) @ 0x000001e5af2c06c4 [0x000001e5af2c0560+0x0000000000000164]
j  java.security.AccessController.doPrivileged(Ljava/security/PrivilegedExceptionAction;)Ljava/lang/Object;+9 java.base@21.0.6
j  org.eclipse.osgi.internal.framework.BundleContextImpl.startActivator(Lorg/osgi/framework/BundleActivator;)V+9
j  org.eclipse.osgi.internal.framework.BundleContextImpl.start()V+141
j  org.eclipse.osgi.internal.framework.EquinoxBundle.startWorker0()V+35
j  org.eclipse.osgi.internal.framework.EquinoxBundle$EquinoxModule.startWorker()V+4
j  org.eclipse.osgi.container.Module.doStart([Lorg/eclipse/osgi/container/Module$StartOptions;)Lorg/eclipse/osgi/container/ModuleContainerAdaptor$ModuleEvent;+200
j  org.eclipse.osgi.container.Module.start([Lorg/eclipse/osgi/container/Module$StartOptions;)V+460
j  org.eclipse.osgi.container.ModuleContainer$ContainerStartLevel$2.run()V+83
j  org.eclipse.osgi.internal.framework.EquinoxContainerAdaptor$1$1.execute(Ljava/lang/Runnable;)V+1
j  org.eclipse.osgi.container.ModuleContainer$ContainerStartLevel.incStartLevel(ILjava/util/List;Z)V+193
j  org.eclipse.osgi.container.ModuleContainer$ContainerStartLevel.incStartLevel(ILjava/util/List;Ljava/util/List;Ljava/util/List;Ljava/util/List;)V+19
j  org.eclipse.osgi.container.ModuleContainer$ContainerStartLevel.doContainerStartLevel(Lorg/eclipse/osgi/container/Module;I[Lorg/osgi/framework/FrameworkListener;)V+358
j  org.eclipse.osgi.container.ModuleContainer$ContainerStartLevel.dispatchEvent(Lorg/eclipse/osgi/container/Module;[Lorg/osgi/framework/FrameworkListener;ILjava/lang/Integer;)V+32
j  org.eclipse.osgi.container.ModuleContainer$ContainerStartLevel.dispatchEvent(Ljava/lang/Object;Ljava/lang/Object;ILjava/lang/Object;)V+15
j  org.eclipse.osgi.framework.eventmgr.EventManager.dispatchEvent(Ljava/util/Set;Lorg/eclipse/osgi/framework/eventmgr/EventDispatcher;ILjava/lang/Object;)V+48
j  org.eclipse.osgi.framework.eventmgr.EventManager$EventThread.run()V+26
v  ~StubRoutines::call_stub 0x000001e5b663100d

Compiled method (n/a) 4616 1190     n 0       java.lang.ClassLoader::defineClass0 (native)
 total in heap  [0x000001e5b6c49a10,0x000001e5b6c49ec8] = 1208
 relocation     [0x000001e5b6c49b70,0x000001e5b6c49ba8] = 56
 main code      [0x000001e5b6c49bc0,0x000001e5b6c49ec1] = 769
 stub code      [0x000001e5b6c49ec1,0x000001e5b6c49ec8] = 7

[Constant Pool (empty)]

[MachCode]
[Entry Point]
  # {method} {0x000001e5c14309c8} 'defineClass0' '(Ljava/lang/ClassLoader;Ljava/lang/Class;Ljava/lang/String;[BIILjava/security/ProtectionDomain;ZILjava/lang/Object;)Ljava/lang/Class;' in 'java/lang/ClassLoader'
  # parm0:    rdx:rdx   = 'java/lang/ClassLoader'
  # parm1:    r8:r8     = 'java/lang/Class'
  # parm2:    r9:r9     = 'java/lang/String'
  # parm3:    rdi:rdi   = '[B'
  # parm4:    rsi       = int
  # parm5:    rcx       = int
  # parm6:    [sp+0xb0]   = 'java/security/ProtectionDomain'  (sp of caller)
  # parm7:    [sp+0xb8]   = boolean
  # parm8:    [sp+0xc0]   = int
  # parm9:    [sp+0xc8]   = 'java/lang/Object'
  0x000001e5b6c49bc0: 448b 5208 | 49bb 0000 | 00c1 e501 | 0000 4d03 | d349 3bc2 | 0f84 0600 

  0x000001e5b6c49bd8: ;   {runtime_call ic_miss_stub}
  0x000001e5b6c49bd8: 0000 e9a1 | 48a3 ff90 
[Verified Entry Point]
  0x000001e5b6c49be0: 8984 2400 | 80ff ff55 | 488b ec48 | 81ec a000 | 0000 6690 | 4181 7f20 | 0100 0000 

  0x000001e5b6c49bfc: ;   {runtime_call StubRoutines (final stubs)}
  0x000001e5b6c49bfc: 7405 e8dd | eda1 ff48 | 837d 2800 | 488d 4528 | 480f 4445 | 2848 8944 | 2458 4863 | 4520 4889 
  0x000001e5b6c49c1c: 4424 5048 | 6345 1848 | 8944 2448 | 4883 7d10 | 0048 8d45 | 1048 0f44 | 4510 4889 | 4424 4048 
  0x000001e5b6c49c3c: 894c 2438 | 4889 7424 | 3048 897c | 2478 4883 | ff00 488d | 4424 7848 | 0f44 4424 | 7848 8944 
  0x000001e5b6c49c5c: 2428 4c89 | 4c24 7049 | 83f9 0048 | 8d44 2470 | 480f 4444 | 2470 4889 | 4424 204c | 8944 2468 
  0x000001e5b6c49c7c: 4983 f800 | 4c8d 4c24 | 684c 0f44 | 4c24 6848 | 8954 2460 | 4883 fa00 | 4c8d 4424 | 604c 0f44 
  0x000001e5b6c49c9c: ;   {oop(a 'java/lang/Class'{0x00000000c0000030} = 'java/lang/ClassLoader')}
  0x000001e5b6c49c9c: 4424 6049 | be30 0000 | c000 0000 | 004c 89b4 | 2490 0000 | 004c 8db4 | 2490 0000 | 0049 8bd6 
  0x000001e5b6c49cbc: ;   {internal_word}
  0x000001e5b6c49cbc: c5f8 7749 | babc 9cc4 | b6e5 0100 | 004d 8997 | a003 0000 | 4989 a798 

  0x000001e5b6c49cd4: ;   {external_word}
  0x000001e5b6c49cd4: 0300 0049 | ba35 5b77 | 4fff 7f00 | 0041 803a | 000f 844e | 0000 0052 | 4150 4151 

  0x000001e5b6c49cf0: ;   {metadata({method} {0x000001e5c14309c8} 'defineClass0' '(Ljava/lang/ClassLoader;Ljava/lang/Class;Ljava/lang/String;[BIILjava/security/ProtectionDomain;ZILjava/lang/Object;)Ljava/lang/Class;' in 'java/lang/ClassLoader')}
  0x000001e5b6c49cf0: 48ba c009 | 43c1 e501 | 0000 498b | cf48 83ec | 2040 f6c4 | 0f0f 8419 | 0000 0048 

  0x000001e5b6c49d0c: ;   {runtime_call}
  0x000001e5b6c49d0c: 83ec 0848 | b8c0 4b21 | 4fff 7f00 | 00ff d048 | 83c4 08e9 | 0c00 0000 

  0x000001e5b6c49d24: ;   {runtime_call}
  0x000001e5b6c49d24: 48b8 c04b | 214f ff7f | 0000 ffd0 | 4883 c420 | 4159 4158 | 5a49 8d8f | b803 0000 | 41c7 8744 
  0x000001e5b6c49d44: 0400 0004 

  0x000001e5b6c49d48: ;   {runtime_call}
  0x000001e5b6c49d48: 0000 0048 | b81c 1598 | cfff 7f00 | 00ff d0c5 | f877 41c7 | 8744 0400 | 0005 0000 | 00f0 8344 
  0x000001e5b6c49d68: 24c0 0049 | 3baf 4804 | 0000 0f87 | 0e00 0000 | 4183 bf40 | 0400 0000 | 0f84 2b00 | 0000 c5f8 
  0x000001e5b6c49d88: 7748 8945 | f849 8bcf | 4c8b e448 | 83ec 2048 

  0x000001e5b6c49d98: ;   {runtime_call}
  0x000001e5b6c49d98: 83e4 f048 | b860 cfec | 4eff 7f00 | 00ff d049 | 8be4 4d33 | e448 8b45 | f841 c787 | 4404 0000 
  0x000001e5b6c49db8: 0800 0000 | 4183 bfc0 | 0400 0002 | 0f84 ca00 

  0x000001e5b6c49dc8: ;   {external_word}
  0x000001e5b6c49dc8: 0000 49ba | 355b 774f | ff7f 0000 | 4180 3a00 | 0f84 4c00 | 0000 4889 

  0x000001e5b6c49de0: ;   {metadata({method} {0x000001e5c14309c8} 'defineClass0' '(Ljava/lang/ClassLoader;Ljava/lang/Class;Ljava/lang/String;[BIILjava/security/ProtectionDomain;ZILjava/lang/Object;)Ljava/lang/Class;' in 'java/lang/ClassLoader')}
  0x000001e5b6c49de0: 45f8 48ba | c009 43c1 | e501 0000 | 498b cf48 | 83ec 2040 | f6c4 0f0f | 8419 0000 | 0048 83ec 
  0x000001e5b6c49e00: ;   {runtime_call}
  0x000001e5b6c49e00: 0848 b8c0 | 4b21 4fff | 7f00 00ff | d048 83c4 | 08e9 0c00 

  0x000001e5b6c49e14: ;   {runtime_call}
  0x000001e5b6c49e14: 0000 48b8 | c04b 214f | ff7f 0000 | ffd0 4883 | c420 488b | 45f8 49c7 | 8798 0300 | 0000 0000 
  0x000001e5b6c49e34: 0049 c787 | a003 0000 | 0000 0000 | c5f8 7748 | 85c0 0f84 | 2500 0000 | a803 0f85 | 0800 0000 
  0x000001e5b6c49e54: 488b 00e9 | 1500 0000 | a801 0f85 | 0900 0000 | 488b 40fe | e904 0000 | 0048 8b40 | ff49 8b8f 
  0x000001e5b6c49e74: 2804 0000 | c781 0001 | 0000 0000 | 0000 c949 | 837f 0800 | 0f85 0100 

  0x000001e5b6c49e8c: ;   {runtime_call StubRoutines (initial stubs)}
  0x000001e5b6c49e8c: 0000 c3e9 | 6c70 9eff | c5f8 7748 | 8945 f84c | 8be4 4883 | ec20 4883 

  0x000001e5b6c49ea4: ;   {runtime_call}
  0x000001e5b6c49ea4: e4f0 48b8 | a083 214f | ff7f 0000 | ffd0 498b | e44d 33e4 | 488b 45f8 | e909 ffff | fff4 f4f4 
  0x000001e5b6c49ec4: f4f4 f4f4 
[/MachCode]


Compiled method (c1) 4636 1095       3       java.security.AccessController::executePrivileged (65 bytes)
 total in heap  [0x000001e5af2c0390,0x000001e5af2c0980] = 1520
 relocation     [0x000001e5af2c04f0,0x000001e5af2c0558] = 104
 main code      [0x000001e5af2c0560,0x000001e5af2c0808] = 680
 stub code      [0x000001e5af2c0808,0x000001e5af2c0860] = 88
 metadata       [0x000001e5af2c0860,0x000001e5af2c0870] = 16
 scopes data    [0x000001e5af2c0870,0x000001e5af2c08e8] = 120
 scopes pcs     [0x000001e5af2c08e8,0x000001e5af2c0968] = 128
 dependencies   [0x000001e5af2c0968,0x000001e5af2c0970] = 8
 nul chk table  [0x000001e5af2c0970,0x000001e5af2c0980] = 16

[Constant Pool (empty)]

[MachCode]
[Verified Entry Point]
  # {method} {0x000001e5c146cdb0} 'executePrivileged' '(Ljava/security/PrivilegedExceptionAction;Ljava/security/AccessControlContext;Ljava/lang/Class;)Ljava/lang/Object;' in 'java/security/AccessController'
  # parm0:    rdx:rdx   = 'java/security/PrivilegedExceptionAction'
  # parm1:    r8:r8     = 'java/security/AccessControlContext'
  # parm2:    r9:r9     = 'java/lang/Class'
  #           [sp+0x50]  (sp of caller)
  0x000001e5af2c0560: 8984 2400 | 80ff ff55 | 4883 ec40 | 4181 7f20 | 0100 0000 

  0x000001e5af2c0574: ;   {runtime_call StubRoutines (final stubs)}
  0x000001e5af2c0574: 7405 e865 | 843a 074c | 8944 2430 

  0x000001e5af2c0580: ;   {metadata(method data for {method} {0x000001e5c146cdb0} 'executePrivileged' '(Ljava/security/PrivilegedExceptionAction;Ljava/security/AccessControlContext;Ljava/lang/Class;)Ljava/lang/Object;' in 'java/security/AccessController')}
  0x000001e5af2c0580: 48be 58f8 | 2e03 e601 | 0000 8bbe | cc00 0000 | 83c7 0289 | becc 0000 | 0081 e7fe | 0700 0085 
  0x000001e5af2c05a0: ff0f 84bf | 0100 004d 

  0x000001e5af2c05a8: ;   {metadata(method data for {method} {0x000001e5c146cdb0} 'executePrivileged' '(Ljava/security/PrivilegedExceptionAction;Ljava/security/AccessControlContext;Ljava/lang/Class;)Ljava/lang/Object;' in 'java/security/AccessController')}
  0x000001e5af2c05a8: 85c0 48be | 58f8 2e03 | e601 0000 | 48c7 c710 | 0100 0074 | 0748 c7c7 | 2001 0000 | 488b 1c3e 
  0x000001e5af2c05c8: 488d 5b01 | 4889 1c3e | 4c89 4c24 | 2848 8954 | 2420 0f84 | 2400 0000 

  0x000001e5af2c05e0: ;   {metadata(method data for {method} {0x000001e5c146cdb0} 'executePrivileged' '(Ljava/security/PrivilegedExceptionAction;Ljava/security/AccessControlContext;Ljava/lang/Class;)Ljava/lang/Object;' in 'java/security/AccessController')}
  0x000001e5af2c05e0: 48be 58f8 | 2e03 e601 | 0000 4883 | 8630 0100 | 0001 498b 

  0x000001e5af2c05f4: ;   {static_call}
  0x000001e5af2c05f4: d066 90e8 

  0x000001e5af2c05f8: ; ImmutableOopMap {[32]=Oop [40]=Oop [48]=Oop }
                      ;*invokestatic ensureMaterializedForStackWalk {reexecute=0 rethrow=0 return_oop=0}
                      ; - java.security.AccessController::executePrivileged@5
  0x000001e5af2c05f8: 6448 9807 

  0x000001e5af2c05fc: ;   {other}
  0x000001e5af2c05fc: 0f1f 8400 | 6c02 0000 

  0x000001e5af2c0604: ;   {metadata(method data for {method} {0x000001e5c146cdb0} 'executePrivileged' '(Ljava/security/PrivilegedExceptionAction;Ljava/security/AccessControlContext;Ljava/lang/Class;)Ljava/lang/Object;' in 'java/security/AccessController')}
  0x000001e5af2c0604: 48ba 58f8 | 2e03 e601 | 0000 ff82 | 4001 0000 | 488b 5424 | 2048 3b02 

  0x000001e5af2c061c: ;   {metadata(method data for {method} {0x000001e5c146cdb0} 'executePrivileged' '(Ljava/security/PrivilegedExceptionAction;Ljava/security/AccessControlContext;Ljava/lang/Class;)Ljava/lang/Object;' in 'java/security/AccessController')}
  0x000001e5af2c061c: 488b f248 | bf58 f82e | 03e6 0100 | 008b 7608 | 49ba 0000 | 00c1 e501 | 0000 4903 | f248 3bb7 
  0x000001e5af2c063c: b001 0000 | 750d 4883 | 87b8 0100 | 0001 e960 | 0000 0048 | 3bb7 c001 | 0000 750d | 4883 87c8 
  0x000001e5af2c065c: 0100 0001 | e94a 0000 | 0048 83bf | b001 0000 | 0075 1748 | 89b7 b001 | 0000 48c7 | 87b8 0100 
  0x000001e5af2c067c: 0001 0000 | 00e9 2900 | 0000 4883 | bfc0 0100 | 0000 7517 | 4889 b7c0 | 0100 0048 | c787 c801 
  0x000001e5af2c069c: 0000 0100 | 0000 e908 | 0000 0048 | 8387 a001 | 0000 0166 | 0f1f 4400 | 0048 b870 | d179 07e6 
  0x000001e5af2c06bc: ;   {virtual_call}
  0x000001e5af2c06bc: 0100 00e8 

  0x000001e5af2c06c0: ; ImmutableOopMap {[40]=Oop [48]=Oop }
                      ;*invokeinterface run {reexecute=0 rethrow=0 return_oop=0}
                      ; - java.security.AccessController::executePrivileged@29
  0x000001e5af2c06c0: 4cae 4707 

  0x000001e5af2c06c4: ;   {other}
  0x000001e5af2c06c4: 0f1f 8400 | 3403 0001 

  0x000001e5af2c06cc: ;   {metadata(method data for {method} {0x000001e5c146cdb0} 'executePrivileged' '(Ljava/security/PrivilegedExceptionAction;Ljava/security/AccessControlContext;Ljava/lang/Class;)Ljava/lang/Object;' in 'java/security/AccessController')}
  0x000001e5af2c06cc: 48be 58f8 | 2e03 e601 | 0000 ff86 | d801 0000 | 4c8b 4c24 

  0x000001e5af2c06e0: ;   {metadata(method data for {method} {0x000001e5c146cdb0} 'executePrivileged' '(Ljava/security/PrivilegedExceptionAction;Ljava/security/AccessControlContext;Ljava/lang/Class;)Ljava/lang/Object;' in 'java/security/AccessController')}
  0x000001e5af2c06e0: 2848 be58 | f82e 03e6 | 0100 0048 | 8386 3802 

  0x000001e5af2c06f0: ;   {metadata(method data for {method} {0x000001e5c103d050} 'reachabilityFence' '(Ljava/lang/Object;)V' in 'java/lang/ref/Reference')}
  0x000001e5af2c06f0: 0000 0148 | be40 6006 | 03e6 0100 | 008b becc | 0000 0083 | c702 89be | cc00 0000 | 81e7 feff 
  0x000001e5af2c0710: 1f00 85ff | 0f84 7200 

  0x000001e5af2c0718: ;   {metadata(method data for {method} {0x000001e5c146cdb0} 'executePrivileged' '(Ljava/security/PrivilegedExceptionAction;Ljava/security/AccessControlContext;Ljava/lang/Class;)Ljava/lang/Object;' in 'java/security/AccessController')}
  0x000001e5af2c0718: 0000 48be | 58f8 2e03 | e601 0000 | 4883 8648 | 0200 0001 

  0x000001e5af2c072c: ;   {metadata(method data for {method} {0x000001e5c103d050} 'reachabilityFence' '(Ljava/lang/Object;)V' in 'java/lang/ref/Reference')}
  0x000001e5af2c072c: 48be 4060 | 0603 e601 | 0000 8bbe | cc00 0000 | 83c7 0289 | becc 0000 | 0081 e7fe | ff1f 0085 
  0x000001e5af2c074c: ff0f 845a | 0000 0048 | 83c4 405d 

  0x000001e5af2c0758: ;   {poll_return}
  0x000001e5af2c0758: 493b a748 | 0400 000f | 8766 0000 

  0x000001e5af2c0764: ;   {metadata({method} {0x000001e5c146cdb0} 'executePrivileged' '(Ljava/security/PrivilegedExceptionAction;Ljava/security/AccessControlContext;Ljava/lang/Class;)Ljava/lang/Object;' in 'java/security/AccessController')}
  0x000001e5af2c0764: 00c3 49ba | a8cd 46c1 | e501 0000 | 4c89 5424 | 0848 c704 | 24ff ffff 

  0x000001e5af2c077c: ;   {runtime_call counter_overflow Runtime1 stub}
  0x000001e5af2c077c: ffe8 fe50 

  0x000001e5af2c0780: ; ImmutableOopMap {rdx=Oop r8=Oop r9=Oop [48]=Oop }
                      ;*synchronization entry
                      ; - java.security.AccessController::executePrivileged@-1
  0x000001e5af2c0780: 4707 e920 

  0x000001e5af2c0784: ;   {runtime_call throw_null_pointer_exception Runtime1 stub}
  0x000001e5af2c0784: feff ffe8 

  0x000001e5af2c0788: ; ImmutableOopMap {rdx=Oop [40]=Oop [48]=Oop }
                      ;*invokeinterface run {reexecute=0 rethrow=0 return_oop=0}
                      ; - java.security.AccessController::executePrivileged@29
  0x000001e5af2c0788: f40f 3e07 

  0x000001e5af2c078c: ;   {metadata({method} {0x000001e5c103d050} 'reachabilityFence' '(Ljava/lang/Object;)V' in 'java/lang/ref/Reference')}
  0x000001e5af2c078c: 49ba 48d0 | 03c1 e501 | 0000 4c89 | 5424 0848 | c704 24ff 

  0x000001e5af2c07a0: ;   {runtime_call counter_overflow Runtime1 stub}
  0x000001e5af2c07a0: ffff ffe8 

  0x000001e5af2c07a4: ; ImmutableOopMap {rax=Oop r9=Oop }
                      ;*synchronization entry
                      ; - java.lang.ref.Reference::reachabilityFence@-1
                      ; - java.security.AccessController::executePrivileged@56
  0x000001e5af2c07a4: d850 4707 | e96d ffff 

  0x000001e5af2c07ac: ;   {metadata({method} {0x000001e5c103d050} 'reachabilityFence' '(Ljava/lang/Object;)V' in 'java/lang/ref/Reference')}
  0x000001e5af2c07ac: ff49 ba48 | d003 c1e5 | 0100 004c | 8954 2408 | 48c7 0424 | ffff ffff 

  0x000001e5af2c07c4: ;   {runtime_call counter_overflow Runtime1 stub}
  0x000001e5af2c07c4: e8b7 5047 

  0x000001e5af2c07c8: ; ImmutableOopMap {rax=Oop }
                      ;*synchronization entry
                      ; - java.lang.ref.Reference::reachabilityFence@-1
                      ; - java.security.AccessController::executePrivileged@60
                      ;   {internal_word}
  0x000001e5af2c07c8: 07eb 8849 | ba58 072c | afe5 0100 | 004d 8997 | 6004 0000 

  0x000001e5af2c07dc: ;   {runtime_call SafepointBlob}
  0x000001e5af2c07dc: e91f 433c | 0749 8b87 | f804 0000 | 49c7 87f8 | 0400 0000 | 0000 0049 | c787 0005 | 0000 0000 
  0x000001e5af2c07fc: 0000 4883 

  0x000001e5af2c0800: ;   {runtime_call unwind_exception Runtime1 stub}
  0x000001e5af2c0800: c440 5de9 | f838 3e07 
[Stub Code]
  0x000001e5af2c0808: ;   {no_reloc}
  0x000001e5af2c0808: 0f1f 4400 

  0x000001e5af2c080c: ;   {static_stub}
  0x000001e5af2c080c: 0048 bb00 | 0000 0000 

  0x000001e5af2c0814: ;   {runtime_call nmethod}
  0x000001e5af2c0814: 0000 00e9 | fbff ffff 

  0x000001e5af2c081c: ;   {static_stub}
  0x000001e5af2c081c: 48bb 28cc | 46c1 e501 

  0x000001e5af2c0824: ;   {runtime_call I2C/C2I adapters}
  0x000001e5af2c0824: 0000 e9b8 

  0x000001e5af2c0828: ;   {runtime_call handle_exception_from_callee Runtime1 stub}
  0x000001e5af2c0828: d33b 07e8 | 5018 3e07 

  0x000001e5af2c0830: ;   {external_word}
  0x000001e5af2c0830: 48b9 907f | 4d4f ff7f | 0000 4883 

  0x000001e5af2c083c: ;   {runtime_call}
  0x000001e5af2c083c: e4f0 48b8 | f042 104f | ff7f 0000 

  0x000001e5af2c0848: ;   {section_word}
  0x000001e5af2c0848: ffd0 f449 | ba4b 082c | afe5 0100 

  0x000001e5af2c0854: ;   {runtime_call DeoptimizationBlob}
  0x000001e5af2c0854: 0041 52e9 | 4435 3c07 | f4f4 f4f4 
[/MachCode]


---------------  P R O C E S S  ---------------

Threads class SMR info:
_java_thread_list=0x000001e60796ed50, length=16, elements={
0x000001e5abf13030, 0x000001e5c02c83b0, 0x000001e5c02c9370, 0x000001e5c02ca860,
0x000001e5c02cb770, 0x000001e5c02cd690, 0x000001e5c02d1100, 0x000001e5c02d1f30,
0x000001e607030020, 0x000001e6070cf4b0, 0x000001e607323f40, 0x000001e607c82680,
0x000001e607972a20, 0x000001e607952ef0, 0x000001e607bc0c80, 0x000001e607cd7a40
}

Java Threads: ( => current thread )
  0x000001e5abf13030 JavaThread "main"                              [_thread_blocked, id=7064, stack(0x0000007ef3000000,0x0000007ef3100000) (1024K)]
  0x000001e5c02c83b0 JavaThread "Reference Handler"          daemon [_thread_blocked, id=16460, stack(0x0000007ef3400000,0x0000007ef3500000) (1024K)]
  0x000001e5c02c9370 JavaThread "Finalizer"                  daemon [_thread_blocked, id=18944, stack(0x0000007ef3500000,0x0000007ef3600000) (1024K)]
  0x000001e5c02ca860 JavaThread "Signal Dispatcher"          daemon [_thread_blocked, id=9776, stack(0x0000007ef3600000,0x0000007ef3700000) (1024K)]
  0x000001e5c02cb770 JavaThread "Attach Listener"            daemon [_thread_blocked, id=21912, stack(0x0000007ef3700000,0x0000007ef3800000) (1024K)]
  0x000001e5c02cd690 JavaThread "Service Thread"             daemon [_thread_blocked, id=10340, stack(0x0000007ef3800000,0x0000007ef3900000) (1024K)]
  0x000001e5c02d1100 JavaThread "Monitor Deflation Thread"   daemon [_thread_blocked, id=18724, stack(0x0000007ef3900000,0x0000007ef3a00000) (1024K)]
  0x000001e5c02d1f30 JavaThread "C2 CompilerThread0"         daemon [_thread_blocked, id=12856, stack(0x0000007ef3a00000,0x0000007ef3b00000) (1024K)]
  0x000001e607030020 JavaThread "C1 CompilerThread0"         daemon [_thread_blocked, id=6672, stack(0x0000007ef3b00000,0x0000007ef3c00000) (1024K)]
  0x000001e6070cf4b0 JavaThread "Common-Cleaner"             daemon [_thread_blocked, id=12460, stack(0x0000007ef3c00000,0x0000007ef3d00000) (1024K)]
  0x000001e607323f40 JavaThread "Notification Thread"        daemon [_thread_blocked, id=3728, stack(0x0000007ef3d00000,0x0000007ef3e00000) (1024K)]
  0x000001e607c82680 JavaThread "Active Thread: Equinox Container: 18ff6e47-a879-4137-b349-d3da621f9c52"        [_thread_blocked, id=21860, stack(0x0000007ef4500000,0x0000007ef4600000) (1024K)]
  0x000001e607972a20 JavaThread "Framework Event Dispatcher: Equinox Container: 18ff6e47-a879-4137-b349-d3da621f9c52" daemon [_thread_blocked, id=11144, stack(0x0000007ef4600000,0x0000007ef4700000) (1024K)]
=>0x000001e607952ef0 JavaThread "Start Level: Equinox Container: 18ff6e47-a879-4137-b349-d3da621f9c52" daemon [_thread_in_vm, id=15328, stack(0x0000007ef4700000,0x0000007ef4800000) (1024K)]
  0x000001e607bc0c80 JavaThread "SCR Component Actor"        daemon [_thread_blocked, id=14028, stack(0x0000007ef4800000,0x0000007ef4900000) (1024K)]
  0x000001e607cd7a40 JavaThread "SCR Component Registry"     daemon [_thread_blocked, id=16260, stack(0x0000007ef3e00000,0x0000007ef3f00000) (1024K)]
Total: 16

Other Threads:
  0x000001e5abfae270 VMThread "VM Thread"                           [id=12892, stack(0x0000007ef3300000,0x0000007ef3400000) (1024K)]
  0x000001e5abf7d050 WatcherThread "VM Periodic Task Thread"        [id=6428, stack(0x0000007ef3200000,0x0000007ef3300000) (1024K)]
  0x000001e5abf323a0 WorkerThread "GC Thread#0"                     [id=4072, stack(0x0000007ef3100000,0x0000007ef3200000) (1024K)]
  0x000001e607800950 WorkerThread "GC Thread#1"                     [id=5068, stack(0x0000007ef3f00000,0x0000007ef4000000) (1024K)]
  0x000001e6077ffad0 WorkerThread "GC Thread#2"                     [id=10336, stack(0x0000007ef4000000,0x0000007ef4100000) (1024K)]
  0x000001e607801090 WorkerThread "GC Thread#3"                     [id=4964, stack(0x0000007ef4100000,0x0000007ef4200000) (1024K)]
  0x000001e6077ffe70 WorkerThread "GC Thread#4"                     [id=19484, stack(0x0000007ef4200000,0x0000007ef4300000) (1024K)]
  0x000001e607800cf0 WorkerThread "GC Thread#5"                     [id=9088, stack(0x0000007ef4300000,0x0000007ef4400000) (1024K)]
  0x000001e607801430 WorkerThread "GC Thread#6"                     [id=19952, stack(0x0000007ef4400000,0x0000007ef4500000) (1024K)]
  0x000001e607800210 WorkerThread "GC Thread#7"                     [id=11344, stack(0x0000007ef4900000,0x0000007ef4a00000) (1024K)]
Total: 10

Threads with active compile tasks:
Total: 0

VM state: not at safepoint (normal execution)

VM Mutex/Monitor currently owned by a thread:  ([mutex/lock_event])
[0x00007fff4f78c300] Metaspace_lock - owner thread: 0x000001e607952ef0

Heap address: 0x00000000c0000000, size: 1024 MB, Compressed Oops mode: 32-bit

CDS archive(s) mapped at: [0x000001e5c1000000-0x000001e5c1ba0000-0x000001e5c1ba0000), size 12189696, SharedBaseAddress: 0x000001e5c1000000, ArchiveRelocationMode: 1.
Compressed class space mapped at: 0x000001e5c2000000-0x000001e602000000, reserved size: 1073741824
Narrow klass base: 0x000001e5c1000000, Narrow klass shift: 0, Narrow klass range: 0x100000000

GC Precious Log:
 CardTable entry size: 512
 CPUs: 8 total, 8 available
 Memory: 8107M
 Large Page Support: Disabled
 NUMA Support: Disabled
 Compressed Oops: Enabled (32-bit)
 Alignments: Space 512K, Generation 512K, Heap 2M
 Heap Min Capacity: 100M
 Heap Initial Capacity: 100M
 Heap Max Capacity: 1G
 Pre-touch: Disabled
 Parallel Workers: 8

Heap:
 PSYoungGen      total 29696K, used 18681K [0x00000000eab00000, 0x00000000ecc00000, 0x0000000100000000)
  eden space 25600K, 56% used [0x00000000eab00000,0x00000000eb93ee40,0x00000000ec400000)
  from space 4096K, 99% used [0x00000000ec800000,0x00000000ecbff778,0x00000000ecc00000)
  to   space 4096K, 0% used [0x00000000ec400000,0x00000000ec400000,0x00000000ec800000)
 ParOldGen       total 68608K, used 1044K [0x00000000c0000000, 0x00000000c4300000, 0x00000000eab00000)
  object space 68608K, 1% used [0x00000000c0000000,0x00000000c01053f8,0x00000000c4300000)
 Metaspace       used 11034K, committed 11456K, reserved 1114112K
  class space    used 1127K, committed 1280K, reserved 1048576K

Card table byte_map: [0x000001e5ab8e0000,0x000001e5abaf0000] _byte_map_base: 0x000001e5ab2e0000

Marking Bits: (ParMarkBitMap*) 0x00007fff4f793260
 Begin Bits: [0x000001e5be100000, 0x000001e5bf100000)
 End Bits:   [0x000001e5bf100000, 0x000001e5c0100000)

Polling page: 0x000001e5ab6d0000

Metaspace:

Usage:
  Non-class:      9.68 MB used.
      Class:      1.10 MB used.
       Both:     10.78 MB used.

Virtual space:
  Non-class space:       64.00 MB reserved,       9.94 MB ( 16%) committed,  1 nodes.
      Class space:        1.00 GB reserved,       1.25 MB ( <1%) committed,  1 nodes.
             Both:        1.06 GB reserved,      11.19 MB (  1%) committed. 

Chunk freelists:
   Non-Class:  5.61 MB
       Class:  14.68 MB
        Both:  20.29 MB

MaxMetaspaceSize: unlimited
CompressedClassSpaceSize: 1.00 GB
Initial GC threshold: 21.00 MB
Current GC threshold: 21.00 MB
CDS: on
 - commit_granule_bytes: 65536.
 - commit_granule_words: 8192.
 - virtual_space_node_default_size: 8388608.
 - enlarge_chunks_in_place: 1.
 - use_allocation_guard: 0.


Internal statistics:

num_allocs_failed_limit: 0.
num_arena_births: 276.
num_arena_deaths: 0.
num_vsnodes_births: 2.
num_vsnodes_deaths: 0.
num_space_committed: 179.
num_space_uncommitted: 0.
num_chunks_returned_to_freelist: 0.
num_chunks_taken_from_freelist: 598.
num_chunk_merges: 0.
num_chunk_splits: 400.
num_chunks_enlarged: 261.
num_inconsistent_stats: 0.

CodeHeap 'non-profiled nmethods': size=120000Kb used=883Kb max_used=883Kb free=119116Kb
 bounds [0x000001e5b6bd0000, 0x000001e5b6e40000, 0x000001e5be100000]
CodeHeap 'profiled nmethods': size=120000Kb used=3762Kb max_used=3762Kb free=116237Kb
 bounds [0x000001e5af100000, 0x000001e5af4b0000, 0x000001e5b6630000]
CodeHeap 'non-nmethods': size=5760Kb used=1238Kb max_used=1266Kb free=4522Kb
 bounds [0x000001e5b6630000, 0x000001e5b68a0000, 0x000001e5b6bd0000]
 total_blobs=2512 nmethods=2009 adapters=409
 compilation: enabled
              stopped_count=0, restarted_count=0
 full_count=0

Compilation events (20 events):
Event: 4.554 Thread 0x000001e607030020 2000       3       org.eclipse.osgi.internal.loader.BundleLoaderSources::forceSourceCreation (31 bytes)
Event: 4.555 Thread 0x000001e607030020 nmethod 2000 0x000001e5af4a7310 code [0x000001e5af4a74e0, 0x000001e5af4a7850]
Event: 4.555 Thread 0x000001e607030020 2001   !   3       java.util.Collections$SynchronizedCollection::add (25 bytes)
Event: 4.555 Thread 0x000001e607030020 nmethod 2001 0x000001e5af4a7990 code [0x000001e5af4a7b40, 0x000001e5af4a7e10]
Event: 4.557 Thread 0x000001e607030020 2002       3       org.eclipse.osgi.internal.framework.BundleContextImpl::checkValid (44 bytes)
Event: 4.558 Thread 0x000001e607030020 nmethod 2002 0x000001e5af4a7f90 code [0x000001e5af4a8200, 0x000001e5af4a8bb0]
Event: 4.558 Thread 0x000001e607030020 2003       3       org.eclipse.osgi.framework.eventmgr.CopyOnWriteIdentityMap$Snapshot$EntrySet::iterator (12 bytes)
Event: 4.558 Thread 0x000001e607030020 nmethod 2003 0x000001e5af4a8f90 code [0x000001e5af4a9140, 0x000001e5af4a9428]
Event: 4.558 Thread 0x000001e607030020 2004       3       org.eclipse.osgi.framework.eventmgr.CopyOnWriteIdentityMap$Snapshot$EntryIterator::<init> (11 bytes)
Event: 4.558 Thread 0x000001e607030020 nmethod 2004 0x000001e5af4a9590 code [0x000001e5af4a9740, 0x000001e5af4a9968]
Event: 4.559 Thread 0x000001e607030020 2005  s    3       org.eclipse.osgi.framework.eventmgr.CopyOnWriteIdentityMap::put (147 bytes)
Event: 4.560 Thread 0x000001e607030020 nmethod 2005 0x000001e5af4a9a90 code [0x000001e5af4a9d40, 0x000001e5af4aae68]
Event: 4.560 Thread 0x000001e607030020 2007       3       org.eclipse.osgi.container.Module::checkValid (47 bytes)
Event: 4.561 Thread 0x000001e607030020 nmethod 2007 0x000001e5af4ab490 code [0x000001e5af4ab720, 0x000001e5af4ac138]
Event: 4.561 Thread 0x000001e607030020 2006       3       org.eclipse.osgi.framework.eventmgr.CopyOnWriteIdentityMap$Entry::<init> (18 bytes)
Event: 4.562 Thread 0x000001e607030020 nmethod 2006 0x000001e5af4ac590 code [0x000001e5af4ac760, 0x000001e5af4aca58]
Event: 4.562 Thread 0x000001e607030020 2008       1       sun.nio.fs.NativeBuffer::size (5 bytes)
Event: 4.562 Thread 0x000001e607030020 nmethod 2008 0x000001e5b6cac810 code [0x000001e5b6cac9a0, 0x000001e5b6caca68]
Event: 4.563 Thread 0x000001e607030020 2009       1       org.eclipse.osgi.container.ModuleWire::getRequirement (5 bytes)
Event: 4.563 Thread 0x000001e607030020 nmethod 2009 0x000001e5b6cacb10 code [0x000001e5b6cacca0, 0x000001e5b6cacd68]

GC Heap History (4 events):
Event: 2.442 GC heap before
{Heap before GC invocations=1 (full 0):
 PSYoungGen      total 29696K, used 25600K [0x00000000eab00000, 0x00000000ecc00000, 0x0000000100000000)
  eden space 25600K, 100% used [0x00000000eab00000,0x00000000ec400000,0x00000000ec400000)
  from space 4096K, 0% used [0x00000000ec800000,0x00000000ec800000,0x00000000ecc00000)
  to   space 4096K, 0% used [0x00000000ec400000,0x00000000ec400000,0x00000000ec800000)
 ParOldGen       total 68608K, used 0K [0x00000000c0000000, 0x00000000c4300000, 0x00000000eab00000)
  object space 68608K, 0% used [0x00000000c0000000,0x00000000c0000000,0x00000000c4300000)
 Metaspace       used 4318K, committed 4544K, reserved 1114112K
  class space    used 436K, committed 512K, reserved 1048576K
}
Event: 2.452 GC heap after
{Heap after GC invocations=1 (full 0):
 PSYoungGen      total 29696K, used 3375K [0x00000000eab00000, 0x00000000ecc00000, 0x0000000100000000)
  eden space 25600K, 0% used [0x00000000eab00000,0x00000000eab00000,0x00000000ec400000)
  from space 4096K, 82% used [0x00000000ec400000,0x00000000ec74be00,0x00000000ec800000)
  to   space 4096K, 0% used [0x00000000ec800000,0x00000000ec800000,0x00000000ecc00000)
 ParOldGen       total 68608K, used 16K [0x00000000c0000000, 0x00000000c4300000, 0x00000000eab00000)
  object space 68608K, 0% used [0x00000000c0000000,0x00000000c0004000,0x00000000c4300000)
 Metaspace       used 4318K, committed 4544K, reserved 1114112K
  class space    used 436K, committed 512K, reserved 1048576K
}
Event: 3.771 GC heap before
{Heap before GC invocations=2 (full 0):
 PSYoungGen      total 29696K, used 28975K [0x00000000eab00000, 0x00000000ecc00000, 0x0000000100000000)
  eden space 25600K, 100% used [0x00000000eab00000,0x00000000ec400000,0x00000000ec400000)
  from space 4096K, 82% used [0x00000000ec400000,0x00000000ec74be00,0x00000000ec800000)
  to   space 4096K, 0% used [0x00000000ec800000,0x00000000ec800000,0x00000000ecc00000)
 ParOldGen       total 68608K, used 16K [0x00000000c0000000, 0x00000000c4300000, 0x00000000eab00000)
  object space 68608K, 0% used [0x00000000c0000000,0x00000000c0004000,0x00000000c4300000)
 Metaspace       used 8122K, committed 8384K, reserved 1114112K
  class space    used 809K, committed 960K, reserved 1048576K
}
Event: 3.780 GC heap after
{Heap after GC invocations=2 (full 0):
 PSYoungGen      total 29696K, used 4093K [0x00000000eab00000, 0x00000000ecc00000, 0x0000000100000000)
  eden space 25600K, 0% used [0x00000000eab00000,0x00000000eab00000,0x00000000ec400000)
  from space 4096K, 99% used [0x00000000ec800000,0x00000000ecbff778,0x00000000ecc00000)
  to   space 4096K, 0% used [0x00000000ec400000,0x00000000ec400000,0x00000000ec800000)
 ParOldGen       total 68608K, used 1044K [0x00000000c0000000, 0x00000000c4300000, 0x00000000eab00000)
  object space 68608K, 1% used [0x00000000c0000000,0x00000000c01053f8,0x00000000c4300000)
 Metaspace       used 8122K, committed 8384K, reserved 1114112K
  class space    used 809K, committed 960K, reserved 1048576K
}

Dll operation events (9 events):
Event: 0.033 Loaded shared library c:\Users\happy\.vscode\extensions\redhat.java-1.41.1-win32-x64\jre\21.0.6-win32-x86_64\bin\java.dll
Event: 0.210 Loaded shared library c:\Users\happy\.vscode\extensions\redhat.java-1.41.1-win32-x64\jre\21.0.6-win32-x86_64\bin\zip.dll
Event: 0.444 Loaded shared library C:\Users\happy\.vscode\extensions\redhat.java-1.41.1-win32-x64\jre\21.0.6-win32-x86_64\bin\instrument.dll
Event: 0.455 Loaded shared library C:\Users\happy\.vscode\extensions\redhat.java-1.41.1-win32-x64\jre\21.0.6-win32-x86_64\bin\net.dll
Event: 0.458 Loaded shared library C:\Users\happy\.vscode\extensions\redhat.java-1.41.1-win32-x64\jre\21.0.6-win32-x86_64\bin\nio.dll
Event: 0.471 Loaded shared library C:\Users\happy\.vscode\extensions\redhat.java-1.41.1-win32-x64\jre\21.0.6-win32-x86_64\bin\zip.dll
Event: 0.519 Loaded shared library C:\Users\happy\.vscode\extensions\redhat.java-1.41.1-win32-x64\jre\21.0.6-win32-x86_64\bin\jimage.dll
Event: 0.700 Loaded shared library c:\Users\happy\.vscode\extensions\redhat.java-1.41.1-win32-x64\jre\21.0.6-win32-x86_64\bin\verify.dll
Event: 3.708 Loaded shared library C:\Users\happy\AppData\Roaming\Code\User\globalStorage\redhat.java\1.41.1\config_ss_win\org.eclipse.equinox.launcher\org.eclipse.equinox.launcher.win32.win32.x86_64_1.2.1300.v20250331-1702\eclipse_11911.dll

Deoptimization events (20 events):
Event: 4.470 Thread 0x000001e607952ef0 Uncommon trap: trap_request=0xffffffde fr.pc=0x000001e5b6ca54c8 relative=0x00000000000003a8
Event: 4.470 Thread 0x000001e607952ef0 Uncommon trap: reason=class_check action=maybe_recompile pc=0x000001e5b6ca54c8 method=java.io.DataInputStream.readUnsignedByte()I @ 4 c2
Event: 4.470 Thread 0x000001e607952ef0 DEOPT PACKING pc=0x000001e5b6ca54c8 sp=0x0000007ef47fb650
Event: 4.470 Thread 0x000001e607952ef0 DEOPT UNPACKING pc=0x000001e5b6683aa2 sp=0x0000007ef47fb598 mode 2
Event: 4.470 Thread 0x000001e607952ef0 Uncommon trap: trap_request=0xffffffde fr.pc=0x000001e5b6ca54c8 relative=0x00000000000003a8
Event: 4.470 Thread 0x000001e607952ef0 Uncommon trap: reason=class_check action=maybe_recompile pc=0x000001e5b6ca54c8 method=java.io.DataInputStream.readUnsignedByte()I @ 4 c2
Event: 4.470 Thread 0x000001e607952ef0 DEOPT PACKING pc=0x000001e5b6ca54c8 sp=0x0000007ef47fb650
Event: 4.471 Thread 0x000001e607952ef0 DEOPT UNPACKING pc=0x000001e5b6683aa2 sp=0x0000007ef47fb598 mode 2
Event: 4.471 Thread 0x000001e607952ef0 Uncommon trap: trap_request=0xffffffc6 fr.pc=0x000001e5b6ca38bc relative=0x000000000000167c
Event: 4.471 Thread 0x000001e607952ef0 Uncommon trap: reason=bimorphic_or_optimized_type_check action=maybe_recompile pc=0x000001e5b6ca38bc method=java.io.DataInputStream.readFully([BII)V @ 30 c2
Event: 4.471 Thread 0x000001e607952ef0 DEOPT PACKING pc=0x000001e5b6ca38bc sp=0x0000007ef47fb530
Event: 4.471 Thread 0x000001e607952ef0 DEOPT UNPACKING pc=0x000001e5b6683aa2 sp=0x0000007ef47fb3f8 mode 2
Event: 4.473 Thread 0x000001e607952ef0 Uncommon trap: trap_request=0xffffffde fr.pc=0x000001e5b6ca54c8 relative=0x00000000000003a8
Event: 4.473 Thread 0x000001e607952ef0 Uncommon trap: reason=class_check action=maybe_recompile pc=0x000001e5b6ca54c8 method=java.io.DataInputStream.readUnsignedByte()I @ 4 c2
Event: 4.473 Thread 0x000001e607952ef0 DEOPT PACKING pc=0x000001e5b6ca54c8 sp=0x0000007ef47fb650
Event: 4.473 Thread 0x000001e607952ef0 DEOPT UNPACKING pc=0x000001e5b6683aa2 sp=0x0000007ef47fb598 mode 2
Event: 4.473 Thread 0x000001e607952ef0 Uncommon trap: trap_request=0xffffffde fr.pc=0x000001e5b6ca54c8 relative=0x00000000000003a8
Event: 4.473 Thread 0x000001e607952ef0 Uncommon trap: reason=class_check action=maybe_recompile pc=0x000001e5b6ca54c8 method=java.io.DataInputStream.readUnsignedByte()I @ 4 c2
Event: 4.473 Thread 0x000001e607952ef0 DEOPT PACKING pc=0x000001e5b6ca54c8 sp=0x0000007ef47fb650
Event: 4.473 Thread 0x000001e607952ef0 DEOPT UNPACKING pc=0x000001e5b6683aa2 sp=0x0000007ef47fb598 mode 2

Classes loaded (20 events):
Event: 4.037 Loading class java/util/Timer
Event: 4.038 Loading class java/util/Timer done
Event: 4.038 Loading class java/util/TaskQueue
Event: 4.038 Loading class java/util/TaskQueue done
Event: 4.038 Loading class java/util/TimerThread
Event: 4.038 Loading class java/util/TimerThread done
Event: 4.038 Loading class java/util/Timer$ThreadReaper
Event: 4.039 Loading class java/util/Timer$ThreadReaper done
Event: 4.058 Loading class java/util/concurrent/locks/ReentrantLock$FairSync
Event: 4.059 Loading class java/util/concurrent/locks/ReentrantLock$FairSync done
Event: 4.061 Loading class java/util/Collections$ReverseComparator
Event: 4.061 Loading class java/util/Collections$ReverseComparator done
Event: 4.217 Loading class java/lang/CloneNotSupportedException
Event: 4.218 Loading class java/lang/CloneNotSupportedException done
Event: 4.385 Loading class java/nio/file/NoSuchFileException
Event: 4.385 Loading class java/nio/file/FileSystemException
Event: 4.385 Loading class java/nio/file/FileSystemException done
Event: 4.385 Loading class java/nio/file/NoSuchFileException done
Event: 4.568 Loading class java/lang/StackWalker$Option
Event: 4.568 Loading class java/lang/StackWalker$Option done

Classes unloaded (0 events):
No events

Classes redefined (0 events):
No events

Internal exceptions (20 events):
Event: 2.468 Thread 0x000001e5abf13030 Implicit null exception at 0x000001e5b6c35b20 to 0x000001e5b6c35d3c
Event: 2.468 Thread 0x000001e5abf13030 Implicit null exception at 0x000001e5b6c2e240 to 0x000001e5b6c2e2c5
Event: 2.568 Thread 0x000001e5abf13030 Exception <a 'java/lang/NoSuchMethodError'{0x00000000eadbd728}: 'long java.lang.invoke.DirectMethodHandle$Holder.invokeStatic(java.lang.Object, java.lang.Object, int)'> (0x00000000eadbd728) 
thrown [s\src\hotspot\share\interpreter\linkResolver.cpp, line 773]
Event: 2.571 Thread 0x000001e5abf13030 Exception <a 'java/lang/NoSuchMethodError'{0x00000000eadc54a0}: 'java.lang.Object java.lang.invoke.DirectMethodHandle$Holder.invokeSpecial(java.lang.Object, java.lang.Object, java.lang.Object, java.lang.Object, long)'> (0x00000000eadc54a0) 
thrown [s\src\hotspot\share\interpreter\linkResolver.cpp, line 773]
Event: 2.573 Thread 0x000001e5abf13030 Exception <a 'java/lang/NoSuchMethodError'{0x00000000eadd2e98}: 'java.lang.Object java.lang.invoke.DirectMethodHandle$Holder.invokeSpecial(java.lang.Object, java.lang.Object, java.lang.Object, int, java.lang.Object)'> (0x00000000eadd2e98) 
thrown [s\src\hotspot\share\interpreter\linkResolver.cpp, line 773]
Event: 2.578 Thread 0x000001e5abf13030 Exception <a 'java/lang/NoSuchMethodError'{0x00000000eadea248}: 'java.lang.Object java.lang.invoke.Invokers$Holder.invokeExact_MT(java.lang.Object, java.lang.Object, java.lang.Object, java.lang.Object, java.lang.Object, java.lang.Object)'> (0x00000000eadea248) 
thrown [s\src\hotspot\share\interpreter\linkResolver.cpp, line 773]
Event: 2.584 Thread 0x000001e5abf13030 Exception <a 'java/lang/NoSuchMethodError'{0x00000000eae03b00}: 'int java.lang.invoke.DirectMethodHandle$Holder.invokeStaticInit(java.lang.Object, java.lang.Object, java.lang.Object, java.lang.Object)'> (0x00000000eae03b00) 
thrown [s\src\hotspot\share\interpreter\linkResolver.cpp, line 773]
Event: 2.586 Thread 0x000001e5abf13030 Exception <a 'java/lang/NoSuchMethodError'{0x00000000eae0c2b8}: 'java.lang.Object java.lang.invoke.DirectMethodHandle$Holder.invokeInterface(java.lang.Object, java.lang.Object)'> (0x00000000eae0c2b8) 
thrown [s\src\hotspot\share\interpreter\linkResolver.cpp, line 773]
Event: 2.586 Thread 0x000001e5abf13030 Exception <a 'java/lang/IncompatibleClassChangeError'{0x00000000eae0f7f0}: Found class java.lang.Object, but interface was expected> (0x00000000eae0f7f0) 
thrown [s\src\hotspot\share\interpreter\linkResolver.cpp, line 840]
Event: 2.588 Thread 0x000001e5abf13030 Exception <a 'java/lang/NoSuchMethodError'{0x00000000eae139a8}: 'void java.lang.invoke.DirectMethodHandle$Holder.invokeStatic(java.lang.Object, java.lang.Object)'> (0x00000000eae139a8) 
thrown [s\src\hotspot\share\interpreter\linkResolver.cpp, line 773]
Event: 2.589 Thread 0x000001e5abf13030 Exception <a 'java/lang/NoSuchMethodError'{0x00000000eae16d50}: 'void java.lang.invoke.DirectMethodHandle$Holder.invokeStaticInit(java.lang.Object, java.lang.Object)'> (0x00000000eae16d50) 
thrown [s\src\hotspot\share\interpreter\linkResolver.cpp, line 773]
Event: 2.590 Thread 0x000001e5abf13030 Exception <a 'java/lang/NoSuchMethodError'{0x00000000eae1e010}: 'int java.lang.invoke.DirectMethodHandle$Holder.invokeStaticInit(java.lang.Object, java.lang.Object)'> (0x00000000eae1e010) 
thrown [s\src\hotspot\share\interpreter\linkResolver.cpp, line 773]
Event: 2.670 Thread 0x000001e5abf13030 Exception <a 'java/lang/NoSuchMethodError'{0x00000000eaf5cdf0}: 'void java.lang.invoke.DirectMethodHandle$Holder.invokeSpecial(java.lang.Object, java.lang.Object, java.lang.Object)'> (0x00000000eaf5cdf0) 
thrown [s\src\hotspot\share\interpreter\linkResolver.cpp, line 773]
Event: 3.267 Thread 0x000001e5abf13030 Exception <a 'java/lang/NoSuchMethodError'{0x00000000eb8044f8}: 'int java.lang.invoke.DirectMethodHandle$Holder.invokeVirtual(java.lang.Object, java.lang.Object)'> (0x00000000eb8044f8) 
thrown [s\src\hotspot\share\interpreter\linkResolver.cpp, line 773]
Event: 3.405 Thread 0x000001e5abf13030 Exception <a 'java/lang/NoSuchMethodError'{0x00000000ebb3c0d8}: 'java.lang.Object java.lang.invoke.DirectMethodHandle$Holder.newInvokeSpecial(java.lang.Object, int, java.lang.Object)'> (0x00000000ebb3c0d8) 
thrown [s\src\hotspot\share\interpreter\linkResolver.cpp, line 773]
Event: 3.456 Thread 0x000001e5abf13030 Exception <a 'java/lang/NoSuchMethodError'{0x00000000ebccd268}: 'java.lang.Object java.lang.invoke.DirectMethodHandle$Holder.newInvokeSpecial(java.lang.Object, java.lang.Object, java.lang.Object, java.lang.Object, int, java.lang.Object)'> (0x00000000ebccd268) 
thrown [s\src\hotspot\share\interpreter\linkResolver.cpp, line 773]
Event: 3.701 Thread 0x000001e5abf13030 Exception <a 'java/lang/UnsatisfiedLinkError'{0x00000000ec124f08}: 'void org.eclipse.equinox.launcher.JNIBridge._update_splash()'> (0x00000000ec124f08) 
thrown [s\src\hotspot\share\prims\nativeLookup.cpp, line 415]
Event: 3.834 Thread 0x000001e607952ef0 Exception <a 'java/lang/NullPointerException'{0x00000000eac7b6a8}> (0x00000000eac7b6a8) 
thrown [s\src\hotspot\share\interpreter\linkResolver.cpp, line 1372]
Event: 3.834 Thread 0x000001e607952ef0 Exception <a 'java/lang/NullPointerException'{0x00000000eac7b988}> (0x00000000eac7b988) 
thrown [s\src\hotspot\share\interpreter\linkResolver.cpp, line 1372]
Event: 4.451 Thread 0x000001e607952ef0 Exception <a 'java/io/FileNotFoundException'{0x00000000eb788ce8}> (0x00000000eb788ce8) 
thrown [s\src\hotspot\share\prims\jni.cpp, line 520]

ZGC Phase Switch (0 events):
No events

VM Operations (20 events):
Event: 1.625 Executing VM operation: HandshakeAllThreads (Deoptimize)
Event: 1.625 Executing VM operation: HandshakeAllThreads (Deoptimize) done
Event: 1.705 Executing VM operation: HandshakeAllThreads (Deoptimize)
Event: 1.705 Executing VM operation: HandshakeAllThreads (Deoptimize) done
Event: 2.339 Executing VM operation: HandshakeAllThreads (Deoptimize)
Event: 2.339 Executing VM operation: HandshakeAllThreads (Deoptimize) done
Event: 2.442 Executing VM operation: ParallelGCFailedAllocation (Allocation Failure)
Event: 2.452 Executing VM operation: ParallelGCFailedAllocation (Allocation Failure) done
Event: 3.362 Executing VM operation: HandshakeAllThreads (Deoptimize)
Event: 3.362 Executing VM operation: HandshakeAllThreads (Deoptimize) done
Event: 3.385 Executing VM operation: HandshakeAllThreads (Deoptimize)
Event: 3.386 Executing VM operation: HandshakeAllThreads (Deoptimize) done
Event: 3.452 Executing VM operation: HandshakeAllThreads (Deoptimize)
Event: 3.452 Executing VM operation: HandshakeAllThreads (Deoptimize) done
Event: 3.771 Executing VM operation: ParallelGCFailedAllocation (Allocation Failure)
Event: 3.780 Executing VM operation: ParallelGCFailedAllocation (Allocation Failure) done
Event: 3.823 Executing VM operation: HandshakeAllThreads (Deoptimize)
Event: 3.823 Executing VM operation: HandshakeAllThreads (Deoptimize) done
Event: 4.059 Executing VM operation: HandshakeAllThreads (Deoptimize)
Event: 4.059 Executing VM operation: HandshakeAllThreads (Deoptimize) done

Memory protections (0 events):
No events

Nmethod flushes (0 events):
No events

Events (20 events):
Event: 0.238 Thread 0x000001e5abf13030 Thread added: 0x000001e5c02cb770
Event: 0.238 Thread 0x000001e5abf13030 Thread added: 0x000001e5c02cd690
Event: 0.238 Thread 0x000001e5abf13030 Thread added: 0x000001e5c02d1100
Event: 0.239 Thread 0x000001e5abf13030 Thread added: 0x000001e5c02d1f30
Event: 0.243 Thread 0x000001e5abf13030 Thread added: 0x000001e607030020
Event: 0.321 Thread 0x000001e5abf13030 Thread added: 0x000001e6070cf4b0
Event: 0.392 Thread 0x000001e607030020 Thread added: 0x000001e6071a3390
Event: 0.783 Thread 0x000001e6071a3390 Thread exited: 0x000001e6071a3390
Event: 0.973 Thread 0x000001e5abf13030 Thread added: 0x000001e607323f40
Event: 0.996 Thread 0x000001e5c02d1f30 Thread added: 0x000001e607332740
Event: 1.157 Thread 0x000001e607332740 Thread exited: 0x000001e607332740
Event: 1.305 Thread 0x000001e5c02d1f30 Thread added: 0x000001e6073a9f50
Event: 2.226 Thread 0x000001e6073a9f50 Thread exited: 0x000001e6073a9f50
Event: 2.236 Thread 0x000001e607030020 Thread added: 0x000001e6073a9f50
Event: 3.341 Thread 0x000001e5abf13030 Thread added: 0x000001e607c82680
Event: 3.687 Thread 0x000001e5abf13030 Thread added: 0x000001e607972a20
Event: 3.697 Thread 0x000001e5abf13030 Thread added: 0x000001e607952ef0
Event: 3.759 Thread 0x000001e607952ef0 Thread added: 0x000001e607bc0c80
Event: 3.877 Thread 0x000001e6073a9f50 Thread exited: 0x000001e6073a9f50
Event: 4.039 Thread 0x000001e607952ef0 Thread added: 0x000001e607cd7a40


Dynamic libraries:
0x00007ff7cefb0000 - 0x00007ff7cefbe000 	c:\Users\happy\.vscode\extensions\redhat.java-1.41.1-win32-x64\jre\21.0.6-win32-x86_64\bin\java.exe
0x00007fffe8290000 - 0x00007fffe84a7000 	C:\WINDOWS\SYSTEM32\ntdll.dll
0x00007fffe7670000 - 0x00007fffe7734000 	C:\WINDOWS\System32\KERNEL32.DLL
0x00007fffe53d0000 - 0x00007fffe57a3000 	C:\WINDOWS\System32\KERNELBASE.dll
0x00007fffe5d60000 - 0x00007fffe5e71000 	C:\WINDOWS\System32\ucrtbase.dll
0x00007fffcfa40000 - 0x00007fffcfa58000 	c:\Users\happy\.vscode\extensions\redhat.java-1.41.1-win32-x64\jre\21.0.6-win32-x86_64\bin\jli.dll
0x00007fffe6ca0000 - 0x00007fffe6e51000 	C:\WINDOWS\System32\USER32.dll
0x00007fffe5f00000 - 0x00007fffe5f26000 	C:\WINDOWS\System32\win32u.dll
0x00007fffe7e00000 - 0x00007fffe7e29000 	C:\WINDOWS\System32\GDI32.dll
0x00007fffe5c40000 - 0x00007fffe5d5b000 	C:\WINDOWS\System32\gdi32full.dll
0x00007fffe57b0000 - 0x00007fffe584a000 	C:\WINDOWS\System32\msvcp_win.dll
0x00007fffcfa20000 - 0x00007fffcfa3e000 	c:\Users\happy\.vscode\extensions\redhat.java-1.41.1-win32-x64\jre\21.0.6-win32-x86_64\bin\VCRUNTIME140.dll
0x00007fffcb600000 - 0x00007fffcb898000 	C:\WINDOWS\WinSxS\amd64_microsoft.windows.common-controls_6595b64144ccf1df_6.0.22621.5124_none_270e8f4f7386d69d\COMCTL32.dll
0x00007fffe8120000 - 0x00007fffe81c7000 	C:\WINDOWS\System32\msvcrt.dll
0x00007fffe6a60000 - 0x00007fffe6a91000 	C:\WINDOWS\System32\IMM32.DLL
0x00007fffd7770000 - 0x00007fffd777c000 	c:\Users\happy\.vscode\extensions\redhat.java-1.41.1-win32-x64\jre\21.0.6-win32-x86_64\bin\vcruntime140_1.dll
0x00007fffcd910000 - 0x00007fffcd99d000 	c:\Users\happy\.vscode\extensions\redhat.java-1.41.1-win32-x64\jre\21.0.6-win32-x86_64\bin\msvcp140.dll
0x00007fff4eae0000 - 0x00007fff4f870000 	c:\Users\happy\.vscode\extensions\redhat.java-1.41.1-win32-x64\jre\21.0.6-win32-x86_64\bin\server\jvm.dll
0x00007fffe7740000 - 0x00007fffe77f1000 	C:\WINDOWS\System32\ADVAPI32.dll
0x00007fffe7d50000 - 0x00007fffe7df8000 	C:\WINDOWS\System32\sechost.dll
0x00007fffe53a0000 - 0x00007fffe53c8000 	C:\WINDOWS\System32\bcrypt.dll
0x00007fffe6ec0000 - 0x00007fffe6fd4000 	C:\WINDOWS\System32\RPCRT4.dll
0x00007fffe7e50000 - 0x00007fffe7ec1000 	C:\WINDOWS\System32\WS2_32.dll
0x00007fffe4220000 - 0x00007fffe426d000 	C:\WINDOWS\SYSTEM32\POWRPROF.dll
0x00007fffd9190000 - 0x00007fffd91c4000 	C:\WINDOWS\SYSTEM32\WINMM.dll
0x00007fffd7a30000 - 0x00007fffd7a3a000 	C:\WINDOWS\SYSTEM32\VERSION.dll
0x00007fffe4200000 - 0x00007fffe4213000 	C:\WINDOWS\SYSTEM32\UMPDC.dll
0x00007fffe44c0000 - 0x00007fffe44d8000 	C:\WINDOWS\SYSTEM32\kernel.appcore.dll
0x00007fffd70f0000 - 0x00007fffd70fa000 	c:\Users\happy\.vscode\extensions\redhat.java-1.41.1-win32-x64\jre\21.0.6-win32-x86_64\bin\jimage.dll
0x00007fffe2d30000 - 0x00007fffe2f62000 	C:\WINDOWS\SYSTEM32\DBGHELP.DLL
0x00007fffe7800000 - 0x00007fffe7b92000 	C:\WINDOWS\System32\combase.dll
0x00007fffe60d0000 - 0x00007fffe61a7000 	C:\WINDOWS\System32\OLEAUT32.dll
0x00007fffd79f0000 - 0x00007fffd7a22000 	C:\WINDOWS\SYSTEM32\dbgcore.DLL
0x00007fffe5990000 - 0x00007fffe5a0b000 	C:\WINDOWS\System32\bcryptPrimitives.dll
0x00007fffd7960000 - 0x00007fffd796f000 	c:\Users\happy\.vscode\extensions\redhat.java-1.41.1-win32-x64\jre\21.0.6-win32-x86_64\bin\instrument.dll
0x00007fffcf980000 - 0x00007fffcf99f000 	c:\Users\happy\.vscode\extensions\redhat.java-1.41.1-win32-x64\jre\21.0.6-win32-x86_64\bin\java.dll
0x00007fffe61b0000 - 0x00007fffe6a46000 	C:\WINDOWS\System32\SHELL32.dll
0x00007fffe5850000 - 0x00007fffe598f000 	C:\WINDOWS\System32\wintypes.dll
0x00007fffe32d0000 - 0x00007fffe3bea000 	C:\WINDOWS\SYSTEM32\windows.storage.dll
0x00007fffe8010000 - 0x00007fffe811a000 	C:\WINDOWS\System32\SHCORE.dll
0x00007fffe6c30000 - 0x00007fffe6c93000 	C:\WINDOWS\System32\shlwapi.dll
0x00007fffe52d0000 - 0x00007fffe52fb000 	C:\WINDOWS\SYSTEM32\profapi.dll
0x00007fffce720000 - 0x00007fffce738000 	c:\Users\happy\.vscode\extensions\redhat.java-1.41.1-win32-x64\jre\21.0.6-win32-x86_64\bin\zip.dll
0x00007fffd05b0000 - 0x00007fffd05c0000 	C:\Users\happy\.vscode\extensions\redhat.java-1.41.1-win32-x64\jre\21.0.6-win32-x86_64\bin\net.dll
0x00007fffd6960000 - 0x00007fffd6a8c000 	C:\WINDOWS\SYSTEM32\WINHTTP.dll
0x00007fffe4940000 - 0x00007fffe49aa000 	C:\WINDOWS\system32\mswsock.dll
0x00007fffcdaa0000 - 0x00007fffcdab6000 	C:\Users\happy\.vscode\extensions\redhat.java-1.41.1-win32-x64\jre\21.0.6-win32-x86_64\bin\nio.dll
0x00007fffd7950000 - 0x00007fffd7960000 	c:\Users\happy\.vscode\extensions\redhat.java-1.41.1-win32-x64\jre\21.0.6-win32-x86_64\bin\verify.dll
0x00007fffcd210000 - 0x00007fffcd255000 	C:\Users\happy\AppData\Roaming\Code\User\globalStorage\redhat.java\1.41.1\config_ss_win\org.eclipse.equinox.launcher\org.eclipse.equinox.launcher.win32.win32.x86_64_1.2.1300.v20250331-1702\eclipse_11911.dll
0x00007fffe7ba0000 - 0x00007fffe7d41000 	C:\WINDOWS\System32\ole32.dll

dbghelp: loaded successfully - version: 4.0.5 - missing functions: none
symbol engine: initialized successfully - sym options: 0x614 - pdb path: .;c:\Users\happy\.vscode\extensions\redhat.java-1.41.1-win32-x64\jre\21.0.6-win32-x86_64\bin;C:\WINDOWS\SYSTEM32;C:\WINDOWS\WinSxS\amd64_microsoft.windows.common-controls_6595b64144ccf1df_6.0.22621.5124_none_270e8f4f7386d69d;c:\Users\happy\.vscode\extensions\redhat.java-1.41.1-win32-x64\jre\21.0.6-win32-x86_64\bin\server;C:\Users\happy\AppData\Roaming\Code\User\globalStorage\redhat.java\1.41.1\config_ss_win\org.eclipse.equinox.launcher\org.eclipse.equinox.launcher.win32.win32.x86_64_1.2.1300.v20250331-1702

VM Arguments:
jvm_args: --add-modules=ALL-SYSTEM --add-opens=java.base/java.util=ALL-UNNAMED --add-opens=java.base/java.lang=ALL-UNNAMED --add-opens=java.base/sun.nio.fs=ALL-UNNAMED -Declipse.application=org.eclipse.jdt.ls.core.id1 -Dosgi.bundles.defaultStartLevel=4 -Declipse.product=org.eclipse.jdt.ls.core.product -Djava.import.generatesMetadataFilesAtProjectRoot=false -DDetectVMInstallationsJob.disabled=true -Dfile.encoding=utf8 -XX:+UseParallelGC -XX:GCTimeRatio=4 -XX:AdaptiveSizePolicyWeight=90 -Dsun.zip.disableMemoryMapping=true -Xmx1G -Xms100m -Xlog:disable -javaagent:c:\Users\happy\.vscode\extensions\redhat.java-1.41.1-win32-x64\lombok\lombok-1.18.36.jar 
java_command: c:\Users\happy\.vscode\extensions\redhat.java-1.41.1-win32-x64\server\plugins\org.eclipse.equinox.launcher_1.7.0.v20250331-1702.jar -configuration c:\Users\happy\AppData\Roaming\Code\User\globalStorage\redhat.java\1.41.1\config_ss_win -data c:\Users\happy\AppData\Roaming\Code\User\workspaceStorage\cdf17a752a5f41bfc441ef0550987fd8\redhat.java\ss_ws --pipe=\\.\pipe\lsp-b246e1526bd0944bb087ef75a898b44d-sock
java_class_path (initial): c:\Users\happy\.vscode\extensions\redhat.java-1.41.1-win32-x64\server\plugins\org.eclipse.equinox.launcher_1.7.0.v20250331-1702.jar
Launcher Type: SUN_STANDARD

[Global flags]
    uintx AdaptiveSizePolicyWeight                 = 90                                        {product} {command line}
     intx CICompilerCount                          = 4                                         {product} {ergonomic}
    uintx GCTimeRatio                              = 4                                         {product} {command line}
   size_t InitialHeapSize                          = 104857600                                 {product} {command line}
   size_t MaxHeapSize                              = 1073741824                                {product} {command line}
   size_t MaxNewSize                               = 357564416                                 {product} {ergonomic}
   size_t MinHeapDeltaBytes                        = 524288                                    {product} {ergonomic}
   size_t MinHeapSize                              = 104857600                                 {product} {command line}
   size_t NewSize                                  = 34603008                                  {product} {ergonomic}
    uintx NonNMethodCodeHeapSize                   = 5839372                                {pd product} {ergonomic}
    uintx NonProfiledCodeHeapSize                  = 122909434                              {pd product} {ergonomic}
   size_t OldSize                                  = 70254592                                  {product} {ergonomic}
    uintx ProfiledCodeHeapSize                     = 122909434                              {pd product} {ergonomic}
    uintx ReservedCodeCacheSize                    = 251658240                              {pd product} {ergonomic}
     bool SegmentedCodeCache                       = true                                      {product} {ergonomic}
   size_t SoftMaxHeapSize                          = 1073741824                             {manageable} {ergonomic}
     bool UseCompressedOops                        = true                           {product lp64_product} {ergonomic}
     bool UseLargePagesIndividualAllocation        = false                                  {pd product} {ergonomic}
     bool UseParallelGC                            = true                                      {product} {command line}

Logging:
Log output configuration:
 #0: stdout all=off uptime,level,tags foldmultilines=false
 #1: stderr all=off uptime,level,tags foldmultilines=false

Environment Variables:
JAVA_HOME=C:\Program Files\Java\jdk-21
PATH=D:\hyeRyung\Oracle\WINDOWS.X64_193000_db_home\bin;C:\Program Files\Common Files\Oracle\Java\javapath;C:\Program Files (x86)\Intel\iCLS Client\;C:\Program Files\Intel\iCLS Client\;C:\WINDOWS\system32;C:\WINDOWS;C:\WINDOWS\System32\Wbem;C:\WINDOWS\System32\WindowsPowerShell\v1.0\;C:\Program Files\Intel\WiFi\bin\;C:\Program Files\Common Files\Intel\WirelessCommon\;C:\Program Files (x86)\Intel\Intel(R) Management Engine Components\DAL;C:\Program Files\Intel\Intel(R) Management Engine Components\DAL;C:\Program Files (x86)\Intel\Intel(R) Management Engine Components\IPT;C:\Program Files\Intel\Intel(R) Management Engine Components\IPT;C:\WINDOWS\System32\OpenSSH\;";C:\Program Files\Java\jdk-21\bin";C:\Program Files\Git\cmd;C:\Program Files\nodejs\;C:\Gradle\gradle-8.12.1\bin;C:\Users\happy\AppData\Local\Android\Sdk\platform-tools;C:\Users\happy\AppData\Local\Android\Sdk\emulator;C:\Program Files\Eclipse Adoptium\jdk-17.0.14.7-hotspot\bin;C:\Program Files\apache-maven-3.9.9\bin;C:\Program Files (x86)\PuTTY\;C:\Program Files\dotnet\;C:\Users\happy\AppData\Local\Android\Sdk\tools;C:\Users\happy\AppData\Local\Android\Sdk\tools;C:\Program Files\MySQL\MySQL Shell 8.0\bin\;C:\Users\happy\AppData\Local\Programs\Python\Launcher\;C:\Users\happy\AppData\Local\Microsoft\WindowsApps;;C:\Program Files\JetBrains\IntelliJ IDEA 2024.3.2.2\bin;;C:\Program Files\JetBrains\IntelliJ IDEA Community Edition 2024.3.2.2\bin;;C:\Users\happy\AppData\Roaming\npm;C:\Users\happy\AppData\Local\Programs\Microsoft VS Code\bin
USERNAME=happy
OS=Windows_NT
PROCESSOR_IDENTIFIER=Intel64 Family 6 Model 142 Stepping 10, GenuineIntel
TMP=C:\Users\happy\AppData\Local\Temp
TEMP=C:\Users\happy\AppData\Local\Temp




Periodic native trim disabled

---------------  S Y S T E M  ---------------

OS:
 Windows 11 , 64 bit Build 22621 (10.0.22621.5124)
OS uptime: 1 days 19:48 hours

CPU: total 8 (initial active 8) (4 cores per cpu, 2 threads per core) family 6 model 142 stepping 10 microcode 0xe0, cx8, cmov, fxsr, ht, mmx, 3dnowpref, sse, sse2, sse3, ssse3, sse4.1, sse4.2, popcnt, lzcnt, tsc, tscinvbit, avx, avx2, aes, erms, clmul, bmi1, bmi2, adx, fma, vzeroupper, clflush, clflushopt, rdtscp, f16c
Processor Information for the first 8 processors :
  Max Mhz: 1800, Current Mhz: 1600, Mhz Limit: 1584

Memory: 4k page, system-wide physical 8107M (413M free)
TotalPageFile size 23649M (AvailPageFile size 144M)
current process WorkingSet (physical memory assigned to process): 99M, peak: 99M
current process commit charge ("private bytes"): 211M, peak: 211M

vm_info: OpenJDK 64-Bit Server VM (21.0.6+7-LTS) for windows-amd64 JRE (21.0.6+7-LTS), built on 2025-01-21T00:00:00Z by "admin" with MS VC++ 17.7 (VS2022)

END.
