#
# There is insufficient memory for the Java Runtime Environment to continue.
# Native memory allocation (malloc) failed to allocate 378896 bytes. Error detail: Chunk::new
# Possible reasons:
#   The system is out of physical RAM or swap space
#   This process is running with CompressedOops enabled, and the Java Heap may be blocking the growth of the native heap
# Possible solutions:
#   Reduce memory load on the system
#   Increase physical memory or swap space
#   Check if swap backing store is full
#   Decrease Java heap size (-Xmx/-Xms)
#   Decrease number of Java threads
#   Decrease Java thread stack sizes (-Xss)
#   Set larger code cache with -XX:ReservedCodeCacheSize=
#   JVM is running with Unscaled Compressed Oops mode in which the Java heap is
#     placed in the first 4GB address space. The Java Heap base address is the
#     maximum limit for the native heap growth. Please use -XX:HeapBaseMinAddress
#     to set the Java Heap base and to place the Java Heap above 4GB virtual address.
# This output file may be truncated or incomplete.
#
#  Out of Memory Error (arena.cpp:168), pid=21264, tid=18064
#
# JRE version: OpenJDK Runtime Environment Temurin-21.0.6+7 (21.0.6+7) (build 21.0.6+7-LTS)
# Java VM: OpenJDK 64-Bit Server VM Temurin-21.0.6+7 (21.0.6+7-LTS, mixed mode, sharing, tiered, compressed oops, compressed class ptrs, parallel gc, windows-amd64)
# No core dump will be written. Minidumps are not enabled by default on client versions of Windows
#

---------------  S U M M A R Y ------------

Command Line: --add-modules=ALL-SYSTEM --add-opens=java.base/java.util=ALL-UNNAMED --add-opens=java.base/java.lang=ALL-UNNAMED --add-opens=java.base/sun.nio.fs=ALL-UNNAMED -Declipse.application=org.eclipse.jdt.ls.core.id1 -Dosgi.bundles.defaultStartLevel=4 -Declipse.product=org.eclipse.jdt.ls.core.product -Djava.import.generatesMetadataFilesAtProjectRoot=false -DDetectVMInstallationsJob.disabled=true -Dfile.encoding=utf8 -XX:+UseParallelGC -XX:GCTimeRatio=4 -XX:AdaptiveSizePolicyWeight=90 -Dsun.zip.disableMemoryMapping=true -Xmx1G -Xms100m -Xlog:disable -javaagent:c:\Users\happy\.vscode\extensions\redhat.java-1.41.1-win32-x64\lombok\lombok-1.18.36.jar -XX:+HeapDumpOnOutOfMemoryError -XX:HeapDumpPath=c:\Users\happy\AppData\Roaming\Code\User\workspaceStorage\cdf17a752a5f41bfc441ef0550987fd8\redhat.java -Daether.dependencyCollector.impl=bf c:\Users\happy\.vscode\extensions\redhat.java-1.41.1-win32-x64\server\plugins\org.eclipse.equinox.launcher_1.7.0.v20250331-1702.jar -configuration c:\Users\happy\AppData\Roaming\Code\User\globalStorage\redhat.java\1.41.1\config_win -data c:\Users\happy\AppData\Roaming\Code\User\workspaceStorage\cdf17a752a5f41bfc441ef0550987fd8\redhat.java\jdt_ws --pipe=\\.\pipe\lsp-34adda0fbf5732a5370d69a425b2092b-sock

Host: Intel(R) Core(TM) i5-8250U CPU @ 1.60GHz, 8 cores, 7G,  Windows 11 , 64 bit Build 22621 (10.0.22621.5124)
Time: Tue Apr 29 12:57:11 2025  Windows 11 , 64 bit Build 22621 (10.0.22621.5124) elapsed time: 33.790247 seconds (0d 0h 0m 33s)

---------------  T H R E A D  ---------------

Current thread (0x000001b419a11b00):  JavaThread "C2 CompilerThread1" daemon [_thread_in_native, id=18064, stack(0x0000004e00900000,0x0000004e00a00000) (1024K)]


Current CompileTask:
C2:33790 11322   !   4       org.eclipse.osgi.internal.weaving.WovenClassImpl::callHooks (410 bytes)

Stack: [0x0000004e00900000,0x0000004e00a00000]
Native frames: (J=compiled Java code, j=interpreted, Vv=VM code, C=native code)
V  [jvm.dll+0x6cdee9]
V  [jvm.dll+0x8a83d1]
V  [jvm.dll+0x8aa8fe]
V  [jvm.dll+0x8aafe3]
V  [jvm.dll+0x27f706]
V  [jvm.dll+0xc500d]
V  [jvm.dll+0xc5543]
V  [jvm.dll+0x3b6752]
V  [jvm.dll+0x382935]
V  [jvm.dll+0x381d9a]
V  [jvm.dll+0x2479f0]
V  [jvm.dll+0x246fcf]
V  [jvm.dll+0x1c75ee]
V  [jvm.dll+0x25685a]
V  [jvm.dll+0x254dfa]
V  [jvm.dll+0x3f0256]
V  [jvm.dll+0x851f8b]
V  [jvm.dll+0x6cc5ed]
C  [ucrtbase.dll+0x29333]
C  [KERNEL32.DLL+0x1259d]
C  [ntdll.dll+0x5af38]


---------------  P R O C E S S  ---------------

Threads class SMR info:
_java_thread_list=0x000001b41ca6c9d0, length=61, elements={
0x000001b3be0dd6f0, 0x000001b3d248f6a0, 0x000001b3d2490fa0, 0x000001b3d2494840,
0x000001b3d24989f0, 0x000001b3d249a650, 0x000001b3d249b2a0, 0x000001b3d249e030,
0x000001b41903bf50, 0x000001b4190a6840, 0x000001b41933f7f0, 0x000001b419c1edd0,
0x000001b419bf4080, 0x000001b41987b320, 0x000001b4195ed130, 0x000001b419c96df0,
0x000001b41a30b700, 0x000001b41a2fc400, 0x000001b41a2f8f80, 0x000001b41a2fa330,
0x000001b41a2f9610, 0x000001b419a11b00, 0x000001b41a2f9ca0, 0x000001b41a2fa9c0,
0x000001b41a2fb050, 0x000001b41a2fb6e0, 0x000001b41a2fbd70, 0x000001b41c052180,
0x000001b41c050740, 0x000001b41c052810, 0x000001b41c051af0, 0x000001b41c04d2c0,
0x000001b41c052ea0, 0x000001b41c050dd0, 0x000001b41c04cc30, 0x000001b41c053530,
0x000001b41c051460, 0x000001b41c053bc0, 0x000001b41c054250, 0x000001b41c04ed00,
0x000001b41c04f390, 0x000001b41c04fa20, 0x000001b41c0500b0, 0x000001b41bc62bb0,
0x000001b41bc673e0, 0x000001b41bc65310, 0x000001b41bc68e20, 0x000001b41bc66030,
0x000001b41bc66d50, 0x000001b41bc68790, 0x000001b41bc63240, 0x000001b41bc694b0,
0x000001b41bc68100, 0x000001b41bc64c80, 0x000001b41bc67a70, 0x000001b41bc62520,
0x000001b41bc666c0, 0x000001b41bc659a0, 0x000001b41bc69b40, 0x000001b41bc645f0,
0x000001b41bc63f60
}

Java Threads: ( => current thread )
  0x000001b3be0dd6f0 JavaThread "main"                              [_thread_blocked, id=19628, stack(0x0000004e7e800000,0x0000004e7e900000) (1024K)]
  0x000001b3d248f6a0 JavaThread "Reference Handler"          daemon [_thread_blocked, id=15128, stack(0x0000004e7ed00000,0x0000004e7ee00000) (1024K)]
  0x000001b3d2490fa0 JavaThread "Finalizer"                  daemon [_thread_blocked, id=16984, stack(0x0000004e7ee00000,0x0000004e7ef00000) (1024K)]
  0x000001b3d2494840 JavaThread "Signal Dispatcher"          daemon [_thread_blocked, id=20376, stack(0x0000004e7ef00000,0x0000004e7f000000) (1024K)]
  0x000001b3d24989f0 JavaThread "Attach Listener"            daemon [_thread_blocked, id=22096, stack(0x0000004e7f000000,0x0000004e7f100000) (1024K)]
  0x000001b3d249a650 JavaThread "Service Thread"             daemon [_thread_blocked, id=7608, stack(0x0000004e7f100000,0x0000004e7f200000) (1024K)]
  0x000001b3d249b2a0 JavaThread "Monitor Deflation Thread"   daemon [_thread_blocked, id=20108, stack(0x0000004e7f200000,0x0000004e7f300000) (1024K)]
  0x000001b3d249e030 JavaThread "C2 CompilerThread0"         daemon [_thread_in_native, id=15748, stack(0x0000004e7f300000,0x0000004e7f400000) (1024K)]
  0x000001b41903bf50 JavaThread "C1 CompilerThread0"         daemon [_thread_blocked, id=22568, stack(0x0000004e7f400000,0x0000004e7f500000) (1024K)]
  0x000001b4190a6840 JavaThread "Common-Cleaner"             daemon [_thread_blocked, id=4848, stack(0x0000004e7f500000,0x0000004e7f600000) (1024K)]
  0x000001b41933f7f0 JavaThread "Notification Thread"        daemon [_thread_blocked, id=20972, stack(0x0000004e7f600000,0x0000004e7f700000) (1024K)]
  0x000001b419c1edd0 JavaThread "Active Thread: Equinox Container: 50dfa042-d682-478f-929b-25519fd59490"        [_thread_blocked, id=15632, stack(0x0000004e7f700000,0x0000004e7f800000) (1024K)]
  0x000001b419bf4080 JavaThread "Refresh Thread: Equinox Container: 50dfa042-d682-478f-929b-25519fd59490" daemon [_thread_blocked, id=17768, stack(0x0000004e7fe00000,0x0000004e7ff00000) (1024K)]
  0x000001b41987b320 JavaThread "Framework Event Dispatcher: Equinox Container: 50dfa042-d682-478f-929b-25519fd59490" daemon [_thread_blocked, id=7304, stack(0x0000004e00000000,0x0000004e00100000) (1024K)]
  0x000001b4195ed130 JavaThread "Start Level: Equinox Container: 50dfa042-d682-478f-929b-25519fd59490" daemon [_thread_blocked, id=23196, stack(0x0000004e00100000,0x0000004e00200000) (1024K)]
  0x000001b419c96df0 JavaThread "Bundle File Closer"         daemon [_thread_blocked, id=20832, stack(0x0000004e00300000,0x0000004e00400000) (1024K)]
  0x000001b41a30b700 JavaThread "SCR Component Actor"        daemon [_thread_blocked, id=2740, stack(0x0000004e00400000,0x0000004e00500000) (1024K)]
  0x000001b41a2fc400 JavaThread "Worker-JM"                         [_thread_blocked, id=21408, stack(0x0000004e00500000,0x0000004e00600000) (1024K)]
  0x000001b41a2f8f80 JavaThread "JNA Cleaner"                daemon [_thread_blocked, id=14600, stack(0x0000004e00600000,0x0000004e00700000) (1024K)]
  0x000001b41a2fa330 JavaThread "Worker-0"                          [_thread_blocked, id=18816, stack(0x0000004e00700000,0x0000004e00800000) (1024K)]
  0x000001b41a2f9610 JavaThread "Worker-1"                          [_thread_blocked, id=8944, stack(0x0000004e00800000,0x0000004e00900000) (1024K)]
=>0x000001b419a11b00 JavaThread "C2 CompilerThread1"         daemon [_thread_in_native, id=18064, stack(0x0000004e00900000,0x0000004e00a00000) (1024K)]
  0x000001b41a2f9ca0 JavaThread "Worker-2: Initialize Workspace"        [_thread_in_vm, id=14900, stack(0x0000004e00a00000,0x0000004e00b00000) (1024K)]
  0x000001b41a2fa9c0 JavaThread "Worker-3"                          [_thread_blocked, id=22700, stack(0x0000004e00b00000,0x0000004e00c00000) (1024K)]
  0x000001b41a2fb050 JavaThread "Java indexing"              daemon [_thread_in_Java, id=1448, stack(0x0000004e00d00000,0x0000004e00e00000) (1024K)]
  0x000001b41a2fb6e0 JavaThread "Worker-4: Java indexing... "        [_thread_blocked, id=6452, stack(0x0000004e00e00000,0x0000004e00f00000) (1024K)]
  0x000001b41a2fbd70 JavaThread "Worker-5"                          [_thread_blocked, id=7540, stack(0x0000004e00f00000,0x0000004e01000000) (1024K)]
  0x000001b41c052180 JavaThread "Thread-2"                   daemon [_thread_in_native, id=17952, stack(0x0000004e01000000,0x0000004e01100000) (1024K)]
  0x000001b41c050740 JavaThread "Thread-3"                   daemon [_thread_in_native, id=18344, stack(0x0000004e01100000,0x0000004e01200000) (1024K)]
  0x000001b41c052810 JavaThread "Thread-4"                   daemon [_thread_in_native, id=4012, stack(0x0000004e01200000,0x0000004e01300000) (1024K)]
  0x000001b41c051af0 JavaThread "Thread-5"                   daemon [_thread_in_native, id=16428, stack(0x0000004e01300000,0x0000004e01400000) (1024K)]
  0x000001b41c04d2c0 JavaThread "Thread-6"                   daemon [_thread_in_native, id=22564, stack(0x0000004e01400000,0x0000004e01500000) (1024K)]
  0x000001b41c052ea0 JavaThread "Thread-7"                   daemon [_thread_in_native, id=3716, stack(0x0000004e01500000,0x0000004e01600000) (1024K)]
  0x000001b41c050dd0 JavaThread "Thread-8"                   daemon [_thread_in_native, id=21488, stack(0x0000004e01600000,0x0000004e01700000) (1024K)]
  0x000001b41c04cc30 JavaThread "Thread-9"                   daemon [_thread_in_native, id=19080, stack(0x0000004e01700000,0x0000004e01800000) (1024K)]
  0x000001b41c053530 JavaThread "Thread-10"                  daemon [_thread_in_native, id=9388, stack(0x0000004e01800000,0x0000004e01900000) (1024K)]
  0x000001b41c051460 JavaThread "pool-2-thread-1"                   [_thread_blocked, id=22988, stack(0x0000004e01900000,0x0000004e01a00000) (1024K)]
  0x000001b41c053bc0 JavaThread "WorkspaceEventsHandler"            [_thread_blocked, id=21788, stack(0x0000004e01a00000,0x0000004e01b00000) (1024K)]
  0x000001b41c054250 JavaThread "pool-1-thread-1"                   [_thread_blocked, id=8592, stack(0x0000004e01b00000,0x0000004e01c00000) (1024K)]
  0x000001b41c04ed00 JavaThread "LocalFile Deleter"          daemon [_thread_blocked, id=23528, stack(0x0000004e00200000,0x0000004e00300000) (1024K)]
  0x000001b41c04f390 JavaThread "LocalFile Deleter"          daemon [_thread_blocked, id=16040, stack(0x0000004e00c00000,0x0000004e00d00000) (1024K)]
  0x000001b41c04fa20 JavaThread "LocalFile Deleter"          daemon [_thread_blocked, id=2680, stack(0x0000004e01c00000,0x0000004e01d00000) (1024K)]
  0x000001b41c0500b0 JavaThread "LocalFile Deleter"          daemon [_thread_blocked, id=20040, stack(0x0000004e01d00000,0x0000004e01e00000) (1024K)]
  0x000001b41bc62bb0 JavaThread "LocalFile Deleter"          daemon [_thread_blocked, id=16036, stack(0x0000004e01e00000,0x0000004e01f00000) (1024K)]
  0x000001b41bc673e0 JavaThread "LocalFile Deleter"          daemon [_thread_blocked, id=23492, stack(0x0000004e01f00000,0x0000004e02000000) (1024K)]
  0x000001b41bc65310 JavaThread "LocalFile Deleter"          daemon [_thread_blocked, id=20872, stack(0x0000004e02000000,0x0000004e02100000) (1024K)]
  0x000001b41bc68e20 JavaThread "LocalFile Deleter"          daemon [_thread_blocked, id=22752, stack(0x0000004e02100000,0x0000004e02200000) (1024K)]
  0x000001b41bc66030 JavaThread "Compiler Source File Reader" daemon [_thread_blocked, id=4108, stack(0x0000004e02200000,0x0000004e02300000) (1024K)]
  0x000001b41bc66d50 JavaThread "Compiler Source File Reader" daemon [_thread_blocked, id=19556, stack(0x0000004e02300000,0x0000004e02400000) (1024K)]
  0x000001b41bc68790 JavaThread "Compiler Source File Reader" daemon [_thread_blocked, id=7456, stack(0x0000004e02400000,0x0000004e02500000) (1024K)]
  0x000001b41bc63240 JavaThread "Compiler Source File Reader" daemon [_thread_blocked, id=17524, stack(0x0000004e02500000,0x0000004e02600000) (1024K)]
  0x000001b41bc694b0 JavaThread "Compiler Source File Reader" daemon [_thread_blocked, id=22428, stack(0x0000004e02600000,0x0000004e02700000) (1024K)]
  0x000001b41bc68100 JavaThread "Compiler Source File Reader" daemon [_thread_blocked, id=8684, stack(0x0000004e02700000,0x0000004e02800000) (1024K)]
  0x000001b41bc64c80 JavaThread "Compiler Processing Task"   daemon [_thread_blocked, id=11844, stack(0x0000004e02800000,0x0000004e02900000) (1024K)]
  0x000001b41bc67a70 JavaThread "Compiler Class File Writer" daemon [_thread_blocked, id=7836, stack(0x0000004e02900000,0x0000004e02a00000) (1024K)]
  0x000001b41bc62520 JavaThread "Compiler Class File Writer" daemon [_thread_blocked, id=7484, stack(0x0000004e02a00000,0x0000004e02b00000) (1024K)]
  0x000001b41bc666c0 JavaThread "Compiler Class File Writer" daemon [_thread_blocked, id=21828, stack(0x0000004e02b00000,0x0000004e02c00000) (1024K)]
  0x000001b41bc659a0 JavaThread "Compiler Class File Writer" daemon [_thread_blocked, id=14392, stack(0x0000004e02c00000,0x0000004e02d00000) (1024K)]
  0x000001b41bc69b40 JavaThread "Compiler Class File Writer" daemon [_thread_blocked, id=16420, stack(0x0000004e02d00000,0x0000004e02e00000) (1024K)]
  0x000001b41bc645f0 JavaThread "Compiler Class File Writer" daemon [_thread_blocked, id=7196, stack(0x0000004e02e00000,0x0000004e02f00000) (1024K)]
  0x000001b41bc63f60 JavaThread "Timer-0"                           [_thread_blocked, id=8772, stack(0x0000004e02f00000,0x0000004e03000000) (1024K)]
Total: 61

Other Threads:
  0x000001b3be19e2e0 VMThread "VM Thread"                           [id=8940, stack(0x0000004e7ec00000,0x0000004e7ed00000) (1024K)]
  0x000001b3d23acc40 WatcherThread "VM Periodic Task Thread"        [id=20896, stack(0x0000004e7eb00000,0x0000004e7ec00000) (1024K)]
  0x000001b3be0fd2e0 WorkerThread "GC Thread#0"                     [id=23104, stack(0x0000004e7ea00000,0x0000004e7eb00000) (1024K)]
  0x000001b4197f8f10 WorkerThread "GC Thread#1"                     [id=8036, stack(0x0000004e7f800000,0x0000004e7f900000) (1024K)]
  0x000001b4197ca820 WorkerThread "GC Thread#2"                     [id=20232, stack(0x0000004e7f900000,0x0000004e7fa00000) (1024K)]
  0x000001b4197f32d0 WorkerThread "GC Thread#3"                     [id=5156, stack(0x0000004e7fa00000,0x0000004e7fb00000) (1024K)]
  0x000001b4197f3670 WorkerThread "GC Thread#4"                     [id=19412, stack(0x0000004e7fb00000,0x0000004e7fc00000) (1024K)]
  0x000001b4197f3a10 WorkerThread "GC Thread#5"                     [id=9568, stack(0x0000004e7fc00000,0x0000004e7fd00000) (1024K)]
  0x000001b4197ee240 WorkerThread "GC Thread#6"                     [id=7720, stack(0x0000004e7fd00000,0x0000004e7fe00000) (1024K)]
  0x000001b419c32810 WorkerThread "GC Thread#7"                     [id=7904, stack(0x0000004e7ff00000,0x0000004e80000000) (1024K)]
Total: 10

Threads with active compile tasks:
C2 CompilerThread0  33850 11324       4       java.util.WeakHashMap::get (75 bytes)
C2 CompilerThread1  33850 11322   !   4       org.eclipse.osgi.internal.weaving.WovenClassImpl::callHooks (410 bytes)
Total: 2

VM state: not at safepoint (normal execution)

VM Mutex/Monitor currently owned by a thread: None

Heap address: 0x00000000c0000000, size: 1024 MB, Compressed Oops mode: 32-bit

CDS archive(s) mapped at: [0x000001b3d3000000-0x000001b3d3ba0000-0x000001b3d3ba0000), size 12189696, SharedBaseAddress: 0x000001b3d3000000, ArchiveRelocationMode: 1.
Compressed class space mapped at: 0x000001b3d4000000-0x000001b414000000, reserved size: 1073741824
Narrow klass base: 0x000001b3d3000000, Narrow klass shift: 0, Narrow klass range: 0x100000000

GC Precious Log:
 CardTable entry size: 512
 CPUs: 8 total, 8 available
 Memory: 8107M
 Large Page Support: Disabled
 NUMA Support: Disabled
 Compressed Oops: Enabled (32-bit)
 Alignments: Space 512K, Generation 512K, Heap 2M
 Heap Min Capacity: 100M
 Heap Initial Capacity: 100M
 Heap Max Capacity: 1G
 Pre-touch: Disabled
 Parallel Workers: 8

Heap:
 PSYoungGen      total 5120K, used 2137K [0x00000000eab00000, 0x00000000eb100000, 0x0000000100000000)
  eden space 4096K, 36% used [0x00000000eab00000,0x00000000eac765f8,0x00000000eaf00000)
  from space 1024K, 62% used [0x00000000eaf00000,0x00000000eafa0000,0x00000000eb000000)
  to   space 1024K, 0% used [0x00000000eb000000,0x00000000eb000000,0x00000000eb100000)
 ParOldGen       total 138240K, used 137011K [0x00000000c0000000, 0x00000000c8700000, 0x00000000eab00000)
  object space 138240K, 99% used [0x00000000c0000000,0x00000000c85cce18,0x00000000c8700000)
 Metaspace       used 60044K, committed 61312K, reserved 1114112K
  class space    used 6092K, committed 6656K, reserved 1048576K

Card table byte_map: [0x000001b3bdab0000,0x000001b3bdcc0000] _byte_map_base: 0x000001b3bd4b0000

Marking Bits: (ParMarkBitMap*) 0x00007ff96bff3260
 Begin Bits: [0x000001b3d02d0000, 0x000001b3d12d0000)
 End Bits:   [0x000001b3d12d0000, 0x000001b3d22d0000)

Polling page: 0x000001b3bd8a0000

Metaspace:

Usage:
  Non-class:     52.69 MB used.
      Class:      5.95 MB used.
       Both:     58.64 MB used.

Virtual space:
  Non-class space:       64.00 MB reserved,      53.38 MB ( 83%) committed,  1 nodes.
      Class space:        1.00 GB reserved,       6.50 MB ( <1%) committed,  1 nodes.
             Both:        1.06 GB reserved,      59.88 MB (  6%) committed. 

Chunk freelists:
   Non-Class:  9.81 MB
       Class:  9.53 MB
        Both:  19.34 MB

MaxMetaspaceSize: unlimited
CompressedClassSpaceSize: 1.00 GB
Initial GC threshold: 21.00 MB
Current GC threshold: 97.31 MB
CDS: on
 - commit_granule_bytes: 65536.
 - commit_granule_words: 8192.
 - virtual_space_node_default_size: 8388608.
 - enlarge_chunks_in_place: 1.
 - use_allocation_guard: 0.


Internal statistics:

num_allocs_failed_limit: 9.
num_arena_births: 1048.
num_arena_deaths: 34.
num_vsnodes_births: 2.
num_vsnodes_deaths: 0.
num_space_committed: 959.
num_space_uncommitted: 0.
num_chunks_returned_to_freelist: 51.
num_chunks_taken_from_freelist: 3765.
num_chunk_merges: 14.
num_chunk_splits: 2337.
num_chunks_enlarged: 1391.
num_inconsistent_stats: 0.

CodeHeap 'non-profiled nmethods': size=120000Kb used=7292Kb max_used=7292Kb free=112707Kb
 bounds [0x000001b3c8da0000, 0x000001b3c94c0000, 0x000001b3d02d0000]
CodeHeap 'profiled nmethods': size=120000Kb used=24157Kb max_used=24157Kb free=95842Kb
 bounds [0x000001b3c12d0000, 0x000001b3c2a70000, 0x000001b3c8800000]
CodeHeap 'non-nmethods': size=5760Kb used=1425Kb max_used=1551Kb free=4334Kb
 bounds [0x000001b3c8800000, 0x000001b3c8a70000, 0x000001b3c8da0000]
 total_blobs=11200 nmethods=10467 adapters=638
 compilation: enabled
              stopped_count=0, restarted_count=0
 full_count=0

Compilation events (20 events):
Event: 33.566 Thread 0x000001b41903bf50 11311       3       org.eclipse.core.internal.runtime.PlatformLogWriter::isLoggable (19 bytes)
Event: 33.566 Thread 0x000001b41903bf50 nmethod 11311 0x000001b3c2a5f490 code [0x000001b3c2a5f660, 0x000001b3c2a5fb18]
Event: 33.571 Thread 0x000001b41903bf50 11312       1       java.nio.charset.Charset::name (5 bytes)
Event: 33.571 Thread 0x000001b41903bf50 nmethod 11312 0x000001b3c94b8e10 code [0x000001b3c94b8fa0, 0x000001b3c94b9068]
Event: 33.583 Thread 0x000001b41903bf50 11313       3       jdk.internal.misc.Unsafe::getAndBitwiseAndInt (27 bytes)
Event: 33.583 Thread 0x000001b41903bf50 nmethod 11313 0x000001b3c2a5fc90 code [0x000001b3c2a5fe40, 0x000001b3c2a60070]
Event: 33.628 Thread 0x000001b419a11b00 11314       4       java.lang.Class$Atomic::casReflectionData (13 bytes)
Event: 33.629 Thread 0x000001b419a11b00 nmethod 11314 0x000001b3c94b9110 code [0x000001b3c94b9280, 0x000001b3c94b9320]
Event: 33.631 Thread 0x000001b41903bf50 11315       3       java.lang.reflect.ProxyGenerator::checkReturnTypes (288 bytes)
Event: 33.632 Thread 0x000001b419a11b00 11318       4       jdk.internal.org.objectweb.asm.MethodWriter::visitInsn (115 bytes)
Event: 33.634 Thread 0x000001b41903bf50 nmethod 11315 0x000001b3c2a60190 code [0x000001b3c2a606a0, 0x000001b3c2a62cb8]
Event: 33.634 Thread 0x000001b41903bf50 11317       3       java.lang.reflect.ProxyGenerator$ProxyMethod::generateMethod (548 bytes)
Event: 33.638 Thread 0x000001b41903bf50 nmethod 11317 0x000001b3c2a63990 code [0x000001b3c2a63f80, 0x000001b3c2a670b0]
Event: 33.638 Thread 0x000001b41903bf50 11316       3       jdk.internal.org.objectweb.asm.SymbolTable::addMergedType (164 bytes)
Event: 33.638 Thread 0x000001b3d249e030 11319       4       java.net.URLStreamHandler::toExternalForm (156 bytes)
Event: 33.639 Thread 0x000001b41903bf50 nmethod 11316 0x000001b3c2a68010 code [0x000001b3c2a68240, 0x000001b3c2a688b0]
Event: 33.643 Thread 0x000001b419a11b00 nmethod 11318 0x000001b3c94b9410 code [0x000001b3c94b95e0, 0x000001b3c94b9a38]
Event: 33.644 Thread 0x000001b419a11b00 11320       4       org.eclipse.osgi.internal.weaving.WovenClassImpl::<init> (80 bytes)
Event: 33.650 Thread 0x000001b419a11b00 nmethod 11320 0x000001b3c94b9d90 code [0x000001b3c94b9f40, 0x000001b3c94ba338]
Event: 33.650 Thread 0x000001b419a11b00 11322   !   4       org.eclipse.osgi.internal.weaving.WovenClassImpl::callHooks (410 bytes)

GC Heap History (20 events):
Event: 33.274 GC heap before
{Heap before GC invocations=114 (full 3):
 PSYoungGen      total 5120K, used 4890K [0x00000000eab00000, 0x00000000eb180000, 0x0000000100000000)
  eden space 4096K, 100% used [0x00000000eab00000,0x00000000eaf00000,0x00000000eaf00000)
  from space 1024K, 77% used [0x00000000eb080000,0x00000000eb146b58,0x00000000eb180000)
  to   space 1024K, 0% used [0x00000000eaf00000,0x00000000eaf00000,0x00000000eb000000)
 ParOldGen       total 138240K, used 129929K [0x00000000c0000000, 0x00000000c8700000, 0x00000000eab00000)
  object space 138240K, 93% used [0x00000000c0000000,0x00000000c7ee2450,0x00000000c8700000)
 Metaspace       used 59348K, committed 60544K, reserved 1114112K
  class space    used 5981K, committed 6528K, reserved 1048576K
}
Event: 33.277 GC heap after
{Heap after GC invocations=114 (full 3):
 PSYoungGen      total 5120K, used 785K [0x00000000eab00000, 0x00000000eb100000, 0x0000000100000000)
  eden space 4096K, 0% used [0x00000000eab00000,0x00000000eab00000,0x00000000eaf00000)
  from space 1024K, 76% used [0x00000000eaf00000,0x00000000eafc4530,0x00000000eb000000)
  to   space 1024K, 0% used [0x00000000eb000000,0x00000000eb000000,0x00000000eb100000)
 ParOldGen       total 138240K, used 130647K [0x00000000c0000000, 0x00000000c8700000, 0x00000000eab00000)
  object space 138240K, 94% used [0x00000000c0000000,0x00000000c7f95cf8,0x00000000c8700000)
 Metaspace       used 59348K, committed 60544K, reserved 1114112K
  class space    used 5981K, committed 6528K, reserved 1048576K
}
Event: 33.304 GC heap before
{Heap before GC invocations=115 (full 3):
 PSYoungGen      total 5120K, used 4881K [0x00000000eab00000, 0x00000000eb100000, 0x0000000100000000)
  eden space 4096K, 100% used [0x00000000eab00000,0x00000000eaf00000,0x00000000eaf00000)
  from space 1024K, 76% used [0x00000000eaf00000,0x00000000eafc4530,0x00000000eb000000)
  to   space 1024K, 0% used [0x00000000eb000000,0x00000000eb000000,0x00000000eb100000)
 ParOldGen       total 138240K, used 130647K [0x00000000c0000000, 0x00000000c8700000, 0x00000000eab00000)
  object space 138240K, 94% used [0x00000000c0000000,0x00000000c7f95cf8,0x00000000c8700000)
 Metaspace       used 59348K, committed 60544K, reserved 1114112K
  class space    used 5981K, committed 6528K, reserved 1048576K
}
Event: 33.306 GC heap after
{Heap after GC invocations=115 (full 3):
 PSYoungGen      total 5120K, used 920K [0x00000000eab00000, 0x00000000eb100000, 0x0000000100000000)
  eden space 4096K, 0% used [0x00000000eab00000,0x00000000eab00000,0x00000000eaf00000)
  from space 1024K, 89% used [0x00000000eb000000,0x00000000eb0e6010,0x00000000eb100000)
  to   space 1024K, 0% used [0x00000000eaf00000,0x00000000eaf00000,0x00000000eb000000)
 ParOldGen       total 138240K, used 131308K [0x00000000c0000000, 0x00000000c8700000, 0x00000000eab00000)
  object space 138240K, 94% used [0x00000000c0000000,0x00000000c803b3b8,0x00000000c8700000)
 Metaspace       used 59348K, committed 60544K, reserved 1114112K
  class space    used 5981K, committed 6528K, reserved 1048576K
}
Event: 33.333 GC heap before
{Heap before GC invocations=116 (full 3):
 PSYoungGen      total 5120K, used 5016K [0x00000000eab00000, 0x00000000eb100000, 0x0000000100000000)
  eden space 4096K, 100% used [0x00000000eab00000,0x00000000eaf00000,0x00000000eaf00000)
  from space 1024K, 89% used [0x00000000eb000000,0x00000000eb0e6010,0x00000000eb100000)
  to   space 1024K, 0% used [0x00000000eaf00000,0x00000000eaf00000,0x00000000eb000000)
 ParOldGen       total 138240K, used 131308K [0x00000000c0000000, 0x00000000c8700000, 0x00000000eab00000)
  object space 138240K, 94% used [0x00000000c0000000,0x00000000c803b3b8,0x00000000c8700000)
 Metaspace       used 59348K, committed 60544K, reserved 1114112K
  class space    used 5981K, committed 6528K, reserved 1048576K
}
Event: 33.335 GC heap after
{Heap after GC invocations=116 (full 3):
 PSYoungGen      total 5120K, used 832K [0x00000000eab00000, 0x00000000eb100000, 0x0000000100000000)
  eden space 4096K, 0% used [0x00000000eab00000,0x00000000eab00000,0x00000000eaf00000)
  from space 1024K, 81% used [0x00000000eaf00000,0x00000000eafd0000,0x00000000eb000000)
  to   space 1024K, 0% used [0x00000000eb000000,0x00000000eb000000,0x00000000eb100000)
 ParOldGen       total 138240K, used 132125K [0x00000000c0000000, 0x00000000c8700000, 0x00000000eab00000)
  object space 138240K, 95% used [0x00000000c0000000,0x00000000c8107428,0x00000000c8700000)
 Metaspace       used 59348K, committed 60544K, reserved 1114112K
  class space    used 5981K, committed 6528K, reserved 1048576K
}
Event: 33.378 GC heap before
{Heap before GC invocations=117 (full 3):
 PSYoungGen      total 5120K, used 4928K [0x00000000eab00000, 0x00000000eb100000, 0x0000000100000000)
  eden space 4096K, 100% used [0x00000000eab00000,0x00000000eaf00000,0x00000000eaf00000)
  from space 1024K, 81% used [0x00000000eaf00000,0x00000000eafd0000,0x00000000eb000000)
  to   space 1024K, 0% used [0x00000000eb000000,0x00000000eb000000,0x00000000eb100000)
 ParOldGen       total 138240K, used 132125K [0x00000000c0000000, 0x00000000c8700000, 0x00000000eab00000)
  object space 138240K, 95% used [0x00000000c0000000,0x00000000c8107428,0x00000000c8700000)
 Metaspace       used 59348K, committed 60544K, reserved 1114112K
  class space    used 5981K, committed 6528K, reserved 1048576K
}
Event: 33.380 GC heap after
{Heap after GC invocations=117 (full 3):
 PSYoungGen      total 5120K, used 722K [0x00000000eab00000, 0x00000000eb100000, 0x0000000100000000)
  eden space 4096K, 0% used [0x00000000eab00000,0x00000000eab00000,0x00000000eaf00000)
  from space 1024K, 70% used [0x00000000eb000000,0x00000000eb0b48e8,0x00000000eb100000)
  to   space 1024K, 0% used [0x00000000eaf00000,0x00000000eaf00000,0x00000000eb000000)
 ParOldGen       total 138240K, used 132798K [0x00000000c0000000, 0x00000000c8700000, 0x00000000eab00000)
  object space 138240K, 96% used [0x00000000c0000000,0x00000000c81afb18,0x00000000c8700000)
 Metaspace       used 59348K, committed 60544K, reserved 1114112K
  class space    used 5981K, committed 6528K, reserved 1048576K
}
Event: 33.417 GC heap before
{Heap before GC invocations=118 (full 3):
 PSYoungGen      total 5120K, used 4818K [0x00000000eab00000, 0x00000000eb100000, 0x0000000100000000)
  eden space 4096K, 100% used [0x00000000eab00000,0x00000000eaf00000,0x00000000eaf00000)
  from space 1024K, 70% used [0x00000000eb000000,0x00000000eb0b48e8,0x00000000eb100000)
  to   space 1024K, 0% used [0x00000000eaf00000,0x00000000eaf00000,0x00000000eb000000)
 ParOldGen       total 138240K, used 132798K [0x00000000c0000000, 0x00000000c8700000, 0x00000000eab00000)
  object space 138240K, 96% used [0x00000000c0000000,0x00000000c81afb18,0x00000000c8700000)
 Metaspace       used 59348K, committed 60544K, reserved 1114112K
  class space    used 5981K, committed 6528K, reserved 1048576K
}
Event: 33.419 GC heap after
{Heap after GC invocations=118 (full 3):
 PSYoungGen      total 5120K, used 708K [0x00000000eab00000, 0x00000000eb100000, 0x0000000100000000)
  eden space 4096K, 0% used [0x00000000eab00000,0x00000000eab00000,0x00000000eaf00000)
  from space 1024K, 69% used [0x00000000eaf00000,0x00000000eafb11d0,0x00000000eb000000)
  to   space 1024K, 0% used [0x00000000eb000000,0x00000000eb000000,0x00000000eb100000)
 ParOldGen       total 138240K, used 133363K [0x00000000c0000000, 0x00000000c8700000, 0x00000000eab00000)
  object space 138240K, 96% used [0x00000000c0000000,0x00000000c823cd18,0x00000000c8700000)
 Metaspace       used 59348K, committed 60544K, reserved 1114112K
  class space    used 5981K, committed 6528K, reserved 1048576K
}
Event: 33.445 GC heap before
{Heap before GC invocations=119 (full 3):
 PSYoungGen      total 5120K, used 4804K [0x00000000eab00000, 0x00000000eb100000, 0x0000000100000000)
  eden space 4096K, 100% used [0x00000000eab00000,0x00000000eaf00000,0x00000000eaf00000)
  from space 1024K, 69% used [0x00000000eaf00000,0x00000000eafb11d0,0x00000000eb000000)
  to   space 1024K, 0% used [0x00000000eb000000,0x00000000eb000000,0x00000000eb100000)
 ParOldGen       total 138240K, used 133363K [0x00000000c0000000, 0x00000000c8700000, 0x00000000eab00000)
  object space 138240K, 96% used [0x00000000c0000000,0x00000000c823cd18,0x00000000c8700000)
 Metaspace       used 59348K, committed 60544K, reserved 1114112K
  class space    used 5981K, committed 6528K, reserved 1048576K
}
Event: 33.447 GC heap after
{Heap after GC invocations=119 (full 3):
 PSYoungGen      total 5120K, used 789K [0x00000000eab00000, 0x00000000eb100000, 0x0000000100000000)
  eden space 4096K, 0% used [0x00000000eab00000,0x00000000eab00000,0x00000000eaf00000)
  from space 1024K, 77% used [0x00000000eb000000,0x00000000eb0c56a8,0x00000000eb100000)
  to   space 1024K, 0% used [0x00000000eaf00000,0x00000000eaf00000,0x00000000eb000000)
 ParOldGen       total 138240K, used 133985K [0x00000000c0000000, 0x00000000c8700000, 0x00000000eab00000)
  object space 138240K, 96% used [0x00000000c0000000,0x00000000c82d8648,0x00000000c8700000)
 Metaspace       used 59348K, committed 60544K, reserved 1114112K
  class space    used 5981K, committed 6528K, reserved 1048576K
}
Event: 33.466 GC heap before
{Heap before GC invocations=120 (full 3):
 PSYoungGen      total 5120K, used 4885K [0x00000000eab00000, 0x00000000eb100000, 0x0000000100000000)
  eden space 4096K, 100% used [0x00000000eab00000,0x00000000eaf00000,0x00000000eaf00000)
  from space 1024K, 77% used [0x00000000eb000000,0x00000000eb0c56a8,0x00000000eb100000)
  to   space 1024K, 0% used [0x00000000eaf00000,0x00000000eaf00000,0x00000000eb000000)
 ParOldGen       total 138240K, used 133985K [0x00000000c0000000, 0x00000000c8700000, 0x00000000eab00000)
  object space 138240K, 96% used [0x00000000c0000000,0x00000000c82d8648,0x00000000c8700000)
 Metaspace       used 59348K, committed 60544K, reserved 1114112K
  class space    used 5981K, committed 6528K, reserved 1048576K
}
Event: 33.468 GC heap after
{Heap after GC invocations=120 (full 3):
 PSYoungGen      total 5120K, used 870K [0x00000000eab00000, 0x00000000eb100000, 0x0000000100000000)
  eden space 4096K, 0% used [0x00000000eab00000,0x00000000eab00000,0x00000000eaf00000)
  from space 1024K, 85% used [0x00000000eaf00000,0x00000000eafd9ac8,0x00000000eb000000)
  to   space 1024K, 0% used [0x00000000eb000000,0x00000000eb000000,0x00000000eb100000)
 ParOldGen       total 138240K, used 134637K [0x00000000c0000000, 0x00000000c8700000, 0x00000000eab00000)
  object space 138240K, 97% used [0x00000000c0000000,0x00000000c837b698,0x00000000c8700000)
 Metaspace       used 59348K, committed 60544K, reserved 1114112K
  class space    used 5981K, committed 6528K, reserved 1048576K
}
Event: 33.580 GC heap before
{Heap before GC invocations=121 (full 3):
 PSYoungGen      total 5120K, used 4966K [0x00000000eab00000, 0x00000000eb100000, 0x0000000100000000)
  eden space 4096K, 100% used [0x00000000eab00000,0x00000000eaf00000,0x00000000eaf00000)
  from space 1024K, 85% used [0x00000000eaf00000,0x00000000eafd9ac8,0x00000000eb000000)
  to   space 1024K, 0% used [0x00000000eb000000,0x00000000eb000000,0x00000000eb100000)
 ParOldGen       total 138240K, used 134637K [0x00000000c0000000, 0x00000000c8700000, 0x00000000eab00000)
  object space 138240K, 97% used [0x00000000c0000000,0x00000000c837b698,0x00000000c8700000)
 Metaspace       used 59402K, committed 60608K, reserved 1114112K
  class space    used 5986K, committed 6528K, reserved 1048576K
}
Event: 33.582 GC heap after
{Heap after GC invocations=121 (full 3):
 PSYoungGen      total 5120K, used 433K [0x00000000eab00000, 0x00000000eb100000, 0x0000000100000000)
  eden space 4096K, 0% used [0x00000000eab00000,0x00000000eab00000,0x00000000eaf00000)
  from space 1024K, 42% used [0x00000000eb000000,0x00000000eb06c4e8,0x00000000eb100000)
  to   space 1024K, 0% used [0x00000000eaf00000,0x00000000eaf00000,0x00000000eb000000)
 ParOldGen       total 138240K, used 135378K [0x00000000c0000000, 0x00000000c8700000, 0x00000000eab00000)
  object space 138240K, 97% used [0x00000000c0000000,0x00000000c84349c0,0x00000000c8700000)
 Metaspace       used 59402K, committed 60608K, reserved 1114112K
  class space    used 5986K, committed 6528K, reserved 1048576K
}
Event: 33.605 GC heap before
{Heap before GC invocations=122 (full 3):
 PSYoungGen      total 5120K, used 4529K [0x00000000eab00000, 0x00000000eb100000, 0x0000000100000000)
  eden space 4096K, 100% used [0x00000000eab00000,0x00000000eaf00000,0x00000000eaf00000)
  from space 1024K, 42% used [0x00000000eb000000,0x00000000eb06c4e8,0x00000000eb100000)
  to   space 1024K, 0% used [0x00000000eaf00000,0x00000000eaf00000,0x00000000eb000000)
 ParOldGen       total 138240K, used 135378K [0x00000000c0000000, 0x00000000c8700000, 0x00000000eab00000)
  object space 138240K, 97% used [0x00000000c0000000,0x00000000c84349c0,0x00000000c8700000)
 Metaspace       used 59496K, committed 60672K, reserved 1114112K
  class space    used 6002K, committed 6528K, reserved 1048576K
}
Event: 33.608 GC heap after
{Heap after GC invocations=122 (full 3):
 PSYoungGen      total 5120K, used 928K [0x00000000eab00000, 0x00000000eb100000, 0x0000000100000000)
  eden space 4096K, 0% used [0x00000000eab00000,0x00000000eab00000,0x00000000eaf00000)
  from space 1024K, 90% used [0x00000000eaf00000,0x00000000eafe8000,0x00000000eb000000)
  to   space 1024K, 0% used [0x00000000eb000000,0x00000000eb000000,0x00000000eb100000)
 ParOldGen       total 138240K, used 135708K [0x00000000c0000000, 0x00000000c8700000, 0x00000000eab00000)
  object space 138240K, 98% used [0x00000000c0000000,0x00000000c84871a0,0x00000000c8700000)
 Metaspace       used 59496K, committed 60672K, reserved 1114112K
  class space    used 6002K, committed 6528K, reserved 1048576K
}
Event: 33.675 GC heap before
{Heap before GC invocations=123 (full 3):
 PSYoungGen      total 5120K, used 5019K [0x00000000eab00000, 0x00000000eb100000, 0x0000000100000000)
  eden space 4096K, 99% used [0x00000000eab00000,0x00000000eaefef38,0x00000000eaf00000)
  from space 1024K, 90% used [0x00000000eaf00000,0x00000000eafe8000,0x00000000eb000000)
  to   space 1024K, 0% used [0x00000000eb000000,0x00000000eb000000,0x00000000eb100000)
 ParOldGen       total 138240K, used 135708K [0x00000000c0000000, 0x00000000c8700000, 0x00000000eab00000)
  object space 138240K, 98% used [0x00000000c0000000,0x00000000c84871a0,0x00000000c8700000)
 Metaspace       used 59719K, committed 60992K, reserved 1114112K
  class space    used 6045K, committed 6592K, reserved 1048576K
}
Event: 33.686 GC heap after
{Heap after GC invocations=123 (full 3):
 PSYoungGen      total 5120K, used 693K [0x00000000eab00000, 0x00000000eb100000, 0x0000000100000000)
  eden space 4096K, 0% used [0x00000000eab00000,0x00000000eab00000,0x00000000eaf00000)
  from space 1024K, 67% used [0x00000000eb000000,0x00000000eb0ad640,0x00000000eb100000)
  to   space 1024K, 0% used [0x00000000eaf00000,0x00000000eaf00000,0x00000000eb000000)
 ParOldGen       total 138240K, used 136477K [0x00000000c0000000, 0x00000000c8700000, 0x00000000eab00000)
  object space 138240K, 98% used [0x00000000c0000000,0x00000000c85477d8,0x00000000c8700000)
 Metaspace       used 59719K, committed 60992K, reserved 1114112K
  class space    used 6045K, committed 6592K, reserved 1048576K
}

Dll operation events (10 events):
Event: 0.028 Loaded shared library c:\Users\happy\.vscode\extensions\redhat.java-1.41.1-win32-x64\jre\21.0.6-win32-x86_64\bin\java.dll
Event: 0.143 Loaded shared library c:\Users\happy\.vscode\extensions\redhat.java-1.41.1-win32-x64\jre\21.0.6-win32-x86_64\bin\zip.dll
Event: 0.386 Loaded shared library C:\Users\happy\.vscode\extensions\redhat.java-1.41.1-win32-x64\jre\21.0.6-win32-x86_64\bin\instrument.dll
Event: 0.394 Loaded shared library C:\Users\happy\.vscode\extensions\redhat.java-1.41.1-win32-x64\jre\21.0.6-win32-x86_64\bin\net.dll
Event: 0.397 Loaded shared library C:\Users\happy\.vscode\extensions\redhat.java-1.41.1-win32-x64\jre\21.0.6-win32-x86_64\bin\nio.dll
Event: 0.403 Loaded shared library C:\Users\happy\.vscode\extensions\redhat.java-1.41.1-win32-x64\jre\21.0.6-win32-x86_64\bin\zip.dll
Event: 0.437 Loaded shared library C:\Users\happy\.vscode\extensions\redhat.java-1.41.1-win32-x64\jre\21.0.6-win32-x86_64\bin\jimage.dll
Event: 0.710 Loaded shared library c:\Users\happy\.vscode\extensions\redhat.java-1.41.1-win32-x64\jre\21.0.6-win32-x86_64\bin\verify.dll
Event: 8.455 Loaded shared library C:\Users\happy\AppData\Roaming\Code\User\globalStorage\redhat.java\1.41.1\config_win\org.eclipse.equinox.launcher\org.eclipse.equinox.launcher.win32.win32.x86_64_1.2.1300.v20250331-1702\eclipse_11911.dll
Event: 13.421 Loaded shared library C:\Users\happy\AppData\Local\Temp\jna-99047136\jna11862545950100355940.dll

Deoptimization events (20 events):
Event: 32.841 Thread 0x000001b41a2f9ca0 Uncommon trap: trap_request=0xffffffde fr.pc=0x000001b3c92550dc relative=0x00000000000003dc
Event: 32.841 Thread 0x000001b41a2f9ca0 Uncommon trap: reason=class_check action=maybe_recompile pc=0x000001b3c92550dc method=sun.nio.fs.WindowsPath.compareTo(Ljava/nio/file/Path;)I @ 18 c2
Event: 32.841 Thread 0x000001b41a2f9ca0 DEOPT PACKING pc=0x000001b3c92550dc sp=0x0000004e00afec80
Event: 32.841 Thread 0x000001b41a2f9ca0 DEOPT UNPACKING pc=0x000001b3c8853aa2 sp=0x0000004e00afec00 mode 2
Event: 32.851 Thread 0x000001b41a2f9ca0 Uncommon trap: trap_request=0xffffffde fr.pc=0x000001b3c92550dc relative=0x00000000000003dc
Event: 32.851 Thread 0x000001b41a2f9ca0 Uncommon trap: reason=class_check action=maybe_recompile pc=0x000001b3c92550dc method=sun.nio.fs.WindowsPath.compareTo(Ljava/nio/file/Path;)I @ 18 c2
Event: 32.851 Thread 0x000001b41a2f9ca0 DEOPT PACKING pc=0x000001b3c92550dc sp=0x0000004e00afebd0
Event: 32.851 Thread 0x000001b41a2f9ca0 DEOPT UNPACKING pc=0x000001b3c8853aa2 sp=0x0000004e00afeb50 mode 2
Event: 32.852 Thread 0x000001b41a2f9ca0 Uncommon trap: trap_request=0xffffffde fr.pc=0x000001b3c92550dc relative=0x00000000000003dc
Event: 32.852 Thread 0x000001b41a2f9ca0 Uncommon trap: reason=class_check action=maybe_recompile pc=0x000001b3c92550dc method=sun.nio.fs.WindowsPath.compareTo(Ljava/nio/file/Path;)I @ 18 c2
Event: 32.852 Thread 0x000001b41a2f9ca0 DEOPT PACKING pc=0x000001b3c92550dc sp=0x0000004e00afebd0
Event: 32.852 Thread 0x000001b41a2f9ca0 DEOPT UNPACKING pc=0x000001b3c8853aa2 sp=0x0000004e00afeb50 mode 2
Event: 33.172 Thread 0x000001b41a2f9ca0 Uncommon trap: trap_request=0xffffff45 fr.pc=0x000001b3c947b848 relative=0x0000000000000468
Event: 33.172 Thread 0x000001b41a2f9ca0 Uncommon trap: reason=unstable_if action=reinterpret pc=0x000001b3c947b848 method=java.util.regex.Pattern$SliceU.match(Ljava/util/regex/Matcher;ILjava/lang/CharSequence;)Z @ 74 c2
Event: 33.172 Thread 0x000001b41a2f9ca0 DEOPT PACKING pc=0x000001b3c947b848 sp=0x0000004e00afec80
Event: 33.172 Thread 0x000001b41a2f9ca0 DEOPT UNPACKING pc=0x000001b3c8853aa2 sp=0x0000004e00afec08 mode 2
Event: 33.574 Thread 0x000001b41a2f9ca0 Uncommon trap: trap_request=0xffffffde fr.pc=0x000001b3c8fd171c relative=0x000000000000029c
Event: 33.574 Thread 0x000001b41a2f9ca0 Uncommon trap: reason=class_check action=maybe_recompile pc=0x000001b3c8fd171c method=sun.nio.cs.StreamDecoder.read([CII)I @ 8 c2
Event: 33.574 Thread 0x000001b41a2f9ca0 DEOPT PACKING pc=0x000001b3c8fd171c sp=0x0000004e00afe9f0
Event: 33.574 Thread 0x000001b41a2f9ca0 DEOPT UNPACKING pc=0x000001b3c8853aa2 sp=0x0000004e00afe988 mode 2

Classes loaded (20 events):
Event: 32.759 Loading class java/util/TreeMap$TreeMapSpliterator done
Event: 32.759 Loading class java/util/TreeMap$ValueSpliterator done
Event: 32.789 Loading class java/util/concurrent/CompletionException
Event: 32.789 Loading class java/util/concurrent/CompletionException done
Event: 32.825 Loading class java/nio/file/FileTreeWalker$1
Event: 32.826 Loading class java/nio/file/FileTreeWalker$1 done
Event: 32.826 Loading class sun/nio/fs/Globs
Event: 32.831 Loading class sun/nio/fs/Globs done
Event: 32.832 Loading class java/util/regex/Pattern$SliceU
Event: 32.832 Loading class java/util/regex/Pattern$SliceU done
Event: 32.832 Loading class sun/nio/fs/WindowsFileSystem$2
Event: 32.832 Loading class java/nio/file/PathMatcher
Event: 32.832 Loading class java/nio/file/PathMatcher done
Event: 32.832 Loading class sun/nio/fs/WindowsFileSystem$2 done
Event: 33.570 Loading class java/nio/file/FileChannelLinesSpliterator
Event: 33.571 Loading class java/nio/file/FileChannelLinesSpliterator done
Event: 33.572 Loading class java/util/stream/Streams$1
Event: 33.572 Loading class java/util/stream/Streams$1 done
Event: 33.574 Loading class java/nio/file/FileChannelLinesSpliterator$1
Event: 33.574 Loading class java/nio/file/FileChannelLinesSpliterator$1 done

Classes unloaded (17 events):
Event: 15.063 Thread 0x000001b3be19e2e0 Unloading class 0x000001b3d4195000 'java/lang/invoke/LambdaForm$MH+0x000001b3d4195000'
Event: 15.063 Thread 0x000001b3be19e2e0 Unloading class 0x000001b3d4194c00 'java/lang/invoke/LambdaForm$MH+0x000001b3d4194c00'
Event: 15.063 Thread 0x000001b3be19e2e0 Unloading class 0x000001b3d4194800 'java/lang/invoke/LambdaForm$MH+0x000001b3d4194800'
Event: 15.063 Thread 0x000001b3be19e2e0 Unloading class 0x000001b3d4194400 'java/lang/invoke/LambdaForm$MH+0x000001b3d4194400'
Event: 15.063 Thread 0x000001b3be19e2e0 Unloading class 0x000001b3d4194000 'java/lang/invoke/LambdaForm$BMH+0x000001b3d4194000'
Event: 15.063 Thread 0x000001b3be19e2e0 Unloading class 0x000001b3d4193c00 'java/lang/invoke/LambdaForm$DMH+0x000001b3d4193c00'
Event: 15.063 Thread 0x000001b3be19e2e0 Unloading class 0x000001b3d4192c00 'java/lang/invoke/LambdaForm$DMH+0x000001b3d4192c00'
Event: 18.328 Thread 0x000001b3be19e2e0 Unloading class 0x000001b3d42b8400 'java/lang/invoke/LambdaForm$MH+0x000001b3d42b8400'
Event: 18.328 Thread 0x000001b3be19e2e0 Unloading class 0x000001b3d42b7c00 'java/lang/invoke/LambdaForm$MH+0x000001b3d42b7c00'
Event: 18.328 Thread 0x000001b3be19e2e0 Unloading class 0x000001b3d42b7400 'java/lang/invoke/LambdaForm$MH+0x000001b3d42b7400'
Event: 18.328 Thread 0x000001b3be19e2e0 Unloading class 0x000001b3d42b6c00 'java/lang/invoke/LambdaForm$MH+0x000001b3d42b6c00'
Event: 18.328 Thread 0x000001b3be19e2e0 Unloading class 0x000001b3d42b6400 'java/lang/invoke/LambdaForm$DMH+0x000001b3d42b6400'
Event: 18.328 Thread 0x000001b3be19e2e0 Unloading class 0x000001b3d42b2000 'java/lang/invoke/LambdaForm$MH+0x000001b3d42b2000'
Event: 18.328 Thread 0x000001b3be19e2e0 Unloading class 0x000001b3d42b1800 'java/lang/invoke/LambdaForm$MH+0x000001b3d42b1800'
Event: 18.328 Thread 0x000001b3be19e2e0 Unloading class 0x000001b3d42b1000 'java/lang/invoke/LambdaForm$MH+0x000001b3d42b1000'
Event: 18.328 Thread 0x000001b3be19e2e0 Unloading class 0x000001b3d42b0800 'java/lang/invoke/LambdaForm$MH+0x000001b3d42b0800'
Event: 18.328 Thread 0x000001b3be19e2e0 Unloading class 0x000001b3d42b0000 'java/lang/invoke/LambdaForm$MH+0x000001b3d42b0000'

Classes redefined (0 events):
No events

Internal exceptions (20 events):
Event: 33.560 Thread 0x000001b41a2f9ca0 Exception <a 'sun/nio/fs/WindowsException'{0x00000000eae0ab28}> (0x00000000eae0ab28) 
thrown [s\src\hotspot\share\prims\jni.cpp, line 520]
Event: 33.560 Thread 0x000001b41a2f9ca0 Exception <a 'sun/nio/fs/WindowsException'{0x00000000eae0b118}> (0x00000000eae0b118) 
thrown [s\src\hotspot\share\prims\jni.cpp, line 520]
Event: 33.560 Thread 0x000001b41a2f9ca0 Exception <a 'sun/nio/fs/WindowsException'{0x00000000eae0b708}> (0x00000000eae0b708) 
thrown [s\src\hotspot\share\prims\jni.cpp, line 520]
Event: 33.560 Thread 0x000001b41a2f9ca0 Exception <a 'sun/nio/fs/WindowsException'{0x00000000eae0bd10}> (0x00000000eae0bd10) 
thrown [s\src\hotspot\share\prims\jni.cpp, line 520]
Event: 33.560 Thread 0x000001b41a2f9ca0 Exception <a 'sun/nio/fs/WindowsException'{0x00000000eae11bd8}> (0x00000000eae11bd8) 
thrown [s\src\hotspot\share\prims\jni.cpp, line 520]
Event: 33.560 Thread 0x000001b41a2f9ca0 Exception <a 'sun/nio/fs/WindowsException'{0x00000000eae121d0}> (0x00000000eae121d0) 
thrown [s\src\hotspot\share\prims\jni.cpp, line 520]
Event: 33.560 Thread 0x000001b41a2f9ca0 Exception <a 'sun/nio/fs/WindowsException'{0x00000000eae127d0}> (0x00000000eae127d0) 
thrown [s\src\hotspot\share\prims\jni.cpp, line 520]
Event: 33.560 Thread 0x000001b41a2f9ca0 Exception <a 'sun/nio/fs/WindowsException'{0x00000000eae12de0}> (0x00000000eae12de0) 
thrown [s\src\hotspot\share\prims\jni.cpp, line 520]
Event: 33.561 Thread 0x000001b41a2f9ca0 Exception <a 'sun/nio/fs/WindowsException'{0x00000000eae17a68}> (0x00000000eae17a68) 
thrown [s\src\hotspot\share\prims\jni.cpp, line 520]
Event: 33.561 Thread 0x000001b41a2f9ca0 Exception <a 'sun/nio/fs/WindowsException'{0x00000000eae18058}> (0x00000000eae18058) 
thrown [s\src\hotspot\share\prims\jni.cpp, line 520]
Event: 33.561 Thread 0x000001b41a2f9ca0 Exception <a 'sun/nio/fs/WindowsException'{0x00000000eae18648}> (0x00000000eae18648) 
thrown [s\src\hotspot\share\prims\jni.cpp, line 520]
Event: 33.561 Thread 0x000001b41a2f9ca0 Exception <a 'sun/nio/fs/WindowsException'{0x00000000eae18c50}> (0x00000000eae18c50) 
thrown [s\src\hotspot\share\prims\jni.cpp, line 520]
Event: 33.561 Thread 0x000001b41a2f9ca0 Exception <a 'sun/nio/fs/WindowsException'{0x00000000eae1db38}> (0x00000000eae1db38) 
thrown [s\src\hotspot\share\prims\jni.cpp, line 520]
Event: 33.561 Thread 0x000001b41a2f9ca0 Exception <a 'sun/nio/fs/WindowsException'{0x00000000eae1e128}> (0x00000000eae1e128) 
thrown [s\src\hotspot\share\prims\jni.cpp, line 520]
Event: 33.561 Thread 0x000001b41a2f9ca0 Exception <a 'sun/nio/fs/WindowsException'{0x00000000eae1e718}> (0x00000000eae1e718) 
thrown [s\src\hotspot\share\prims\jni.cpp, line 520]
Event: 33.561 Thread 0x000001b41a2f9ca0 Exception <a 'sun/nio/fs/WindowsException'{0x00000000eae1ed20}> (0x00000000eae1ed20) 
thrown [s\src\hotspot\share\prims\jni.cpp, line 520]
Event: 33.562 Thread 0x000001b41a2f9ca0 Exception <a 'sun/nio/fs/WindowsException'{0x00000000eae239b8}> (0x00000000eae239b8) 
thrown [s\src\hotspot\share\prims\jni.cpp, line 520]
Event: 33.562 Thread 0x000001b41a2f9ca0 Exception <a 'sun/nio/fs/WindowsException'{0x00000000eae23fa8}> (0x00000000eae23fa8) 
thrown [s\src\hotspot\share\prims\jni.cpp, line 520]
Event: 33.562 Thread 0x000001b41a2f9ca0 Exception <a 'sun/nio/fs/WindowsException'{0x00000000eae24598}> (0x00000000eae24598) 
thrown [s\src\hotspot\share\prims\jni.cpp, line 520]
Event: 33.562 Thread 0x000001b41a2f9ca0 Exception <a 'sun/nio/fs/WindowsException'{0x00000000eae24ba0}> (0x00000000eae24ba0) 
thrown [s\src\hotspot\share\prims\jni.cpp, line 520]

ZGC Phase Switch (0 events):
No events

VM Operations (20 events):
Event: 33.274 Executing VM operation: ParallelGCFailedAllocation (Allocation Failure)
Event: 33.277 Executing VM operation: ParallelGCFailedAllocation (Allocation Failure) done
Event: 33.304 Executing VM operation: ParallelGCFailedAllocation (Allocation Failure)
Event: 33.306 Executing VM operation: ParallelGCFailedAllocation (Allocation Failure) done
Event: 33.333 Executing VM operation: ParallelGCFailedAllocation (Allocation Failure)
Event: 33.335 Executing VM operation: ParallelGCFailedAllocation (Allocation Failure) done
Event: 33.378 Executing VM operation: ParallelGCFailedAllocation (Allocation Failure)
Event: 33.380 Executing VM operation: ParallelGCFailedAllocation (Allocation Failure) done
Event: 33.417 Executing VM operation: ParallelGCFailedAllocation (Allocation Failure)
Event: 33.419 Executing VM operation: ParallelGCFailedAllocation (Allocation Failure) done
Event: 33.445 Executing VM operation: ParallelGCFailedAllocation (Allocation Failure)
Event: 33.447 Executing VM operation: ParallelGCFailedAllocation (Allocation Failure) done
Event: 33.466 Executing VM operation: ParallelGCFailedAllocation (Allocation Failure)
Event: 33.468 Executing VM operation: ParallelGCFailedAllocation (Allocation Failure) done
Event: 33.580 Executing VM operation: ParallelGCFailedAllocation (Allocation Failure)
Event: 33.582 Executing VM operation: ParallelGCFailedAllocation (Allocation Failure) done
Event: 33.605 Executing VM operation: ParallelGCFailedAllocation (Allocation Failure)
Event: 33.608 Executing VM operation: ParallelGCFailedAllocation (Allocation Failure) done
Event: 33.675 Executing VM operation: ParallelGCFailedAllocation (Allocation Failure)
Event: 33.686 Executing VM operation: ParallelGCFailedAllocation (Allocation Failure) done

Memory protections (0 events):
No events

Nmethod flushes (20 events):
Event: 31.006 Thread 0x000001b3be19e2e0 flushing  nmethod 0x000001b3c1c1b990
Event: 31.006 Thread 0x000001b3be19e2e0 flushing  nmethod 0x000001b3c1c2b690
Event: 31.006 Thread 0x000001b3be19e2e0 flushing osr nmethod 0x000001b3c1c52090
Event: 31.006 Thread 0x000001b3be19e2e0 flushing  nmethod 0x000001b3c1c58210
Event: 31.006 Thread 0x000001b3be19e2e0 flushing  nmethod 0x000001b3c1c5b110
Event: 31.006 Thread 0x000001b3be19e2e0 flushing  nmethod 0x000001b3c1c5ca90
Event: 31.006 Thread 0x000001b3be19e2e0 flushing  nmethod 0x000001b3c1c5e190
Event: 31.006 Thread 0x000001b3be19e2e0 flushing  nmethod 0x000001b3c1c61e90
Event: 31.006 Thread 0x000001b3be19e2e0 flushing  nmethod 0x000001b3c1c62a90
Event: 31.006 Thread 0x000001b3be19e2e0 flushing  nmethod 0x000001b3c1c9e210
Event: 31.006 Thread 0x000001b3be19e2e0 flushing  nmethod 0x000001b3c1ca8e90
Event: 31.006 Thread 0x000001b3be19e2e0 flushing  nmethod 0x000001b3c1caa890
Event: 31.006 Thread 0x000001b3be19e2e0 flushing  nmethod 0x000001b3c1caec10
Event: 31.006 Thread 0x000001b3be19e2e0 flushing  nmethod 0x000001b3c1cb1610
Event: 31.006 Thread 0x000001b3be19e2e0 flushing  nmethod 0x000001b3c1cb3510
Event: 31.006 Thread 0x000001b3be19e2e0 flushing  nmethod 0x000001b3c1cb4490
Event: 31.006 Thread 0x000001b3be19e2e0 flushing  nmethod 0x000001b3c1cb4a90
Event: 31.006 Thread 0x000001b3be19e2e0 flushing  nmethod 0x000001b3c1cb5010
Event: 31.006 Thread 0x000001b3be19e2e0 flushing  nmethod 0x000001b3c1cb5e90
Event: 31.006 Thread 0x000001b3be19e2e0 flushing  nmethod 0x000001b3c1cb8f10

Events (20 events):
Event: 26.633 Thread 0x000001b41c04ed00 Thread added: 0x000001b41c04fa20
Event: 26.636 Thread 0x000001b41c04f390 Thread added: 0x000001b41c0500b0
Event: 26.636 Thread 0x000001b41c04ed00 Thread added: 0x000001b41bc62bb0
Event: 26.637 Thread 0x000001b41c04ed00 Thread added: 0x000001b41bc673e0
Event: 26.638 Thread 0x000001b41c04ed00 Thread added: 0x000001b41bc65310
Event: 26.639 Thread 0x000001b41c04ed00 Thread added: 0x000001b41bc68e20
Event: 26.811 Thread 0x000001b41a2f9ca0 Thread added: 0x000001b41bc66030
Event: 26.811 Thread 0x000001b41a2f9ca0 Thread added: 0x000001b41bc66d50
Event: 26.811 Thread 0x000001b41a2f9ca0 Thread added: 0x000001b41bc68790
Event: 26.811 Thread 0x000001b41a2f9ca0 Thread added: 0x000001b41bc63240
Event: 26.812 Thread 0x000001b41a2f9ca0 Thread added: 0x000001b41bc694b0
Event: 26.812 Thread 0x000001b41a2f9ca0 Thread added: 0x000001b41bc68100
Event: 29.257 Thread 0x000001b41a2f9ca0 Thread added: 0x000001b41bc64c80
Event: 29.483 Thread 0x000001b41a2f9ca0 Thread added: 0x000001b41bc67a70
Event: 29.504 Thread 0x000001b41a2f9ca0 Thread added: 0x000001b41bc62520
Event: 29.540 Thread 0x000001b41a2f9ca0 Thread added: 0x000001b41bc666c0
Event: 29.581 Thread 0x000001b41a2f9ca0 Thread added: 0x000001b41bc659a0
Event: 29.585 Thread 0x000001b41a2f9ca0 Thread added: 0x000001b41bc69b40
Event: 29.616 Thread 0x000001b41a2f9ca0 Thread added: 0x000001b41bc645f0
Event: 33.650 Thread 0x000001b41a2f9ca0 Thread added: 0x000001b41bc63f60


Dynamic libraries:
0x00007ff719590000 - 0x00007ff71959e000 	c:\Users\happy\.vscode\extensions\redhat.java-1.41.1-win32-x64\jre\21.0.6-win32-x86_64\bin\java.exe
0x00007ff9b6d10000 - 0x00007ff9b6f27000 	C:\WINDOWS\SYSTEM32\ntdll.dll
0x00007ff9b5260000 - 0x00007ff9b5324000 	C:\WINDOWS\System32\KERNEL32.DLL
0x00007ff9b4430000 - 0x00007ff9b4803000 	C:\WINDOWS\System32\KERNELBASE.dll
0x00007ff9b4310000 - 0x00007ff9b4421000 	C:\WINDOWS\System32\ucrtbase.dll
0x00007ff99e120000 - 0x00007ff99e138000 	c:\Users\happy\.vscode\extensions\redhat.java-1.41.1-win32-x64\jre\21.0.6-win32-x86_64\bin\jli.dll
0x00007ff9b6b10000 - 0x00007ff9b6cc1000 	C:\WINDOWS\System32\USER32.dll
0x00007ff9b3f90000 - 0x00007ff9b3fb6000 	C:\WINDOWS\System32\win32u.dll
0x00007ff9b5570000 - 0x00007ff9b5599000 	C:\WINDOWS\System32\GDI32.dll
0x00007ff9b3fc0000 - 0x00007ff9b40db000 	C:\WINDOWS\System32\gdi32full.dll
0x00007ff9b4810000 - 0x00007ff9b48aa000 	C:\WINDOWS\System32\msvcp_win.dll
0x00007ff99e050000 - 0x00007ff99e06e000 	c:\Users\happy\.vscode\extensions\redhat.java-1.41.1-win32-x64\jre\21.0.6-win32-x86_64\bin\VCRUNTIME140.dll
0x00007ff99c560000 - 0x00007ff99c7f8000 	C:\WINDOWS\WinSxS\amd64_microsoft.windows.common-controls_6595b64144ccf1df_6.0.22621.5124_none_270e8f4f7386d69d\COMCTL32.dll
0x00007ff9b65c0000 - 0x00007ff9b6667000 	C:\WINDOWS\System32\msvcrt.dll
0x00007ff9b6ad0000 - 0x00007ff9b6b01000 	C:\WINDOWS\System32\IMM32.DLL
0x00007ff9a09f0000 - 0x00007ff9a09fc000 	c:\Users\happy\.vscode\extensions\redhat.java-1.41.1-win32-x64\jre\21.0.6-win32-x86_64\bin\vcruntime140_1.dll
0x00007ff97c4d0000 - 0x00007ff97c55d000 	c:\Users\happy\.vscode\extensions\redhat.java-1.41.1-win32-x64\jre\21.0.6-win32-x86_64\bin\msvcp140.dll
0x00007ff96b340000 - 0x00007ff96c0d0000 	c:\Users\happy\.vscode\extensions\redhat.java-1.41.1-win32-x64\jre\21.0.6-win32-x86_64\bin\server\jvm.dll
0x00007ff9b5ae0000 - 0x00007ff9b5b91000 	C:\WINDOWS\System32\ADVAPI32.dll
0x00007ff9b5c10000 - 0x00007ff9b5cb8000 	C:\WINDOWS\System32\sechost.dll
0x00007ff9b3e20000 - 0x00007ff9b3e48000 	C:\WINDOWS\System32\bcrypt.dll
0x00007ff9b5070000 - 0x00007ff9b5184000 	C:\WINDOWS\System32\RPCRT4.dll
0x00007ff9b5190000 - 0x00007ff9b5201000 	C:\WINDOWS\System32\WS2_32.dll
0x00007ff9b2ca0000 - 0x00007ff9b2ced000 	C:\WINDOWS\SYSTEM32\POWRPROF.dll
0x00007ff9a9330000 - 0x00007ff9a9364000 	C:\WINDOWS\SYSTEM32\WINMM.dll
0x00007ff9a5df0000 - 0x00007ff9a5dfa000 	C:\WINDOWS\SYSTEM32\VERSION.dll
0x00007ff9b2c80000 - 0x00007ff9b2c93000 	C:\WINDOWS\SYSTEM32\UMPDC.dll
0x00007ff9b2f40000 - 0x00007ff9b2f58000 	C:\WINDOWS\SYSTEM32\kernel.appcore.dll
0x00007ff99e530000 - 0x00007ff99e53a000 	c:\Users\happy\.vscode\extensions\redhat.java-1.41.1-win32-x64\jre\21.0.6-win32-x86_64\bin\jimage.dll
0x00007ff9b17c0000 - 0x00007ff9b19f2000 	C:\WINDOWS\SYSTEM32\DBGHELP.DLL
0x00007ff9b4bc0000 - 0x00007ff9b4f52000 	C:\WINDOWS\System32\combase.dll
0x00007ff9b6800000 - 0x00007ff9b68d7000 	C:\WINDOWS\System32\OLEAUT32.dll
0x00007ff9a5db0000 - 0x00007ff9a5de2000 	C:\WINDOWS\SYSTEM32\dbgcore.DLL
0x00007ff9b4930000 - 0x00007ff9b49ab000 	C:\WINDOWS\System32\bcryptPrimitives.dll
0x00007ff9a9a60000 - 0x00007ff9a9a6f000 	c:\Users\happy\.vscode\extensions\redhat.java-1.41.1-win32-x64\jre\21.0.6-win32-x86_64\bin\instrument.dll
0x00007ff99a640000 - 0x00007ff99a65f000 	c:\Users\happy\.vscode\extensions\redhat.java-1.41.1-win32-x64\jre\21.0.6-win32-x86_64\bin\java.dll
0x00007ff9b5cc0000 - 0x00007ff9b6556000 	C:\WINDOWS\System32\SHELL32.dll
0x00007ff9b3e50000 - 0x00007ff9b3f8f000 	C:\WINDOWS\System32\wintypes.dll
0x00007ff9b1d50000 - 0x00007ff9b266a000 	C:\WINDOWS\SYSTEM32\windows.storage.dll
0x00007ff9b6670000 - 0x00007ff9b677a000 	C:\WINDOWS\System32\SHCORE.dll
0x00007ff9b5330000 - 0x00007ff9b5393000 	C:\WINDOWS\System32\shlwapi.dll
0x00007ff9b3d50000 - 0x00007ff9b3d7b000 	C:\WINDOWS\SYSTEM32\profapi.dll
0x00007ff99a600000 - 0x00007ff99a618000 	c:\Users\happy\.vscode\extensions\redhat.java-1.41.1-win32-x64\jre\21.0.6-win32-x86_64\bin\zip.dll
0x00007ff99e110000 - 0x00007ff99e120000 	C:\Users\happy\.vscode\extensions\redhat.java-1.41.1-win32-x64\jre\21.0.6-win32-x86_64\bin\net.dll
0x00007ff9a7b30000 - 0x00007ff9a7c5c000 	C:\WINDOWS\SYSTEM32\WINHTTP.dll
0x00007ff9b33c0000 - 0x00007ff9b342a000 	C:\WINDOWS\system32\mswsock.dll
0x00007ff99a5e0000 - 0x00007ff99a5f6000 	C:\Users\happy\.vscode\extensions\redhat.java-1.41.1-win32-x64\jre\21.0.6-win32-x86_64\bin\nio.dll
0x00007ff9a8990000 - 0x00007ff9a89a0000 	c:\Users\happy\.vscode\extensions\redhat.java-1.41.1-win32-x64\jre\21.0.6-win32-x86_64\bin\verify.dll
0x00007ff9a6d80000 - 0x00007ff9a6dc5000 	C:\Users\happy\AppData\Roaming\Code\User\globalStorage\redhat.java\1.41.1\config_win\org.eclipse.equinox.launcher\org.eclipse.equinox.launcher.win32.win32.x86_64_1.2.1300.v20250331-1702\eclipse_11911.dll
0x00007ff9b53a0000 - 0x00007ff9b5541000 	C:\WINDOWS\System32\ole32.dll
0x00007ff9b3620000 - 0x00007ff9b363b000 	C:\WINDOWS\SYSTEM32\CRYPTSP.dll
0x00007ff9b2ea0000 - 0x00007ff9b2ed7000 	C:\WINDOWS\system32\rsaenh.dll
0x00007ff9b34b0000 - 0x00007ff9b34d8000 	C:\WINDOWS\SYSTEM32\USERENV.dll
0x00007ff9b3610000 - 0x00007ff9b361c000 	C:\WINDOWS\SYSTEM32\CRYPTBASE.dll
0x00007ff9b2940000 - 0x00007ff9b296d000 	C:\WINDOWS\SYSTEM32\IPHLPAPI.DLL
0x00007ff9b55a0000 - 0x00007ff9b55a9000 	C:\WINDOWS\System32\NSI.dll
0x00007ff99a530000 - 0x00007ff99a579000 	C:\Users\happy\AppData\Local\Temp\jna-99047136\jna11862545950100355940.dll
0x00007ff9b6aa0000 - 0x00007ff9b6aa8000 	C:\WINDOWS\System32\PSAPI.DLL
0x00007ff9a7cb0000 - 0x00007ff9a7cc9000 	C:\WINDOWS\SYSTEM32\dhcpcsvc6.DLL
0x00007ff9a7b10000 - 0x00007ff9a7b2f000 	C:\WINDOWS\SYSTEM32\dhcpcsvc.DLL

dbghelp: loaded successfully - version: 4.0.5 - missing functions: none
symbol engine: initialized successfully - sym options: 0x614 - pdb path: .;c:\Users\happy\.vscode\extensions\redhat.java-1.41.1-win32-x64\jre\21.0.6-win32-x86_64\bin;C:\WINDOWS\SYSTEM32;C:\WINDOWS\WinSxS\amd64_microsoft.windows.common-controls_6595b64144ccf1df_6.0.22621.5124_none_270e8f4f7386d69d;c:\Users\happy\.vscode\extensions\redhat.java-1.41.1-win32-x64\jre\21.0.6-win32-x86_64\bin\server;C:\Users\happy\AppData\Roaming\Code\User\globalStorage\redhat.java\1.41.1\config_win\org.eclipse.equinox.launcher\org.eclipse.equinox.launcher.win32.win32.x86_64_1.2.1300.v20250331-1702;C:\Users\happy\AppData\Local\Temp\jna-99047136

VM Arguments:
jvm_args: --add-modules=ALL-SYSTEM --add-opens=java.base/java.util=ALL-UNNAMED --add-opens=java.base/java.lang=ALL-UNNAMED --add-opens=java.base/sun.nio.fs=ALL-UNNAMED -Declipse.application=org.eclipse.jdt.ls.core.id1 -Dosgi.bundles.defaultStartLevel=4 -Declipse.product=org.eclipse.jdt.ls.core.product -Djava.import.generatesMetadataFilesAtProjectRoot=false -DDetectVMInstallationsJob.disabled=true -Dfile.encoding=utf8 -XX:+UseParallelGC -XX:GCTimeRatio=4 -XX:AdaptiveSizePolicyWeight=90 -Dsun.zip.disableMemoryMapping=true -Xmx1G -Xms100m -Xlog:disable -javaagent:c:\Users\happy\.vscode\extensions\redhat.java-1.41.1-win32-x64\lombok\lombok-1.18.36.jar -XX:+HeapDumpOnOutOfMemoryError -XX:HeapDumpPath=c:\Users\happy\AppData\Roaming\Code\User\workspaceStorage\cdf17a752a5f41bfc441ef0550987fd8\redhat.java -Daether.dependencyCollector.impl=bf 
java_command: c:\Users\happy\.vscode\extensions\redhat.java-1.41.1-win32-x64\server\plugins\org.eclipse.equinox.launcher_1.7.0.v20250331-1702.jar -configuration c:\Users\happy\AppData\Roaming\Code\User\globalStorage\redhat.java\1.41.1\config_win -data c:\Users\happy\AppData\Roaming\Code\User\workspaceStorage\cdf17a752a5f41bfc441ef0550987fd8\redhat.java\jdt_ws --pipe=\\.\pipe\lsp-34adda0fbf5732a5370d69a425b2092b-sock
java_class_path (initial): c:\Users\happy\.vscode\extensions\redhat.java-1.41.1-win32-x64\server\plugins\org.eclipse.equinox.launcher_1.7.0.v20250331-1702.jar
Launcher Type: SUN_STANDARD

[Global flags]
    uintx AdaptiveSizePolicyWeight                 = 90                                        {product} {command line}
     intx CICompilerCount                          = 4                                         {product} {ergonomic}
    uintx GCTimeRatio                              = 4                                         {product} {command line}
     bool HeapDumpOnOutOfMemoryError               = true                                   {manageable} {command line}
    ccstr HeapDumpPath                             = c:\Users\happy\AppData\Roaming\Code\User\workspaceStorage\cdf17a752a5f41bfc441ef0550987fd8\redhat.java         {manageable} {command line}
   size_t InitialHeapSize                          = 104857600                                 {product} {command line}
   size_t MaxHeapSize                              = 1073741824                                {product} {command line}
   size_t MaxNewSize                               = 357564416                                 {product} {ergonomic}
   size_t MinHeapDeltaBytes                        = 524288                                    {product} {ergonomic}
   size_t MinHeapSize                              = 104857600                                 {product} {command line}
   size_t NewSize                                  = 34603008                                  {product} {ergonomic}
    uintx NonNMethodCodeHeapSize                   = 5839372                                {pd product} {ergonomic}
    uintx NonProfiledCodeHeapSize                  = 122909434                              {pd product} {ergonomic}
   size_t OldSize                                  = 70254592                                  {product} {ergonomic}
    uintx ProfiledCodeHeapSize                     = 122909434                              {pd product} {ergonomic}
    uintx ReservedCodeCacheSize                    = 251658240                              {pd product} {ergonomic}
     bool SegmentedCodeCache                       = true                                      {product} {ergonomic}
   size_t SoftMaxHeapSize                          = 1073741824                             {manageable} {ergonomic}
     bool UseCompressedOops                        = true                           {product lp64_product} {ergonomic}
     bool UseLargePagesIndividualAllocation        = false                                  {pd product} {ergonomic}
     bool UseParallelGC                            = true                                      {product} {command line}

Logging:
Log output configuration:
 #0: stdout all=off uptime,level,tags foldmultilines=false
 #1: stderr all=off uptime,level,tags foldmultilines=false

Environment Variables:
JAVA_HOME=C:\Program Files\Java\jdk-21
PATH=D:\hyeRyung\Oracle\WINDOWS.X64_193000_db_home\bin;C:\Program Files\Common Files\Oracle\Java\javapath;C:\Program Files (x86)\Intel\iCLS Client\;C:\Program Files\Intel\iCLS Client\;C:\WINDOWS\system32;C:\WINDOWS;C:\WINDOWS\System32\Wbem;C:\WINDOWS\System32\WindowsPowerShell\v1.0\;C:\Program Files\Intel\WiFi\bin\;C:\Program Files\Common Files\Intel\WirelessCommon\;C:\Program Files (x86)\Intel\Intel(R) Management Engine Components\DAL;C:\Program Files\Intel\Intel(R) Management Engine Components\DAL;C:\Program Files (x86)\Intel\Intel(R) Management Engine Components\IPT;C:\Program Files\Intel\Intel(R) Management Engine Components\IPT;C:\WINDOWS\System32\OpenSSH\;";C:\Program Files\Java\jdk-21\bin";C:\Program Files\Git\cmd;C:\Program Files\nodejs\;C:\Gradle\gradle-8.12.1\bin;C:\Users\happy\AppData\Local\Android\Sdk\platform-tools;C:\Users\happy\AppData\Local\Android\Sdk\emulator;C:\Program Files\Eclipse Adoptium\jdk-17.0.14.7-hotspot\bin;C:\Program Files\apache-maven-3.9.9\bin;C:\Program Files (x86)\PuTTY\;C:\Program Files\dotnet\;C:\Users\happy\AppData\Local\Android\Sdk\tools;C:\Users\happy\AppData\Local\Android\Sdk\tools;C:\Program Files\MySQL\MySQL Shell 8.0\bin\;C:\Users\happy\AppData\Local\Programs\Python\Launcher\;C:\Users\happy\AppData\Local\Microsoft\WindowsApps;;C:\Program Files\JetBrains\IntelliJ IDEA 2024.3.2.2\bin;;C:\Program Files\JetBrains\IntelliJ IDEA Community Edition 2024.3.2.2\bin;;C:\Users\happy\AppData\Roaming\npm;C:\Users\happy\AppData\Local\Programs\Microsoft VS Code\bin
USERNAME=happy
OS=Windows_NT
PROCESSOR_IDENTIFIER=Intel64 Family 6 Model 142 Stepping 10, GenuineIntel
TMP=C:\Users\happy\AppData\Local\Temp
TEMP=C:\Users\happy\AppData\Local\Temp




Periodic native trim disabled

---------------  S Y S T E M  ---------------

OS:
 Windows 11 , 64 bit Build 22621 (10.0.22621.5124)
OS uptime: 1 days 0:21 hours

CPU: total 8 (initial active 8) (4 cores per cpu, 2 threads per core) family 6 model 142 stepping 10 microcode 0xe0, cx8, cmov, fxsr, ht, mmx, 3dnowpref, sse, sse2, sse3, ssse3, sse4.1, sse4.2, popcnt, lzcnt, tsc, tscinvbit, avx, avx2, aes, erms, clmul, bmi1, bmi2, adx, fma, vzeroupper, clflush, clflushopt, rdtscp, f16c
Processor Information for the first 8 processors :
  Max Mhz: 1800, Current Mhz: 1600, Mhz Limit: 1584

Memory: 4k page, system-wide physical 8107M (382M free)
TotalPageFile size 23649M (AvailPageFile size 0M)
current process WorkingSet (physical memory assigned to process): 402M, peak: 405M
current process commit charge ("private bytes"): 398M, peak: 408M

vm_info: OpenJDK 64-Bit Server VM (21.0.6+7-LTS) for windows-amd64 JRE (21.0.6+7-LTS), built on 2025-01-21T00:00:00Z by "admin" with MS VC++ 17.7 (VS2022)

END.
